{"/home/noor/ASAC/data-structures-and-algorithms-401/linked-list-insertions/linkedList2.js": {"path":"/home/noor/ASAC/data-structures-and-algorithms-401/linked-list-insertions/linkedList2.js","statementMap":{"0":{"start":{"line":3,"column":13},"end":{"line":3,"column":30}},"1":{"start":{"line":7,"column":8},"end":{"line":7,"column":23}},"2":{"start":{"line":11,"column":22},"end":{"line":11,"column":31}},"3":{"start":{"line":13,"column":8},"end":{"line":21,"column":9}},"4":{"start":{"line":15,"column":10},"end":{"line":18,"column":11}},"5":{"start":{"line":16,"column":12},"end":{"line":16,"column":43}},"6":{"start":{"line":17,"column":12},"end":{"line":17,"column":19}},"7":{"start":{"line":19,"column":10},"end":{"line":19,"column":33}},"8":{"start":{"line":25,"column":23},"end":{"line":25,"column":32}},"9":{"start":{"line":26,"column":22},"end":{"line":26,"column":40}},"10":{"start":{"line":27,"column":8},"end":{"line":38,"column":9}},"11":{"start":{"line":28,"column":10},"end":{"line":36,"column":11}},"12":{"start":{"line":29,"column":12},"end":{"line":29,"column":36}},"13":{"start":{"line":30,"column":12},"end":{"line":30,"column":32}},"14":{"start":{"line":31,"column":17},"end":{"line":36,"column":11}},"15":{"start":{"line":32,"column":27},"end":{"line":32,"column":40}},"16":{"start":{"line":33,"column":12},"end":{"line":33,"column":36}},"17":{"start":{"line":34,"column":12},"end":{"line":34,"column":36}},"18":{"start":{"line":35,"column":12},"end":{"line":35,"column":19}},"19":{"start":{"line":37,"column":10},"end":{"line":37,"column":35}},"20":{"start":{"line":43,"column":23},"end":{"line":43,"column":41}},"21":{"start":{"line":44,"column":8},"end":{"line":55,"column":9}},"22":{"start":{"line":45,"column":22},"end":{"line":45,"column":31}},"23":{"start":{"line":46,"column":10},"end":{"line":54,"column":11}},"24":{"start":{"line":47,"column":12},"end":{"line":52,"column":13}},"25":{"start":{"line":48,"column":27},"end":{"line":48,"column":39}},"26":{"start":{"line":49,"column":14},"end":{"line":49,"column":38}},"27":{"start":{"line":50,"column":14},"end":{"line":50,"column":39}},"28":{"start":{"line":51,"column":14},"end":{"line":51,"column":22}},"29":{"start":{"line":53,"column":12},"end":{"line":53,"column":33}},"30":{"start":{"line":56,"column":8},"end":{"line":56,"column":16}},"31":{"start":{"line":62,"column":4},"end":{"line":62,"column":40}}},"fnMap":{"0":{"name":"(anonymous_0)","decl":{"start":{"line":6,"column":4},"end":{"line":6,"column":5}},"loc":{"start":{"line":6,"column":17},"end":{"line":8,"column":5}},"line":6},"1":{"name":"(anonymous_1)","decl":{"start":{"line":10,"column":4},"end":{"line":10,"column":5}},"loc":{"start":{"line":10,"column":18},"end":{"line":22,"column":7}},"line":10},"2":{"name":"(anonymous_2)","decl":{"start":{"line":24,"column":6},"end":{"line":24,"column":7}},"loc":{"start":{"line":24,"column":36},"end":{"line":40,"column":7}},"line":24},"3":{"name":"(anonymous_3)","decl":{"start":{"line":42,"column":6},"end":{"line":42,"column":7}},"loc":{"start":{"line":42,"column":34},"end":{"line":57,"column":7}},"line":42}},"branchMap":{"0":{"loc":{"start":{"line":15,"column":10},"end":{"line":18,"column":11}},"type":"if","locations":[{"start":{"line":15,"column":10},"end":{"line":18,"column":11}},{"start":{"line":15,"column":10},"end":{"line":18,"column":11}}],"line":15},"1":{"loc":{"start":{"line":28,"column":10},"end":{"line":36,"column":11}},"type":"if","locations":[{"start":{"line":28,"column":10},"end":{"line":36,"column":11}},{"start":{"line":28,"column":10},"end":{"line":36,"column":11}}],"line":28},"2":{"loc":{"start":{"line":31,"column":17},"end":{"line":36,"column":11}},"type":"if","locations":[{"start":{"line":31,"column":17},"end":{"line":36,"column":11}},{"start":{"line":31,"column":17},"end":{"line":36,"column":11}}],"line":31},"3":{"loc":{"start":{"line":44,"column":8},"end":{"line":55,"column":9}},"type":"if","locations":[{"start":{"line":44,"column":8},"end":{"line":55,"column":9}},{"start":{"line":44,"column":8},"end":{"line":55,"column":9}}],"line":44},"4":{"loc":{"start":{"line":47,"column":12},"end":{"line":52,"column":13}},"type":"if","locations":[{"start":{"line":47,"column":12},"end":{"line":52,"column":13}},{"start":{"line":47,"column":12},"end":{"line":52,"column":13}}],"line":47}},"s":{"0":1,"1":2,"2":0,"3":0,"4":0,"5":0,"6":0,"7":0,"8":0,"9":0,"10":0,"11":0,"12":0,"13":0,"14":0,"15":0,"16":0,"17":0,"18":0,"19":0,"20":0,"21":0,"22":0,"23":0,"24":0,"25":0,"26":0,"27":0,"28":0,"29":0,"30":0,"31":1},"f":{"0":2,"1":0,"2":0,"3":0},"b":{"0":[0,0],"1":[0,0],"2":[0,0],"3":[0,0],"4":[0,0]},"_coverageSchema":"1a1c01bbd47fc00a2c39e90264f33305004495a9","hash":"1137025b683a7119c313931e922030ff2d940be0"}
,"/home/noor/ASAC/data-structures-and-algorithms-401/linked-list-insertions/node.js": {"path":"/home/noor/ASAC/data-structures-and-algorithms-401/linked-list-insertions/node.js","statementMap":{"0":{"start":{"line":5,"column":8},"end":{"line":5,"column":27}},"1":{"start":{"line":6,"column":8},"end":{"line":6,"column":25}},"2":{"start":{"line":10,"column":0},"end":{"line":10,"column":22}}},"fnMap":{"0":{"name":"(anonymous_0)","decl":{"start":{"line":4,"column":4},"end":{"line":4,"column":5}},"loc":{"start":{"line":4,"column":23},"end":{"line":7,"column":5}},"line":4}},"branchMap":{},"s":{"0":1,"1":1,"2":2},"f":{"0":1},"b":{},"_coverageSchema":"1a1c01bbd47fc00a2c39e90264f33305004495a9","hash":"d86c3c330a470f98512eac5cdd0950372c93198a"}
}
