<?xml version="1.0" encoding="UTF-8"?>
<coverage generated="1629753513023" clover="3.2.0">
  <project timestamp="1629753513023" name="All files">
    <metrics statements="27" coveredstatements="22" conditionals="4" coveredconditionals="1" methods="13" coveredmethods="10" elements="44" coveredelements="33" complexity="0" loc="27" ncloc="27" packages="1" files="3" classes="3"/>
    <file name="node.js" path="/home/noor/ASAC/data-structures-and-algorithms-401/stack-and-queue/node.js">
      <metrics statements="3" coveredstatements="1" conditionals="0" coveredconditionals="0" methods="1" coveredmethods="0"/>
      <line num="6" count="0" type="stmt"/>
      <line num="7" count="0" type="stmt"/>
      <line num="10" count="2" type="stmt"/>
    </file>
    <file name="queue.js" path="/home/noor/ASAC/data-structures-and-algorithms-401/stack-and-queue/queue.js">
      <metrics statements="10" coveredstatements="10" conditionals="2" coveredconditionals="1" methods="6" coveredmethods="6"/>
      <line num="3" count="1" type="stmt"/>
      <line num="9" count="6" type="stmt"/>
      <line num="10" count="6" type="stmt"/>
      <line num="14" count="10" type="stmt"/>
      <line num="17" count="10" type="stmt"/>
      <line num="20" count="2" type="stmt"/>
      <line num="24" count="1" type="stmt"/>
      <line num="27" count="1" type="cond" truecount="1" falsecount="1"/>
      <line num="28" count="1" type="stmt"/>
      <line num="34" count="1" type="stmt"/>
    </file>
    <file name="stack.js" path="/home/noor/ASAC/data-structures-and-algorithms-401/stack-and-queue/stack.js">
      <metrics statements="14" coveredstatements="11" conditionals="2" coveredconditionals="0" methods="6" coveredmethods="4"/>
      <line num="3" count="1" type="stmt"/>
      <line num="8" count="7" type="stmt"/>
      <line num="9" count="7" type="stmt"/>
      <line num="10" count="7" type="stmt"/>
      <line num="15" count="9" type="stmt"/>
      <line num="16" count="9" type="stmt"/>
      <line num="20" count="4" type="stmt"/>
      <line num="24" count="3" type="stmt"/>
      <line num="25" count="3" type="stmt"/>
      <line num="26" count="3" type="stmt"/>
      <line num="30" count="0" type="stmt"/>
      <line num="33" count="0" type="cond" truecount="0" falsecount="2"/>
      <line num="34" count="0" type="stmt"/>
      <line num="41" count="1" type="stmt"/>
    </file>
  </project>
</coverage>
