{"/home/noor/ASAC/data-structures-and-algorithms-401/linked-list-zip/LinkedList.js": {"path":"/home/noor/ASAC/data-structures-and-algorithms-401/linked-list-zip/LinkedList.js","statementMap":{"0":{"start":{"line":3,"column":13},"end":{"line":3,"column":31}},"1":{"start":{"line":7,"column":4},"end":{"line":7,"column":21}},"2":{"start":{"line":8,"column":4},"end":{"line":8,"column":18}},"3":{"start":{"line":11,"column":17},"end":{"line":11,"column":32}},"4":{"start":{"line":12,"column":4},"end":{"line":22,"column":5}},"5":{"start":{"line":13,"column":6},"end":{"line":13,"column":23}},"6":{"start":{"line":14,"column":6},"end":{"line":14,"column":20}},"7":{"start":{"line":16,"column":24},"end":{"line":16,"column":33}},"8":{"start":{"line":17,"column":6},"end":{"line":19,"column":7}},"9":{"start":{"line":18,"column":8},"end":{"line":18,"column":39}},"10":{"start":{"line":20,"column":6},"end":{"line":20,"column":28}},"11":{"start":{"line":21,"column":6},"end":{"line":21,"column":20}},"12":{"start":{"line":25,"column":22},"end":{"line":25,"column":31}},"13":{"start":{"line":26,"column":15},"end":{"line":26,"column":20}},"14":{"start":{"line":27,"column":4},"end":{"line":33,"column":5}},"15":{"start":{"line":28,"column":6},"end":{"line":28,"column":37}},"16":{"start":{"line":29,"column":6},"end":{"line":32,"column":7}},"17":{"start":{"line":30,"column":8},"end":{"line":30,"column":22}},"18":{"start":{"line":31,"column":8},"end":{"line":31,"column":22}},"19":{"start":{"line":34,"column":4},"end":{"line":34,"column":18}},"20":{"start":{"line":37,"column":18},"end":{"line":37,"column":27}},"21":{"start":{"line":38,"column":16},"end":{"line":38,"column":18}},"22":{"start":{"line":39,"column":4},"end":{"line":45,"column":5}},"23":{"start":{"line":40,"column":6},"end":{"line":40,"column":39}},"24":{"start":{"line":41,"column":6},"end":{"line":41,"column":28}},"25":{"start":{"line":42,"column":6},"end":{"line":44,"column":7}},"26":{"start":{"line":43,"column":8},"end":{"line":43,"column":25}},"27":{"start":{"line":46,"column":4},"end":{"line":46,"column":18}},"28":{"start":{"line":49,"column":15},"end":{"line":49,"column":30}},"29":{"start":{"line":50,"column":4},"end":{"line":50,"column":18}},"30":{"start":{"line":51,"column":4},"end":{"line":59,"column":5}},"31":{"start":{"line":52,"column":6},"end":{"line":52,"column":21}},"32":{"start":{"line":54,"column":24},"end":{"line":54,"column":33}},"33":{"start":{"line":55,"column":6},"end":{"line":57,"column":7}},"34":{"start":{"line":56,"column":8},"end":{"line":56,"column":39}},"35":{"start":{"line":58,"column":6},"end":{"line":58,"column":30}},"36":{"start":{"line":62,"column":15},"end":{"line":62,"column":34}},"37":{"start":{"line":63,"column":21},"end":{"line":63,"column":30}},"38":{"start":{"line":64,"column":4},"end":{"line":73,"column":5}},"39":{"start":{"line":65,"column":6},"end":{"line":71,"column":7}},"40":{"start":{"line":66,"column":22},"end":{"line":66,"column":37}},"41":{"start":{"line":67,"column":8},"end":{"line":67,"column":22}},"42":{"start":{"line":68,"column":8},"end":{"line":68,"column":31}},"43":{"start":{"line":69,"column":8},"end":{"line":69,"column":28}},"44":{"start":{"line":70,"column":8},"end":{"line":70,"column":15}},"45":{"start":{"line":72,"column":6},"end":{"line":72,"column":35}},"46":{"start":{"line":74,"column":4},"end":{"line":74,"column":23}},"47":{"start":{"line":78,"column":15},"end":{"line":78,"column":34}},"48":{"start":{"line":79,"column":21},"end":{"line":79,"column":30}},"49":{"start":{"line":80,"column":4},"end":{"line":89,"column":5}},"50":{"start":{"line":81,"column":6},"end":{"line":87,"column":7}},"51":{"start":{"line":82,"column":22},"end":{"line":82,"column":37}},"52":{"start":{"line":83,"column":8},"end":{"line":83,"column":22}},"53":{"start":{"line":84,"column":8},"end":{"line":84,"column":31}},"54":{"start":{"line":85,"column":8},"end":{"line":85,"column":28}},"55":{"start":{"line":86,"column":8},"end":{"line":86,"column":15}},"56":{"start":{"line":88,"column":6},"end":{"line":88,"column":35}},"57":{"start":{"line":90,"column":4},"end":{"line":90,"column":23}},"58":{"start":{"line":93,"column":21},"end":{"line":93,"column":30}},"59":{"start":{"line":94,"column":19},"end":{"line":94,"column":34}},"60":{"start":{"line":95,"column":14},"end":{"line":95,"column":15}},"61":{"start":{"line":96,"column":4},"end":{"line":102,"column":5}},"62":{"start":{"line":97,"column":6},"end":{"line":99,"column":7}},"63":{"start":{"line":98,"column":8},"end":{"line":98,"column":32}},"64":{"start":{"line":100,"column":6},"end":{"line":100,"column":35}},"65":{"start":{"line":101,"column":6},"end":{"line":101,"column":14}},"66":{"start":{"line":103,"column":4},"end":{"line":103,"column":23}},"67":{"start":{"line":108,"column":0},"end":{"line":108,"column":28}}},"fnMap":{"0":{"name":"(anonymous_0)","decl":{"start":{"line":6,"column":2},"end":{"line":6,"column":3}},"loc":{"start":{"line":6,"column":15},"end":{"line":9,"column":3}},"line":6},"1":{"name":"(anonymous_1)","decl":{"start":{"line":10,"column":2},"end":{"line":10,"column":3}},"loc":{"start":{"line":10,"column":16},"end":{"line":23,"column":3}},"line":10},"2":{"name":"(anonymous_2)","decl":{"start":{"line":24,"column":2},"end":{"line":24,"column":3}},"loc":{"start":{"line":24,"column":17},"end":{"line":35,"column":3}},"line":24},"3":{"name":"(anonymous_3)","decl":{"start":{"line":36,"column":2},"end":{"line":36,"column":3}},"loc":{"start":{"line":36,"column":13},"end":{"line":47,"column":3}},"line":36},"4":{"name":"(anonymous_4)","decl":{"start":{"line":48,"column":2},"end":{"line":48,"column":3}},"loc":{"start":{"line":48,"column":16},"end":{"line":60,"column":3}},"line":48},"5":{"name":"(anonymous_5)","decl":{"start":{"line":61,"column":2},"end":{"line":61,"column":3}},"loc":{"start":{"line":61,"column":30},"end":{"line":75,"column":3}},"line":61},"6":{"name":"(anonymous_6)","decl":{"start":{"line":77,"column":2},"end":{"line":77,"column":3}},"loc":{"start":{"line":77,"column":31},"end":{"line":91,"column":3}},"line":77},"7":{"name":"(anonymous_7)","decl":{"start":{"line":92,"column":2},"end":{"line":92,"column":3}},"loc":{"start":{"line":92,"column":15},"end":{"line":104,"column":3}},"line":92}},"branchMap":{"0":{"loc":{"start":{"line":12,"column":4},"end":{"line":22,"column":5}},"type":"if","locations":[{"start":{"line":12,"column":4},"end":{"line":22,"column":5}},{"start":{"line":12,"column":4},"end":{"line":22,"column":5}}],"line":12},"1":{"loc":{"start":{"line":29,"column":6},"end":{"line":32,"column":7}},"type":"if","locations":[{"start":{"line":29,"column":6},"end":{"line":32,"column":7}},{"start":{"line":29,"column":6},"end":{"line":32,"column":7}}],"line":29},"2":{"loc":{"start":{"line":42,"column":6},"end":{"line":44,"column":7}},"type":"if","locations":[{"start":{"line":42,"column":6},"end":{"line":44,"column":7}},{"start":{"line":42,"column":6},"end":{"line":44,"column":7}}],"line":42},"3":{"loc":{"start":{"line":51,"column":4},"end":{"line":59,"column":5}},"type":"if","locations":[{"start":{"line":51,"column":4},"end":{"line":59,"column":5}},{"start":{"line":51,"column":4},"end":{"line":59,"column":5}}],"line":51},"4":{"loc":{"start":{"line":65,"column":6},"end":{"line":71,"column":7}},"type":"if","locations":[{"start":{"line":65,"column":6},"end":{"line":71,"column":7}},{"start":{"line":65,"column":6},"end":{"line":71,"column":7}}],"line":65},"5":{"loc":{"start":{"line":81,"column":6},"end":{"line":87,"column":7}},"type":"if","locations":[{"start":{"line":81,"column":6},"end":{"line":87,"column":7}},{"start":{"line":81,"column":6},"end":{"line":87,"column":7}}],"line":81},"6":{"loc":{"start":{"line":97,"column":6},"end":{"line":99,"column":7}},"type":"if","locations":[{"start":{"line":97,"column":6},"end":{"line":99,"column":7}},{"start":{"line":97,"column":6},"end":{"line":99,"column":7}}],"line":97}},"s":{"0":1,"1":11,"2":11,"3":30,"4":30,"5":9,"6":9,"7":21,"8":21,"9":23,"10":21,"11":21,"12":0,"13":0,"14":0,"15":0,"16":0,"17":0,"18":0,"19":0,"20":6,"21":6,"22":6,"23":30,"24":30,"25":30,"26":6,"27":6,"28":2,"29":2,"30":2,"31":0,"32":2,"33":2,"34":5,"35":2,"36":5,"37":5,"38":5,"39":9,"40":5,"41":5,"42":5,"43":5,"44":5,"45":4,"46":0,"47":0,"48":0,"49":0,"50":0,"51":0,"52":0,"53":0,"54":0,"55":0,"56":0,"57":0,"58":0,"59":0,"60":0,"61":0,"62":0,"63":0,"64":0,"65":0,"66":0,"67":1},"f":{"0":11,"1":30,"2":0,"3":6,"4":2,"5":5,"6":0,"7":0},"b":{"0":[9,21],"1":[0,0],"2":[6,24],"3":[0,2],"4":[5,4],"5":[0,0],"6":[0,0]},"_coverageSchema":"1a1c01bbd47fc00a2c39e90264f33305004495a9","hash":"5ce35967149dbc93f294ba1d93805734ca8f2259"}
,"/home/noor/ASAC/data-structures-and-algorithms-401/linked-list-zip/Node.js": {"path":"/home/noor/ASAC/data-structures-and-algorithms-401/linked-list-zip/Node.js","statementMap":{"0":{"start":{"line":5,"column":8},"end":{"line":5,"column":27}},"1":{"start":{"line":6,"column":8},"end":{"line":6,"column":25}},"2":{"start":{"line":10,"column":0},"end":{"line":10,"column":22}}},"fnMap":{"0":{"name":"(anonymous_0)","decl":{"start":{"line":4,"column":4},"end":{"line":4,"column":5}},"loc":{"start":{"line":4,"column":23},"end":{"line":7,"column":5}},"line":4}},"branchMap":{},"s":{"0":37,"1":37,"2":1},"f":{"0":37},"b":{},"_coverageSchema":"1a1c01bbd47fc00a2c39e90264f33305004495a9","hash":"636fa26e312a1efa05ce99585cfe3cd0fd5e6b2a"}
,"/home/noor/ASAC/data-structures-and-algorithms-401/linked-list-zip/linked-zip.js": {"path":"/home/noor/ASAC/data-structures-and-algorithms-401/linked-list-zip/linked-zip.js","statementMap":{"0":{"start":{"line":3,"column":19},"end":{"line":3,"column":42}},"1":{"start":{"line":5,"column":20},"end":{"line":30,"column":1}},"2":{"start":{"line":7,"column":2},"end":{"line":9,"column":3}},"3":{"start":{"line":8,"column":4},"end":{"line":8,"column":23}},"4":{"start":{"line":10,"column":13},"end":{"line":10,"column":27}},"5":{"start":{"line":11,"column":13},"end":{"line":11,"column":25}},"6":{"start":{"line":13,"column":17},"end":{"line":13,"column":33}},"7":{"start":{"line":14,"column":17},"end":{"line":14,"column":31}},"8":{"start":{"line":16,"column":2},"end":{"line":21,"column":3}},"9":{"start":{"line":17,"column":4},"end":{"line":17,"column":49}},"10":{"start":{"line":19,"column":4},"end":{"line":19,"column":26}},"11":{"start":{"line":20,"column":4},"end":{"line":20,"column":21}},"12":{"start":{"line":22,"column":2},"end":{"line":28,"column":3}},"13":{"start":{"line":23,"column":4},"end":{"line":23,"column":34}},"14":{"start":{"line":24,"column":9},"end":{"line":28,"column":3}},"15":{"start":{"line":25,"column":4},"end":{"line":25,"column":33}},"16":{"start":{"line":26,"column":9},"end":{"line":28,"column":3}},"17":{"start":{"line":27,"column":4},"end":{"line":27,"column":50}},"18":{"start":{"line":29,"column":2},"end":{"line":29,"column":19}},"19":{"start":{"line":32,"column":0},"end":{"line":32,"column":31}}},"fnMap":{"0":{"name":"(anonymous_0)","decl":{"start":{"line":5,"column":20},"end":{"line":5,"column":21}},"loc":{"start":{"line":5,"column":43},"end":{"line":30,"column":1}},"line":5}},"branchMap":{"0":{"loc":{"start":{"line":7,"column":2},"end":{"line":9,"column":3}},"type":"if","locations":[{"start":{"line":7,"column":2},"end":{"line":9,"column":3}},{"start":{"line":7,"column":2},"end":{"line":9,"column":3}}],"line":7},"1":{"loc":{"start":{"line":7,"column":6},"end":{"line":7,"column":52}},"type":"binary-expr","locations":[{"start":{"line":7,"column":6},"end":{"line":7,"column":28}},{"start":{"line":7,"column":32},"end":{"line":7,"column":52}}],"line":7},"2":{"loc":{"start":{"line":16,"column":9},"end":{"line":16,"column":26}},"type":"binary-expr","locations":[{"start":{"line":16,"column":9},"end":{"line":16,"column":13}},{"start":{"line":16,"column":17},"end":{"line":16,"column":26}}],"line":16},"3":{"loc":{"start":{"line":22,"column":2},"end":{"line":28,"column":3}},"type":"if","locations":[{"start":{"line":22,"column":2},"end":{"line":28,"column":3}},{"start":{"line":22,"column":2},"end":{"line":28,"column":3}}],"line":22},"4":{"loc":{"start":{"line":24,"column":9},"end":{"line":28,"column":3}},"type":"if","locations":[{"start":{"line":24,"column":9},"end":{"line":28,"column":3}},{"start":{"line":24,"column":9},"end":{"line":28,"column":3}}],"line":24},"5":{"loc":{"start":{"line":26,"column":9},"end":{"line":28,"column":3}},"type":"if","locations":[{"start":{"line":26,"column":9},"end":{"line":28,"column":3}},{"start":{"line":26,"column":9},"end":{"line":28,"column":3}}],"line":26}},"s":{"0":1,"1":1,"2":4,"3":1,"4":3,"5":3,"6":3,"7":3,"8":3,"9":4,"10":4,"11":4,"12":3,"13":1,"14":2,"15":1,"16":1,"17":1,"18":3,"19":1},"f":{"0":4},"b":{"0":[1,3],"1":[4,3],"2":[7,6],"3":[1,2],"4":[1,1],"5":[1,0]},"_coverageSchema":"1a1c01bbd47fc00a2c39e90264f33305004495a9","hash":"ac1663a011b70861fb31dda9e08cfed4eb46f531"}
}
