TN:
SF:LinkedList.js
FN:6,(anonymous_0)
FN:10,(anonymous_1)
FN:24,(anonymous_2)
FN:36,(anonymous_3)
FN:48,(anonymous_4)
FN:61,(anonymous_5)
FN:77,(anonymous_6)
FN:92,(anonymous_7)
FNF:8
FNH:5
FNDA:11,(anonymous_0)
FNDA:30,(anonymous_1)
FNDA:0,(anonymous_2)
FNDA:6,(anonymous_3)
FNDA:2,(anonymous_4)
FNDA:5,(anonymous_5)
FNDA:0,(anonymous_6)
FNDA:0,(anonymous_7)
DA:3,1
DA:7,11
DA:8,11
DA:11,30
DA:12,30
DA:13,9
DA:14,9
DA:16,21
DA:17,21
DA:18,23
DA:20,21
DA:21,21
DA:25,0
DA:26,0
DA:27,0
DA:28,0
DA:29,0
DA:30,0
DA:31,0
DA:34,0
DA:37,6
DA:38,6
DA:39,6
DA:40,30
DA:41,30
DA:42,30
DA:43,6
DA:46,6
DA:49,2
DA:50,2
DA:51,2
DA:52,0
DA:54,2
DA:55,2
DA:56,5
DA:58,2
DA:62,5
DA:63,5
DA:64,5
DA:65,9
DA:66,5
DA:67,5
DA:68,5
DA:69,5
DA:70,5
DA:72,4
DA:74,0
DA:78,0
DA:79,0
DA:80,0
DA:81,0
DA:82,0
DA:83,0
DA:84,0
DA:85,0
DA:86,0
DA:88,0
DA:90,0
DA:93,0
DA:94,0
DA:95,0
DA:96,0
DA:97,0
DA:98,0
DA:100,0
DA:101,0
DA:103,0
DA:108,1
LF:68
LH:38
BRDA:12,0,0,9
BRDA:12,0,1,21
BRDA:29,1,0,0
BRDA:29,1,1,0
BRDA:42,2,0,6
BRDA:42,2,1,24
BRDA:51,3,0,0
BRDA:51,3,1,2
BRDA:65,4,0,5
BRDA:65,4,1,4
BRDA:81,5,0,0
BRDA:81,5,1,0
BRDA:97,6,0,0
BRDA:97,6,1,0
BRF:14
BRH:7
end_of_record
TN:
SF:Node.js
FN:4,(anonymous_0)
FNF:1
FNH:1
FNDA:37,(anonymous_0)
DA:5,37
DA:6,37
DA:10,1
LF:3
LH:3
BRF:0
BRH:0
end_of_record
TN:
SF:linked-zip.js
FN:5,(anonymous_0)
FNF:1
FNH:1
FNDA:4,(anonymous_0)
DA:3,1
DA:5,1
DA:7,4
DA:8,1
DA:10,3
DA:11,3
DA:13,3
DA:14,3
DA:16,3
DA:17,4
DA:19,4
DA:20,4
DA:22,3
DA:23,1
DA:24,2
DA:25,1
DA:26,1
DA:27,1
DA:29,3
DA:32,1
LF:20
LH:20
BRDA:7,0,0,1
BRDA:7,0,1,3
BRDA:7,1,0,4
BRDA:7,1,1,3
BRDA:16,2,0,7
BRDA:16,2,1,6
BRDA:22,3,0,1
BRDA:22,3,1,2
BRDA:24,4,0,1
BRDA:24,4,1,1
BRDA:26,5,0,1
BRDA:26,5,1,0
BRF:12
BRH:11
end_of_record
