<?xml version="1.0" encoding="UTF-8"?>
<coverage generated="1628966052358" clover="3.2.0">
  <project timestamp="1628966052358" name="All files">
    <metrics statements="36" coveredstatements="30" conditionals="2" coveredconditionals="1" methods="5" coveredmethods="5" elements="43" coveredelements="36" complexity="0" loc="36" ncloc="36" packages="1" files="2" classes="2"/>
    <file name="linked-list.js" path="/home/noor/ASAC/data-structures-and-algorithms-401/linked-list/linked-list.js">
      <metrics statements="33" coveredstatements="27" conditionals="2" coveredconditionals="1" methods="4" coveredmethods="4"/>
      <line num="3" count="1" type="stmt"/>
      <line num="8" count="6" type="stmt"/>
      <line num="13" count="15" type="stmt"/>
      <line num="14" count="15" type="stmt"/>
      <line num="17" count="0" type="stmt"/>
      <line num="39" count="4" type="stmt"/>
      <line num="40" count="4" type="stmt"/>
      <line num="41" count="4" type="stmt"/>
      <line num="42" count="4" type="stmt"/>
      <line num="43" count="4" type="cond" truecount="1" falsecount="1"/>
      <line num="44" count="0" type="stmt"/>
      <line num="45" count="0" type="stmt"/>
      <line num="46" count="0" type="stmt"/>
      <line num="48" count="4" type="stmt"/>
      <line num="50" count="4" type="stmt"/>
      <line num="51" count="4" type="stmt"/>
      <line num="55" count="0" type="stmt"/>
      <line num="61" count="2" type="stmt"/>
      <line num="62" count="2" type="stmt"/>
      <line num="63" count="2" type="stmt"/>
      <line num="64" count="2" type="stmt"/>
      <line num="65" count="2" type="stmt"/>
      <line num="66" count="2" type="stmt"/>
      <line num="67" count="2" type="stmt"/>
      <line num="68" count="2" type="stmt"/>
      <line num="69" count="2" type="stmt"/>
      <line num="72" count="2" type="stmt"/>
      <line num="73" count="2" type="stmt"/>
      <line num="74" count="2" type="stmt"/>
      <line num="75" count="2" type="stmt"/>
      <line num="76" count="2" type="stmt"/>
      <line num="80" count="0" type="stmt"/>
      <line num="86" count="1" type="stmt"/>
    </file>
    <file name="node.js" path="/home/noor/ASAC/data-structures-and-algorithms-401/linked-list/node.js">
      <metrics statements="3" coveredstatements="3" conditionals="0" coveredconditionals="0" methods="1" coveredmethods="1"/>
      <line num="5" count="16" type="stmt"/>
      <line num="6" count="16" type="stmt"/>
      <line num="10" count="2" type="stmt"/>
    </file>
  </project>
</coverage>
