{"/home/noor/ASAC/data-structures-and-algorithms-401/linked-list/linked-list.js": {"path":"/home/noor/ASAC/data-structures-and-algorithms-401/linked-list/linked-list.js","statementMap":{"0":{"start":{"line":3,"column":13},"end":{"line":3,"column":30}},"1":{"start":{"line":8,"column":8},"end":{"line":8,"column":25}},"2":{"start":{"line":13,"column":8},"end":{"line":18,"column":9}},"3":{"start":{"line":14,"column":10},"end":{"line":14,"column":39}},"4":{"start":{"line":17,"column":10},"end":{"line":17,"column":41}},"5":{"start":{"line":39,"column":8},"end":{"line":56,"column":9}},"6":{"start":{"line":40,"column":27},"end":{"line":40,"column":32}},"7":{"start":{"line":41,"column":24},"end":{"line":41,"column":33}},"8":{"start":{"line":42,"column":10},"end":{"line":49,"column":11}},"9":{"start":{"line":43,"column":12},"end":{"line":47,"column":13}},"10":{"start":{"line":44,"column":14},"end":{"line":44,"column":32}},"11":{"start":{"line":45,"column":14},"end":{"line":45,"column":59}},"12":{"start":{"line":46,"column":14},"end":{"line":46,"column":32}},"13":{"start":{"line":48,"column":12},"end":{"line":48,"column":35}},"14":{"start":{"line":50,"column":10},"end":{"line":50,"column":55}},"15":{"start":{"line":51,"column":10},"end":{"line":51,"column":29}},"16":{"start":{"line":55,"column":10},"end":{"line":55,"column":40}},"17":{"start":{"line":61,"column":12},"end":{"line":81,"column":13}},"18":{"start":{"line":62,"column":27},"end":{"line":62,"column":29}},"19":{"start":{"line":63,"column":25},"end":{"line":63,"column":34}},"20":{"start":{"line":64,"column":14},"end":{"line":70,"column":15}},"21":{"start":{"line":65,"column":16},"end":{"line":65,"column":35}},"22":{"start":{"line":66,"column":16},"end":{"line":66,"column":40}},"23":{"start":{"line":67,"column":16},"end":{"line":67,"column":34}},"24":{"start":{"line":68,"column":16},"end":{"line":68,"column":36}},"25":{"start":{"line":69,"column":16},"end":{"line":69,"column":32}},"26":{"start":{"line":72,"column":14},"end":{"line":72,"column":34}},"27":{"start":{"line":73,"column":14},"end":{"line":73,"column":35}},"28":{"start":{"line":74,"column":28},"end":{"line":74,"column":43}},"29":{"start":{"line":75,"column":14},"end":{"line":75,"column":36}},"30":{"start":{"line":76,"column":14},"end":{"line":76,"column":30}},"31":{"start":{"line":80,"column":14},"end":{"line":80,"column":44}},"32":{"start":{"line":86,"column":0},"end":{"line":86,"column":27}}},"fnMap":{"0":{"name":"(anonymous_0)","decl":{"start":{"line":7,"column":4},"end":{"line":7,"column":5}},"loc":{"start":{"line":7,"column":18},"end":{"line":9,"column":5}},"line":7},"1":{"name":"(anonymous_1)","decl":{"start":{"line":12,"column":4},"end":{"line":12,"column":5}},"loc":{"start":{"line":12,"column":17},"end":{"line":19,"column":7}},"line":12},"2":{"name":"(anonymous_2)","decl":{"start":{"line":38,"column":4},"end":{"line":38,"column":5}},"loc":{"start":{"line":38,"column":18},"end":{"line":57,"column":5}},"line":38},"3":{"name":"(anonymous_3)","decl":{"start":{"line":59,"column":8},"end":{"line":59,"column":9}},"loc":{"start":{"line":59,"column":18},"end":{"line":82,"column":11}},"line":59}},"branchMap":{"0":{"loc":{"start":{"line":43,"column":12},"end":{"line":47,"column":13}},"type":"if","locations":[{"start":{"line":43,"column":12},"end":{"line":47,"column":13}},{"start":{"line":43,"column":12},"end":{"line":47,"column":13}}],"line":43}},"s":{"0":1,"1":6,"2":15,"3":15,"4":0,"5":4,"6":4,"7":4,"8":4,"9":4,"10":0,"11":0,"12":0,"13":4,"14":4,"15":4,"16":0,"17":2,"18":2,"19":2,"20":2,"21":2,"22":2,"23":2,"24":2,"25":2,"26":2,"27":2,"28":2,"29":2,"30":2,"31":0,"32":1},"f":{"0":6,"1":15,"2":4,"3":2},"b":{"0":[0,4]},"_coverageSchema":"1a1c01bbd47fc00a2c39e90264f33305004495a9","hash":"c8080bac134ca3469c2d389b16bd8eb6a418a4ff"}
,"/home/noor/ASAC/data-structures-and-algorithms-401/linked-list/node.js": {"path":"/home/noor/ASAC/data-structures-and-algorithms-401/linked-list/node.js","statementMap":{"0":{"start":{"line":5,"column":8},"end":{"line":5,"column":27}},"1":{"start":{"line":6,"column":8},"end":{"line":6,"column":25}},"2":{"start":{"line":10,"column":0},"end":{"line":10,"column":22}}},"fnMap":{"0":{"name":"(anonymous_0)","decl":{"start":{"line":4,"column":4},"end":{"line":4,"column":5}},"loc":{"start":{"line":4,"column":23},"end":{"line":7,"column":5}},"line":4}},"branchMap":{},"s":{"0":16,"1":16,"2":2},"f":{"0":16},"b":{},"_coverageSchema":"1a1c01bbd47fc00a2c39e90264f33305004495a9","hash":"1ba4ed0ae46aa5fda99ba0825d01bb8100f1e48a"}
}
