TN:
SF:linked-list.js
FN:7,(anonymous_0)
FN:12,(anonymous_1)
FN:38,(anonymous_2)
FN:59,(anonymous_3)
FNF:4
FNH:4
FNDA:6,(anonymous_0)
FNDA:15,(anonymous_1)
FNDA:4,(anonymous_2)
FNDA:2,(anonymous_3)
DA:3,1
DA:8,6
DA:13,15
DA:14,15
DA:17,0
DA:39,4
DA:40,4
DA:41,4
DA:42,4
DA:43,4
DA:44,0
DA:45,0
DA:46,0
DA:48,4
DA:50,4
DA:51,4
DA:55,0
DA:61,2
DA:62,2
DA:63,2
DA:64,2
DA:65,2
DA:66,2
DA:67,2
DA:68,2
DA:69,2
DA:72,2
DA:73,2
DA:74,2
DA:75,2
DA:76,2
DA:80,0
DA:86,1
LF:33
LH:27
BRDA:43,0,0,0
BRDA:43,0,1,4
BRF:2
BRH:1
end_of_record
TN:
SF:node.js
FN:4,(anonymous_0)
FNF:1
FNH:1
FNDA:16,(anonymous_0)
DA:5,16
DA:6,16
DA:10,2
LF:3
LH:3
BRF:0
BRH:0
end_of_record
