<?xml version="1.0" encoding="UTF-8"?>
<coverage generated="1632057075678" clover="3.2.0">
  <project timestamp="1632057075678" name="All files">
    <metrics statements="10" coveredstatements="10" conditionals="2" coveredconditionals="2" methods="1" coveredmethods="1" elements="13" coveredelements="13" complexity="0" loc="10" ncloc="10" packages="1" files="1" classes="1"/>
    <file name="hashword.js" path="/home/noor/ASAC/data-structures-and-algorithms-401/hashmap-repeated-word/hashword.js">
      <metrics statements="10" coveredstatements="10" conditionals="2" coveredconditionals="2" methods="1" coveredmethods="1"/>
      <line num="8" count="4" type="stmt"/>
      <line num="10" count="4" type="stmt"/>
      <line num="12" count="4" type="stmt"/>
      <line num="14" count="23" type="stmt"/>
      <line num="16" count="23" type="stmt"/>
      <line num="18" count="23" type="cond" truecount="2" falsecount="0"/>
      <line num="20" count="3" type="stmt"/>
      <line num="24" count="20" type="stmt"/>
      <line num="27" count="1" type="stmt"/>
      <line num="30" count="1" type="stmt"/>
    </file>
  </project>
</coverage>
