{"/home/noor/ASAC/data-structures-and-algorithms-401/hashmap-repeated-word/hashword.js": {"path":"/home/noor/ASAC/data-structures-and-algorithms-401/hashmap-repeated-word/hashword.js","statementMap":{"0":{"start":{"line":8,"column":26},"end":{"line":8,"column":51}},"1":{"start":{"line":10,"column":16},"end":{"line":10,"column":18}},"2":{"start":{"line":12,"column":4},"end":{"line":25,"column":5}},"3":{"start":{"line":12,"column":15},"end":{"line":12,"column":16}},"4":{"start":{"line":14,"column":23},"end":{"line":14,"column":53}},"5":{"start":{"line":16,"column":22},"end":{"line":16,"column":48}},"6":{"start":{"line":18,"column":6},"end":{"line":22,"column":7}},"7":{"start":{"line":20,"column":8},"end":{"line":20,"column":26}},"8":{"start":{"line":24,"column":6},"end":{"line":24,"column":29}},"9":{"start":{"line":27,"column":4},"end":{"line":27,"column":33}},"10":{"start":{"line":30,"column":2},"end":{"line":30,"column":32}}},"fnMap":{"0":{"name":"repeatedWord","decl":{"start":{"line":6,"column":9},"end":{"line":6,"column":21}},"loc":{"start":{"line":6,"column":34},"end":{"line":28,"column":3}},"line":6}},"branchMap":{"0":{"loc":{"start":{"line":18,"column":6},"end":{"line":22,"column":7}},"type":"if","locations":[{"start":{"line":18,"column":6},"end":{"line":22,"column":7}},{"start":{"line":18,"column":6},"end":{"line":22,"column":7}}],"line":18}},"s":{"0":4,"1":4,"2":4,"3":4,"4":23,"5":23,"6":23,"7":3,"8":20,"9":1,"10":1},"f":{"0":4},"b":{"0":[3,20]},"_coverageSchema":"1a1c01bbd47fc00a2c39e90264f33305004495a9","hash":"e68e1e5e0ceabf179d43abdcf7d96396df037eb9"}
}
