<?xml version="1.0" encoding="UTF-8"?>
<coverage generated="1629656473828" clover="3.2.0">
  <project timestamp="1629656473828" name="All files">
    <metrics statements="22" coveredstatements="9" conditionals="10" coveredconditionals="0" methods="6" coveredmethods="4" elements="38" coveredelements="13" complexity="0" loc="22" ncloc="22" packages="1" files="2" classes="2"/>
    <file name="node.js" path="/home/noor/ASAC/data-structures-and-algorithms-401/stack-queue-pseudo/node.js">
      <metrics statements="3" coveredstatements="1" conditionals="0" coveredconditionals="0" methods="1" coveredmethods="0"/>
      <line num="6" count="0" type="stmt"/>
      <line num="7" count="0" type="stmt"/>
      <line num="10" count="1" type="stmt"/>
    </file>
    <file name="stackqueupsudo.js" path="/home/noor/ASAC/data-structures-and-algorithms-401/stack-queue-pseudo/stackqueupsudo.js">
      <metrics statements="19" coveredstatements="8" conditionals="10" coveredconditionals="0" methods="5" coveredmethods="4"/>
      <line num="3" count="1" type="stmt"/>
      <line num="4" count="1" type="stmt"/>
      <line num="8" count="6" type="stmt"/>
      <line num="9" count="6" type="stmt"/>
      <line num="13" count="2" type="stmt"/>
      <line num="18" count="1" type="cond" truecount="0" falsecount="2"/>
      <line num="19" count="0" type="stmt"/>
      <line num="21" count="0" type="cond" truecount="0" falsecount="2"/>
      <line num="22" count="0" type="stmt"/>
      <line num="23" count="0" type="stmt"/>
      <line num="27" count="0" type="stmt"/>
      <line num="31" count="1" type="cond" truecount="0" falsecount="2"/>
      <line num="32" count="0" type="stmt"/>
      <line num="35" count="0" type="cond" truecount="0" falsecount="2"/>
      <line num="36" count="0" type="stmt"/>
      <line num="37" count="0" type="stmt"/>
      <line num="41" count="0" type="stmt"/>
      <line num="45" count="0" type="cond" truecount="0" falsecount="2"/>
      <line num="51" count="1" type="stmt"/>
    </file>
  </project>
</coverage>
