TN:
SF:node.js
FN:5,(anonymous_0)
FNF:1
FNH:0
FNDA:0,(anonymous_0)
DA:6,0
DA:7,0
DA:10,1
LF:3
LH:1
BRF:0
BRH:0
end_of_record
TN:
SF:stackqueupsudo.js
FN:7,(anonymous_0)
FN:12,(anonymous_1)
FN:16,(anonymous_2)
FN:30,(anonymous_3)
FN:44,(anonymous_4)
FNF:5
FNH:4
FNDA:5,(anonymous_0)
FNDA:2,(anonymous_1)
FNDA:1,(anonymous_2)
FNDA:1,(anonymous_3)
FNDA:0,(anonymous_4)
DA:3,1
DA:4,1
DA:8,5
DA:9,5
DA:13,2
DA:18,1
DA:19,0
DA:21,0
DA:22,0
DA:23,0
DA:27,0
DA:31,1
DA:32,0
DA:35,0
DA:36,0
DA:37,0
DA:41,0
DA:45,0
DA:51,1
LF:19
LH:8
BRDA:18,0,0,0
BRDA:18,0,1,0
BRDA:21,1,0,0
BRDA:21,1,1,0
BRDA:31,2,0,0
BRDA:31,2,1,0
BRDA:35,3,0,0
BRDA:35,3,1,0
BRDA:45,4,0,0
BRDA:45,4,1,0
BRF:10
BRH:0
end_of_record
