<?xml version="1.0" encoding="UTF-8"?>
<coverage generated="1630525228387" clover="3.2.0">
  <project timestamp="1630525228388" name="All files">
    <metrics statements="18" coveredstatements="15" conditionals="11" coveredconditionals="9" methods="3" coveredmethods="2" elements="32" coveredelements="26" complexity="0" loc="18" ncloc="18" packages="1" files="1" classes="1"/>
    <file name="sumtree.js" path="/home/noor/ASAC/data-structures-and-algorithms-401/SumBinryTreeOdds/sumtree.js">
      <metrics statements="18" coveredstatements="15" conditionals="11" coveredconditionals="9" methods="3" coveredmethods="2"/>
      <line num="6" count="0" type="stmt"/>
      <line num="7" count="0" type="stmt"/>
      <line num="8" count="0" type="stmt"/>
      <line num="15" count="2" type="stmt"/>
      <line num="19" count="2" type="stmt"/>
      <line num="20" count="2" type="stmt"/>
      <line num="21" count="2" type="cond" truecount="2" falsecount="0"/>
      <line num="22" count="1" type="stmt"/>
      <line num="23" count="9" type="stmt"/>
      <line num="25" count="9" type="cond" truecount="2" falsecount="0"/>
      <line num="26" count="4" type="stmt"/>
      <line num="29" count="9" type="cond" truecount="2" falsecount="0"/>
      <line num="30" count="4" type="stmt"/>
      <line num="31" count="9" type="cond" truecount="2" falsecount="0"/>
      <line num="32" count="4" type="stmt"/>
      <line num="35" count="1" type="stmt"/>
      <line num="38" count="1" type="stmt"/>
      <line num="43" count="1" type="stmt"/>
    </file>
  </project>
</coverage>
