{"/home/noor/ASAC/data-structures-and-algorithms-401/SumBinryTreeOdds/sumtree.js": {"path":"/home/noor/ASAC/data-structures-and-algorithms-401/SumBinryTreeOdds/sumtree.js","statementMap":{"0":{"start":{"line":6,"column":8},"end":{"line":6,"column":27}},"1":{"start":{"line":7,"column":8},"end":{"line":7,"column":24}},"2":{"start":{"line":8,"column":8},"end":{"line":8,"column":27}},"3":{"start":{"line":15,"column":8},"end":{"line":15,"column":25}},"4":{"start":{"line":19,"column":18},"end":{"line":19,"column":19}},"5":{"start":{"line":20,"column":25},"end":{"line":20,"column":31}},"6":{"start":{"line":21,"column":8},"end":{"line":38,"column":35}},"7":{"start":{"line":22,"column":12},"end":{"line":34,"column":13}},"8":{"start":{"line":23,"column":31},"end":{"line":23,"column":47}},"9":{"start":{"line":25,"column":20},"end":{"line":26,"column":40}},"10":{"start":{"line":26,"column":20},"end":{"line":26,"column":40}},"11":{"start":{"line":29,"column":16},"end":{"line":30,"column":48}},"12":{"start":{"line":30,"column":20},"end":{"line":30,"column":48}},"13":{"start":{"line":31,"column":16},"end":{"line":32,"column":49}},"14":{"start":{"line":32,"column":20},"end":{"line":32,"column":49}},"15":{"start":{"line":35,"column":12},"end":{"line":35,"column":22}},"16":{"start":{"line":38,"column":13},"end":{"line":38,"column":35}},"17":{"start":{"line":43,"column":0},"end":{"line":43,"column":27}}},"fnMap":{"0":{"name":"(anonymous_0)","decl":{"start":{"line":5,"column":4},"end":{"line":5,"column":5}},"loc":{"start":{"line":5,"column":48},"end":{"line":9,"column":5}},"line":5},"1":{"name":"(anonymous_1)","decl":{"start":{"line":14,"column":4},"end":{"line":14,"column":5}},"loc":{"start":{"line":14,"column":27},"end":{"line":16,"column":5}},"line":14},"2":{"name":"(anonymous_2)","decl":{"start":{"line":18,"column":4},"end":{"line":18,"column":5}},"loc":{"start":{"line":18,"column":21},"end":{"line":39,"column":5}},"line":18}},"branchMap":{"0":{"loc":{"start":{"line":5,"column":23},"end":{"line":5,"column":34}},"type":"default-arg","locations":[{"start":{"line":5,"column":30},"end":{"line":5,"column":34}}],"line":5},"1":{"loc":{"start":{"line":5,"column":36},"end":{"line":5,"column":46}},"type":"default-arg","locations":[{"start":{"line":5,"column":42},"end":{"line":5,"column":46}}],"line":5},"2":{"loc":{"start":{"line":14,"column":16},"end":{"line":14,"column":25}},"type":"default-arg","locations":[{"start":{"line":14,"column":21},"end":{"line":14,"column":25}}],"line":14},"3":{"loc":{"start":{"line":21,"column":8},"end":{"line":38,"column":35}},"type":"if","locations":[{"start":{"line":21,"column":8},"end":{"line":38,"column":35}},{"start":{"line":21,"column":8},"end":{"line":38,"column":35}}],"line":21},"4":{"loc":{"start":{"line":25,"column":20},"end":{"line":26,"column":40}},"type":"if","locations":[{"start":{"line":25,"column":20},"end":{"line":26,"column":40}},{"start":{"line":25,"column":20},"end":{"line":26,"column":40}}],"line":25},"5":{"loc":{"start":{"line":29,"column":16},"end":{"line":30,"column":48}},"type":"if","locations":[{"start":{"line":29,"column":16},"end":{"line":30,"column":48}},{"start":{"line":29,"column":16},"end":{"line":30,"column":48}}],"line":29},"6":{"loc":{"start":{"line":31,"column":16},"end":{"line":32,"column":49}},"type":"if","locations":[{"start":{"line":31,"column":16},"end":{"line":32,"column":49}},{"start":{"line":31,"column":16},"end":{"line":32,"column":49}}],"line":31}},"s":{"0":0,"1":0,"2":0,"3":2,"4":2,"5":2,"6":2,"7":1,"8":9,"9":9,"10":4,"11":9,"12":4,"13":9,"14":4,"15":1,"16":1,"17":1},"f":{"0":0,"1":2,"2":2},"b":{"0":[0],"1":[0],"2":[2],"3":[1,1],"4":[4,5],"5":[4,5],"6":[4,5]},"_coverageSchema":"1a1c01bbd47fc00a2c39e90264f33305004495a9","hash":"100950dd9cc0527433fdf68debe030cc62a5b683"}
}
