{"/home/noor/ASAC/data-structures-and-algorithms-401/stack-queue-animal-shelter/AnimalShelter.js": {"path":"/home/noor/ASAC/data-structures-and-algorithms-401/stack-queue-animal-shelter/AnimalShelter.js","statementMap":{"0":{"start":{"line":3,"column":12},"end":{"line":3,"column":47}},"1":{"start":{"line":7,"column":8},"end":{"line":7,"column":33}},"2":{"start":{"line":8,"column":8},"end":{"line":8,"column":34}},"3":{"start":{"line":12,"column":8},"end":{"line":19,"column":9}},"4":{"start":{"line":13,"column":12},"end":{"line":13,"column":41}},"5":{"start":{"line":14,"column":14},"end":{"line":19,"column":9}},"6":{"start":{"line":15,"column":12},"end":{"line":15,"column":42}},"7":{"start":{"line":18,"column":12},"end":{"line":18,"column":46}},"8":{"start":{"line":25,"column":8},"end":{"line":49,"column":17}},"9":{"start":{"line":27,"column":12},"end":{"line":33,"column":13}},"10":{"start":{"line":29,"column":16},"end":{"line":29,"column":50}},"11":{"start":{"line":32,"column":16},"end":{"line":32,"column":61}},"12":{"start":{"line":34,"column":18},"end":{"line":49,"column":17}},"13":{"start":{"line":36,"column":16},"end":{"line":44,"column":17}},"14":{"start":{"line":38,"column":20},"end":{"line":38,"column":55}},"15":{"start":{"line":43,"column":20},"end":{"line":43,"column":65}},"16":{"start":{"line":48,"column":20},"end":{"line":48,"column":32}},"17":{"start":{"line":63,"column":0},"end":{"line":63,"column":30}}},"fnMap":{"0":{"name":"(anonymous_0)","decl":{"start":{"line":6,"column":4},"end":{"line":6,"column":5}},"loc":{"start":{"line":6,"column":17},"end":{"line":9,"column":5}},"line":6},"1":{"name":"(anonymous_1)","decl":{"start":{"line":11,"column":4},"end":{"line":11,"column":5}},"loc":{"start":{"line":11,"column":20},"end":{"line":21,"column":5}},"line":11},"2":{"name":"(anonymous_2)","decl":{"start":{"line":23,"column":4},"end":{"line":23,"column":5}},"loc":{"start":{"line":23,"column":17},"end":{"line":52,"column":13}},"line":23}},"branchMap":{"0":{"loc":{"start":{"line":12,"column":8},"end":{"line":19,"column":9}},"type":"if","locations":[{"start":{"line":12,"column":8},"end":{"line":19,"column":9}},{"start":{"line":12,"column":8},"end":{"line":19,"column":9}}],"line":12},"1":{"loc":{"start":{"line":14,"column":14},"end":{"line":19,"column":9}},"type":"if","locations":[{"start":{"line":14,"column":14},"end":{"line":19,"column":9}},{"start":{"line":14,"column":14},"end":{"line":19,"column":9}}],"line":14},"2":{"loc":{"start":{"line":25,"column":8},"end":{"line":49,"column":17}},"type":"if","locations":[{"start":{"line":25,"column":8},"end":{"line":49,"column":17}},{"start":{"line":25,"column":8},"end":{"line":49,"column":17}}],"line":25},"3":{"loc":{"start":{"line":27,"column":12},"end":{"line":33,"column":13}},"type":"if","locations":[{"start":{"line":27,"column":12},"end":{"line":33,"column":13}},{"start":{"line":27,"column":12},"end":{"line":33,"column":13}}],"line":27},"4":{"loc":{"start":{"line":34,"column":18},"end":{"line":49,"column":17}},"type":"if","locations":[{"start":{"line":34,"column":18},"end":{"line":49,"column":17}},{"start":{"line":34,"column":18},"end":{"line":49,"column":17}}],"line":34},"5":{"loc":{"start":{"line":36,"column":16},"end":{"line":44,"column":17}},"type":"if","locations":[{"start":{"line":36,"column":16},"end":{"line":44,"column":17}},{"start":{"line":36,"column":16},"end":{"line":44,"column":17}}],"line":36}},"s":{"0":1,"1":6,"2":6,"3":3,"4":2,"5":1,"6":0,"7":1,"8":4,"9":1,"10":0,"11":1,"12":3,"13":1,"14":0,"15":1,"16":2,"17":1},"f":{"0":6,"1":3,"2":4},"b":{"0":[2,1],"1":[0,1],"2":[1,3],"3":[0,1],"4":[1,2],"5":[0,1]},"_coverageSchema":"1a1c01bbd47fc00a2c39e90264f33305004495a9","hash":"b452c1af80af228683486774148af95098efdc5e"}
}
