TN:
SF:AnimalShelter.js
FN:6,(anonymous_0)
FN:11,(anonymous_1)
FN:23,(anonymous_2)
FNF:3
FNH:3
FNDA:5,(anonymous_0)
FNDA:1,(anonymous_1)
FNDA:4,(anonymous_2)
DA:3,1
DA:7,5
DA:8,5
DA:12,1
DA:13,0
DA:14,1
DA:15,0
DA:18,1
DA:25,4
DA:27,1
DA:29,0
DA:32,1
DA:34,3
DA:36,1
DA:38,0
DA:43,1
DA:48,2
DA:63,1
LF:18
LH:14
BRDA:12,0,0,0
BRDA:12,0,1,1
BRDA:14,1,0,0
BRDA:14,1,1,1
BRDA:25,2,0,1
BRDA:25,2,1,3
BRDA:27,3,0,0
BRDA:27,3,1,1
BRDA:34,4,0,1
BRDA:34,4,1,2
BRDA:36,5,0,0
BRDA:36,5,1,1
BRF:12
BRH:8
end_of_record
