<?xml version="1.0" encoding="UTF-8"?>
<coverage generated="1632828080683" clover="3.2.0">
  <project timestamp="1632828080683" name="All files">
    <metrics statements="24" coveredstatements="20" conditionals="8" coveredconditionals="6" methods="7" coveredmethods="7" elements="39" coveredelements="33" complexity="0" loc="24" ncloc="24" packages="1" files="1" classes="1"/>
    <file name="depth.js" path="/home/noor/ASAC/data-structures-and-algorithms-401/graph-depth-first/depth.js">
      <metrics statements="24" coveredstatements="20" conditionals="8" coveredconditionals="6" methods="7" coveredmethods="7"/>
      <line num="8" count="9" type="stmt"/>
      <line num="9" count="9" type="stmt"/>
      <line num="15" count="1" type="stmt"/>
      <line num="19" count="8" type="stmt"/>
      <line num="24" count="9" type="cond" truecount="3" falsecount="1"/>
      <line num="25" count="0" type="stmt"/>
      <line num="26" count="0" type="stmt"/>
      <line num="28" count="9" type="stmt"/>
      <line num="29" count="9" type="stmt"/>
      <line num="33" count="8" type="cond" truecount="1" falsecount="1"/>
      <line num="34" count="0" type="stmt"/>
      <line num="35" count="0" type="stmt"/>
      <line num="37" count="8" type="stmt"/>
      <line num="45" count="1" type="stmt"/>
      <line num="47" count="1" type="stmt"/>
      <line num="49" count="1" type="stmt"/>
      <line num="51" count="8" type="stmt"/>
      <line num="53" count="8" type="stmt"/>
      <line num="55" count="8" type="stmt"/>
      <line num="57" count="9" type="cond" truecount="2" falsecount="0"/>
      <line num="59" count="7" type="stmt"/>
      <line num="64" count="1" type="stmt"/>
      <line num="66" count="1" type="stmt"/>
      <line num="71" count="1" type="stmt"/>
    </file>
  </project>
</coverage>
