{"/home/noor/ASAC/data-structures-and-algorithms-401/graph-depth-first/depth.js": {"path":"/home/noor/ASAC/data-structures-and-algorithms-401/graph-depth-first/depth.js","statementMap":{"0":{"start":{"line":8,"column":8},"end":{"line":8,"column":29}},"1":{"start":{"line":9,"column":8},"end":{"line":9,"column":29}},"2":{"start":{"line":15,"column":8},"end":{"line":15,"column":39}},"3":{"start":{"line":19,"column":8},"end":{"line":19,"column":43}},"4":{"start":{"line":24,"column":8},"end":{"line":27,"column":9}},"5":{"start":{"line":25,"column":12},"end":{"line":25,"column":49}},"6":{"start":{"line":26,"column":12},"end":{"line":26,"column":19}},"7":{"start":{"line":28,"column":28},"end":{"line":28,"column":57}},"8":{"start":{"line":29,"column":8},"end":{"line":29,"column":48}},"9":{"start":{"line":33,"column":8},"end":{"line":36,"column":9}},"10":{"start":{"line":34,"column":12},"end":{"line":34,"column":49}},"11":{"start":{"line":35,"column":12},"end":{"line":35,"column":19}},"12":{"start":{"line":37,"column":8},"end":{"line":37,"column":46}},"13":{"start":{"line":45,"column":26},"end":{"line":45,"column":35}},"14":{"start":{"line":47,"column":4},"end":{"line":47,"column":30}},"15":{"start":{"line":49,"column":28},"end":{"line":62,"column":5}},"16":{"start":{"line":51,"column":8},"end":{"line":51,"column":35}},"17":{"start":{"line":53,"column":31},"end":{"line":53,"column":60}},"18":{"start":{"line":55,"column":8},"end":{"line":61,"column":9}},"19":{"start":{"line":57,"column":12},"end":{"line":60,"column":13}},"20":{"start":{"line":59,"column":16},"end":{"line":59,"column":63}},"21":{"start":{"line":64,"column":4},"end":{"line":64,"column":43}},"22":{"start":{"line":66,"column":4},"end":{"line":66,"column":37}},"23":{"start":{"line":71,"column":0},"end":{"line":71,"column":38}}},"fnMap":{"0":{"name":"(anonymous_0)","decl":{"start":{"line":7,"column":4},"end":{"line":7,"column":5}},"loc":{"start":{"line":7,"column":32},"end":{"line":10,"column":5}},"line":7},"1":{"name":"(anonymous_1)","decl":{"start":{"line":14,"column":4},"end":{"line":14,"column":5}},"loc":{"start":{"line":14,"column":18},"end":{"line":16,"column":5}},"line":14},"2":{"name":"(anonymous_2)","decl":{"start":{"line":18,"column":4},"end":{"line":18,"column":5}},"loc":{"start":{"line":18,"column":22},"end":{"line":21,"column":5}},"line":18},"3":{"name":"(anonymous_3)","decl":{"start":{"line":22,"column":4},"end":{"line":22,"column":5}},"loc":{"start":{"line":22,"column":32},"end":{"line":30,"column":5}},"line":22},"4":{"name":"(anonymous_4)","decl":{"start":{"line":32,"column":4},"end":{"line":32,"column":5}},"loc":{"start":{"line":32,"column":26},"end":{"line":38,"column":5}},"line":32},"5":{"name":"depthfirst","decl":{"start":{"line":43,"column":9},"end":{"line":43,"column":19}},"loc":{"start":{"line":43,"column":35},"end":{"line":67,"column":1}},"line":43},"6":{"name":"(anonymous_6)","decl":{"start":{"line":49,"column":28},"end":{"line":49,"column":29}},"loc":{"start":{"line":49,"column":56},"end":{"line":62,"column":5}},"line":49}},"branchMap":{"0":{"loc":{"start":{"line":24,"column":8},"end":{"line":27,"column":9}},"type":"if","locations":[{"start":{"line":24,"column":8},"end":{"line":27,"column":9}},{"start":{"line":24,"column":8},"end":{"line":27,"column":9}}],"line":24},"1":{"loc":{"start":{"line":24,"column":12},"end":{"line":24,"column":74}},"type":"binary-expr","locations":[{"start":{"line":24,"column":12},"end":{"line":24,"column":42}},{"start":{"line":24,"column":46},"end":{"line":24,"column":74}}],"line":24},"2":{"loc":{"start":{"line":33,"column":8},"end":{"line":36,"column":9}},"type":"if","locations":[{"start":{"line":33,"column":8},"end":{"line":36,"column":9}},{"start":{"line":33,"column":8},"end":{"line":36,"column":9}}],"line":33},"3":{"loc":{"start":{"line":57,"column":12},"end":{"line":60,"column":13}},"type":"if","locations":[{"start":{"line":57,"column":12},"end":{"line":60,"column":13}},{"start":{"line":57,"column":12},"end":{"line":60,"column":13}}],"line":57}},"s":{"0":9,"1":9,"2":1,"3":8,"4":9,"5":0,"6":0,"7":9,"8":9,"9":8,"10":0,"11":0,"12":8,"13":1,"14":1,"15":1,"16":8,"17":8,"18":8,"19":9,"20":7,"21":1,"22":1,"23":1},"f":{"0":9,"1":1,"2":8,"3":9,"4":8,"5":1,"6":8},"b":{"0":[0,9],"1":[9,9],"2":[0,8],"3":[7,2]},"_coverageSchema":"1a1c01bbd47fc00a2c39e90264f33305004495a9","hash":"bab37564155e11d19c13e6d5d48bbfc0e2c2bb41"}
}
