TN:
SF:depth.js
FN:7,(anonymous_0)
FN:14,(anonymous_1)
FN:18,(anonymous_2)
FN:22,(anonymous_3)
FN:32,(anonymous_4)
FN:43,depthfirst
FN:49,(anonymous_6)
FNF:7
FNH:7
FNDA:9,(anonymous_0)
FNDA:1,(anonymous_1)
FNDA:8,(anonymous_2)
FNDA:9,(anonymous_3)
FNDA:8,(anonymous_4)
FNDA:1,depthfirst
FNDA:8,(anonymous_6)
DA:8,9
DA:9,9
DA:15,1
DA:19,8
DA:24,9
DA:25,0
DA:26,0
DA:28,9
DA:29,9
DA:33,8
DA:34,0
DA:35,0
DA:37,8
DA:45,1
DA:47,1
DA:49,1
DA:51,8
DA:53,8
DA:55,8
DA:57,9
DA:59,7
DA:64,1
DA:66,1
DA:71,1
LF:24
LH:20
BRDA:24,0,0,0
BRDA:24,0,1,9
BRDA:24,1,0,9
BRDA:24,1,1,9
BRDA:33,2,0,0
BRDA:33,2,1,8
BRDA:57,3,0,7
BRDA:57,3,1,2
BRF:8
BRH:6
end_of_record
