<?xml version="1.0" encoding="UTF-8"?>
<coverage generated="1632408772579" clover="3.2.0">
  <project timestamp="1632408772579" name="All files">
    <metrics statements="30" coveredstatements="28" conditionals="8" coveredconditionals="6" methods="6" coveredmethods="6" elements="44" coveredelements="40" complexity="0" loc="30" ncloc="30" packages="1" files="1" classes="1"/>
    <file name="leftjoin.js" path="/home/noor/ASAC/data-structures-and-algorithms-401/hashmapleftjoin/leftjoin.js">
      <metrics statements="30" coveredstatements="28" conditionals="8" coveredconditionals="6" methods="6" coveredmethods="6"/>
      <line num="7" count="2" type="stmt"/>
      <line num="8" count="2" type="stmt"/>
      <line num="14" count="10" type="stmt"/>
      <line num="15" count="55" type="stmt"/>
      <line num="17" count="10" type="stmt"/>
      <line num="18" count="10" type="stmt"/>
      <line num="24" count="10" type="stmt"/>
      <line num="26" count="10" type="cond" truecount="1" falsecount="1"/>
      <line num="27" count="10" type="stmt"/>
      <line num="28" count="10" type="stmt"/>
      <line num="30" count="0" type="stmt"/>
      <line num="31" count="0" type="stmt"/>
      <line num="37" count="5" type="stmt"/>
      <line num="38" count="5" type="stmt"/>
      <line num="39" count="5" type="stmt"/>
      <line num="40" count="5" type="stmt"/>
      <line num="41" count="5" type="stmt"/>
      <line num="42" count="5" type="stmt"/>
      <line num="44" count="5" type="cond" truecount="2" falsecount="0"/>
      <line num="45" count="4" type="stmt"/>
      <line num="46" count="4" type="stmt"/>
      <line num="47" count="4" type="stmt"/>
      <line num="50" count="1" type="stmt"/>
      <line num="52" count="5" type="stmt"/>
      <line num="63" count="1" type="cond" truecount="1" falsecount="1"/>
      <line num="65" count="1" type="stmt"/>
      <line num="67" count="1024" type="cond" truecount="2" falsecount="0"/>
      <line num="69" count="5" type="stmt"/>
      <line num="74" count="1" type="stmt"/>
      <line num="92" count="1" type="stmt"/>
    </file>
  </project>
</coverage>
