{"/home/noor/ASAC/data-structures-and-algorithms-401/hashmapleftjoin/leftjoin.js": {"path":"/home/noor/ASAC/data-structures-and-algorithms-401/hashmapleftjoin/leftjoin.js","statementMap":{"0":{"start":{"line":7,"column":8},"end":{"line":7,"column":25}},"1":{"start":{"line":8,"column":8},"end":{"line":8,"column":36}},"2":{"start":{"line":14,"column":20},"end":{"line":16,"column":13}},"3":{"start":{"line":15,"column":12},"end":{"line":15,"column":44}},"4":{"start":{"line":17,"column":24},"end":{"line":17,"column":46}},"5":{"start":{"line":18,"column":8},"end":{"line":18,"column":23}},"6":{"start":{"line":24,"column":26},"end":{"line":24,"column":40}},"7":{"start":{"line":26,"column":8},"end":{"line":32,"column":9}},"8":{"start":{"line":27,"column":24},"end":{"line":27,"column":42}},"9":{"start":{"line":28,"column":12},"end":{"line":28,"column":39}},"10":{"start":{"line":30,"column":26},"end":{"line":30,"column":65}},"11":{"start":{"line":31,"column":12},"end":{"line":31,"column":35}},"12":{"start":{"line":37,"column":21},"end":{"line":37,"column":23}},"13":{"start":{"line":38,"column":18},"end":{"line":38,"column":49}},"14":{"start":{"line":39,"column":8},"end":{"line":39,"column":25}},"15":{"start":{"line":40,"column":29},"end":{"line":40,"column":62}},"16":{"start":{"line":41,"column":8},"end":{"line":43,"column":9}},"17":{"start":{"line":41,"column":21},"end":{"line":41,"column":22}},"18":{"start":{"line":42,"column":12},"end":{"line":42,"column":43}},"19":{"start":{"line":44,"column":8},"end":{"line":51,"column":9}},"20":{"start":{"line":45,"column":28},"end":{"line":45,"column":51}},"21":{"start":{"line":46,"column":12},"end":{"line":48,"column":13}},"22":{"start":{"line":46,"column":25},"end":{"line":46,"column":26}},"23":{"start":{"line":47,"column":16},"end":{"line":47,"column":42}},"24":{"start":{"line":50,"column":12},"end":{"line":50,"column":30}},"25":{"start":{"line":52,"column":8},"end":{"line":52,"column":33}},"26":{"start":{"line":63,"column":4},"end":{"line":72,"column":5}},"27":{"start":{"line":65,"column":8},"end":{"line":71,"column":9}},"28":{"start":{"line":65,"column":21},"end":{"line":65,"column":22}},"29":{"start":{"line":67,"column":12},"end":{"line":70,"column":13}},"30":{"start":{"line":69,"column":16},"end":{"line":69,"column":50}},"31":{"start":{"line":74,"column":4},"end":{"line":74,"column":17}},"32":{"start":{"line":92,"column":0},"end":{"line":92,"column":47}}},"fnMap":{"0":{"name":"(anonymous_0)","decl":{"start":{"line":6,"column":4},"end":{"line":6,"column":5}},"loc":{"start":{"line":6,"column":22},"end":{"line":9,"column":5}},"line":6},"1":{"name":"(anonymous_1)","decl":{"start":{"line":13,"column":4},"end":{"line":13,"column":5}},"loc":{"start":{"line":13,"column":14},"end":{"line":19,"column":5}},"line":13},"2":{"name":"(anonymous_2)","decl":{"start":{"line":14,"column":41},"end":{"line":14,"column":42}},"loc":{"start":{"line":14,"column":56},"end":{"line":16,"column":9}},"line":14},"3":{"name":"(anonymous_3)","decl":{"start":{"line":23,"column":4},"end":{"line":23,"column":5}},"loc":{"start":{"line":23,"column":20},"end":{"line":33,"column":5}},"line":23},"4":{"name":"(anonymous_4)","decl":{"start":{"line":36,"column":4},"end":{"line":36,"column":5}},"loc":{"start":{"line":36,"column":27},"end":{"line":53,"column":5}},"line":36},"5":{"name":"leftjoin","decl":{"start":{"line":61,"column":9},"end":{"line":61,"column":17}},"loc":{"start":{"line":61,"column":32},"end":{"line":75,"column":1}},"line":61}},"branchMap":{"0":{"loc":{"start":{"line":26,"column":8},"end":{"line":32,"column":9}},"type":"if","locations":[{"start":{"line":26,"column":8},"end":{"line":32,"column":9}},{"start":{"line":26,"column":8},"end":{"line":32,"column":9}}],"line":26},"1":{"loc":{"start":{"line":44,"column":8},"end":{"line":51,"column":9}},"type":"if","locations":[{"start":{"line":44,"column":8},"end":{"line":51,"column":9}},{"start":{"line":44,"column":8},"end":{"line":51,"column":9}}],"line":44},"2":{"loc":{"start":{"line":63,"column":4},"end":{"line":72,"column":5}},"type":"if","locations":[{"start":{"line":63,"column":4},"end":{"line":72,"column":5}},{"start":{"line":63,"column":4},"end":{"line":72,"column":5}}],"line":63},"3":{"loc":{"start":{"line":67,"column":12},"end":{"line":70,"column":13}},"type":"if","locations":[{"start":{"line":67,"column":12},"end":{"line":70,"column":13}},{"start":{"line":67,"column":12},"end":{"line":70,"column":13}}],"line":67}},"s":{"0":2,"1":2,"2":10,"3":55,"4":10,"5":10,"6":10,"7":10,"8":10,"9":10,"10":0,"11":0,"12":5,"13":5,"14":5,"15":5,"16":5,"17":5,"18":5,"19":5,"20":4,"21":4,"22":4,"23":4,"24":1,"25":5,"26":1,"27":1,"28":1,"29":1024,"30":5,"31":1,"32":1},"f":{"0":2,"1":10,"2":55,"3":10,"4":5,"5":1},"b":{"0":[10,0],"1":[4,1],"2":[1,0],"3":[5,1019]},"_coverageSchema":"1a1c01bbd47fc00a2c39e90264f33305004495a9","hash":"1aaf2aee84b08f23f8819ffe7cd52cd1de1b0711"}
}
