TN:
SF:leftjoin.js
FN:6,(anonymous_0)
FN:13,(anonymous_1)
FN:14,(anonymous_2)
FN:23,(anonymous_3)
FN:36,(anonymous_4)
FN:61,leftjoin
FNF:6
FNH:6
FNDA:2,(anonymous_0)
FNDA:10,(anonymous_1)
FNDA:55,(anonymous_2)
FNDA:10,(anonymous_3)
FNDA:5,(anonymous_4)
FNDA:1,leftjoin
DA:7,2
DA:8,2
DA:14,10
DA:15,55
DA:17,10
DA:18,10
DA:24,10
DA:26,10
DA:27,10
DA:28,10
DA:30,0
DA:31,0
DA:37,5
DA:38,5
DA:39,5
DA:40,5
DA:41,5
DA:42,5
DA:44,5
DA:45,4
DA:46,4
DA:47,4
DA:50,1
DA:52,5
DA:63,1
DA:65,1
DA:67,1024
DA:69,5
DA:74,1
DA:92,1
LF:30
LH:28
BRDA:26,0,0,10
BRDA:26,0,1,0
BRDA:44,1,0,4
BRDA:44,1,1,1
BRDA:63,2,0,1
BRDA:63,2,1,0
BRDA:67,3,0,5
BRDA:67,3,1,1019
BRF:8
BRH:6
end_of_record
