<?xml version="1.0" encoding="UTF-8"?>
<coverage generated="1629828442722" clover="3.2.0">
  <project timestamp="1629828442722" name="All files">
    <metrics statements="14" coveredstatements="12" conditionals="25" coveredconditionals="13" methods="1" coveredmethods="1" elements="40" coveredelements="26" complexity="0" loc="14" ncloc="14" packages="1" files="1" classes="1"/>
    <file name="stack-queue-brackets.js" path="/home/noor/ASAC/data-structures-and-algorithms-401/stack-queue-brackets/stack-queue-brackets.js">
      <metrics statements="14" coveredstatements="12" conditionals="25" coveredconditionals="13" methods="1" coveredmethods="1"/>
      <line num="3" count="1" type="stmt"/>
      <line num="7" count="5" type="stmt"/>
      <line num="9" count="5" type="cond" truecount="2" falsecount="0"/>
      <line num="10" count="4" type="stmt"/>
      <line num="12" count="4" type="stmt"/>
      <line num="14" count="4" type="cond" truecount="2" falsecount="3"/>
      <line num="16" count="4" type="stmt"/>
      <line num="18" count="4" type="cond" truecount="4" falsecount="4"/>
      <line num="20" count="0" type="stmt"/>
      <line num="24" count="4" type="cond" truecount="4" falsecount="4"/>
      <line num="26" count="0" type="stmt"/>
      <line num="30" count="4" type="cond" truecount="1" falsecount="1"/>
      <line num="34" count="1" type="stmt"/>
      <line num="39" count="1" type="stmt"/>
    </file>
  </project>
</coverage>
