{"/home/noor/ASAC/data-structures-and-algorithms-401/stack-queue-brackets/stack-queue-brackets.js": {"path":"/home/noor/ASAC/data-structures-and-algorithms-401/stack-queue-brackets/stack-queue-brackets.js","statementMap":{"0":{"start":{"line":3,"column":12},"end":{"line":3,"column":47}},"1":{"start":{"line":7,"column":19},"end":{"line":7,"column":30}},"2":{"start":{"line":9,"column":4},"end":{"line":36,"column":5}},"3":{"start":{"line":10,"column":8},"end":{"line":31,"column":9}},"4":{"start":{"line":10,"column":18},"end":{"line":10,"column":19}},"5":{"start":{"line":12,"column":32},"end":{"line":12,"column":59}},"6":{"start":{"line":14,"column":16},"end":{"line":29,"column":13}},"7":{"start":{"line":16,"column":16},"end":{"line":16,"column":41}},"8":{"start":{"line":18,"column":16},"end":{"line":22,"column":17}},"9":{"start":{"line":20,"column":20},"end":{"line":20,"column":35}},"10":{"start":{"line":24,"column":16},"end":{"line":28,"column":17}},"11":{"start":{"line":26,"column":20},"end":{"line":26,"column":33}},"12":{"start":{"line":30,"column":12},"end":{"line":30,"column":48}},"13":{"start":{"line":34,"column":8},"end":{"line":34,"column":40}},"14":{"start":{"line":39,"column":0},"end":{"line":39,"column":33}}},"fnMap":{"0":{"name":"validateBrackets","decl":{"start":{"line":5,"column":9},"end":{"line":5,"column":25}},"loc":{"start":{"line":5,"column":33},"end":{"line":37,"column":1}},"line":5}},"branchMap":{"0":{"loc":{"start":{"line":9,"column":4},"end":{"line":36,"column":5}},"type":"if","locations":[{"start":{"line":9,"column":4},"end":{"line":36,"column":5}},{"start":{"line":9,"column":4},"end":{"line":36,"column":5}}],"line":9},"1":{"loc":{"start":{"line":14,"column":16},"end":{"line":29,"column":13}},"type":"if","locations":[{"start":{"line":14,"column":16},"end":{"line":29,"column":13}},{"start":{"line":14,"column":16},"end":{"line":29,"column":13}}],"line":14},"2":{"loc":{"start":{"line":14,"column":20},"end":{"line":14,"column":85}},"type":"binary-expr","locations":[{"start":{"line":14,"column":21},"end":{"line":14,"column":38}},{"start":{"line":14,"column":44},"end":{"line":14,"column":61}},{"start":{"line":14,"column":67},"end":{"line":14,"column":84}}],"line":14},"3":{"loc":{"start":{"line":18,"column":16},"end":{"line":22,"column":17}},"type":"if","locations":[{"start":{"line":18,"column":16},"end":{"line":22,"column":17}},{"start":{"line":18,"column":16},"end":{"line":22,"column":17}}],"line":18},"4":{"loc":{"start":{"line":18,"column":20},"end":{"line":18,"column":166}},"type":"binary-expr","locations":[{"start":{"line":18,"column":21},"end":{"line":18,"column":44}},{"start":{"line":18,"column":48},"end":{"line":18,"column":65}},{"start":{"line":18,"column":71},"end":{"line":18,"column":94}},{"start":{"line":18,"column":98},"end":{"line":18,"column":115}},{"start":{"line":18,"column":121},"end":{"line":18,"column":144}},{"start":{"line":18,"column":148},"end":{"line":18,"column":165}}],"line":18},"5":{"loc":{"start":{"line":24,"column":16},"end":{"line":28,"column":17}},"type":"if","locations":[{"start":{"line":24,"column":16},"end":{"line":28,"column":17}},{"start":{"line":24,"column":16},"end":{"line":28,"column":17}}],"line":24},"6":{"loc":{"start":{"line":24,"column":20},"end":{"line":24,"column":160}},"type":"binary-expr","locations":[{"start":{"line":24,"column":21},"end":{"line":24,"column":36}},{"start":{"line":24,"column":42},"end":{"line":24,"column":63}},{"start":{"line":24,"column":69},"end":{"line":24,"column":84}},{"start":{"line":24,"column":90},"end":{"line":24,"column":111}},{"start":{"line":24,"column":117},"end":{"line":24,"column":132}},{"start":{"line":24,"column":138},"end":{"line":24,"column":159}}],"line":24},"7":{"loc":{"start":{"line":30,"column":19},"end":{"line":30,"column":47}},"type":"cond-expr","locations":[{"start":{"line":30,"column":37},"end":{"line":30,"column":42}},{"start":{"line":30,"column":43},"end":{"line":30,"column":47}}],"line":30}},"s":{"0":1,"1":5,"2":5,"3":4,"4":4,"5":4,"6":4,"7":4,"8":4,"9":0,"10":4,"11":0,"12":4,"13":1,"14":1},"f":{"0":5},"b":{"0":[4,1],"1":[4,0],"2":[4,0,0],"3":[0,4],"4":[4,0,4,0,4,0],"5":[0,4],"6":[4,0,4,0,4,0],"7":[0,4]},"_coverageSchema":"1a1c01bbd47fc00a2c39e90264f33305004495a9","hash":"d6edf147de1a64a4a41116225e0f8c03ff5871c3"}
}
