TN:
SF:stack-queue-brackets.js
FN:5,validateBrackets
FNF:1
FNH:1
FNDA:5,validateBrackets
DA:3,1
DA:7,5
DA:9,5
DA:10,4
DA:12,4
DA:14,4
DA:16,4
DA:18,4
DA:20,0
DA:24,4
DA:26,0
DA:30,4
DA:34,1
DA:39,1
LF:14
LH:12
BRDA:9,0,0,4
BRDA:9,0,1,1
BRDA:14,1,0,4
BRDA:14,1,1,0
BRDA:14,2,0,4
BRDA:14,2,1,0
BRDA:14,2,2,0
BRDA:18,3,0,0
BRDA:18,3,1,4
BRDA:18,4,0,4
BRDA:18,4,1,0
BRDA:18,4,2,4
BRDA:18,4,3,0
BRDA:18,4,4,4
BRDA:18,4,5,0
BRDA:24,5,0,0
BRDA:24,5,1,4
BRDA:24,6,0,4
BRDA:24,6,1,0
BRDA:24,6,2,4
BRDA:24,6,3,0
BRDA:24,6,4,4
BRDA:24,6,5,0
BRDA:30,7,0,0
BRDA:30,7,1,4
BRF:25
BRH:13
end_of_record
