{"/home/noor/ASAC/data-structures-and-algorithms-401/graph-business-trip/graph.js": {"path":"/home/noor/ASAC/data-structures-and-algorithms-401/graph-business-trip/graph.js","statementMap":{"0":{"start":{"line":5,"column":8},"end":{"line":5,"column":29}},"1":{"start":{"line":6,"column":8},"end":{"line":6,"column":29}},"2":{"start":{"line":13,"column":8},"end":{"line":13,"column":39}},"3":{"start":{"line":17,"column":8},"end":{"line":17,"column":43}},"4":{"start":{"line":20,"column":8},"end":{"line":22,"column":9}},"5":{"start":{"line":21,"column":12},"end":{"line":21,"column":19}},"6":{"start":{"line":23,"column":28},"end":{"line":23,"column":57}},"7":{"start":{"line":24,"column":8},"end":{"line":24,"column":48}},"8":{"start":{"line":28,"column":8},"end":{"line":30,"column":9}},"9":{"start":{"line":29,"column":12},"end":{"line":29,"column":19}},"10":{"start":{"line":31,"column":8},"end":{"line":31,"column":46}},"11":{"start":{"line":40,"column":21},"end":{"line":40,"column":22}},"12":{"start":{"line":41,"column":21},"end":{"line":41,"column":26}},"13":{"start":{"line":43,"column":4},"end":{"line":66,"column":5}},"14":{"start":{"line":43,"column":17},"end":{"line":43,"column":18}},"15":{"start":{"line":45,"column":29},"end":{"line":45,"column":71}},"16":{"start":{"line":48,"column":8},"end":{"line":56,"column":9}},"17":{"start":{"line":48,"column":21},"end":{"line":48,"column":22}},"18":{"start":{"line":50,"column":12},"end":{"line":55,"column":13}},"19":{"start":{"line":52,"column":16},"end":{"line":52,"column":55}},"20":{"start":{"line":54,"column":16},"end":{"line":54,"column":34}},"21":{"start":{"line":58,"column":8},"end":{"line":65,"column":9}},"22":{"start":{"line":60,"column":12},"end":{"line":60,"column":27}},"23":{"start":{"line":62,"column":12},"end":{"line":62,"column":31}},"24":{"start":{"line":64,"column":12},"end":{"line":64,"column":43}},"25":{"start":{"line":68,"column":4},"end":{"line":68,"column":34}},"26":{"start":{"line":84,"column":0},"end":{"line":84,"column":40}}},"fnMap":{"0":{"name":"(anonymous_0)","decl":{"start":{"line":4,"column":4},"end":{"line":4,"column":5}},"loc":{"start":{"line":4,"column":32},"end":{"line":7,"column":5}},"line":4},"1":{"name":"(anonymous_1)","decl":{"start":{"line":12,"column":4},"end":{"line":12,"column":5}},"loc":{"start":{"line":12,"column":18},"end":{"line":14,"column":5}},"line":12},"2":{"name":"(anonymous_2)","decl":{"start":{"line":16,"column":4},"end":{"line":16,"column":5}},"loc":{"start":{"line":16,"column":22},"end":{"line":18,"column":5}},"line":16},"3":{"name":"(anonymous_3)","decl":{"start":{"line":19,"column":4},"end":{"line":19,"column":5}},"loc":{"start":{"line":19,"column":32},"end":{"line":25,"column":5}},"line":19},"4":{"name":"(anonymous_4)","decl":{"start":{"line":27,"column":4},"end":{"line":27,"column":5}},"loc":{"start":{"line":27,"column":26},"end":{"line":32,"column":5}},"line":27},"5":{"name":"businessTrip","decl":{"start":{"line":38,"column":9},"end":{"line":38,"column":21}},"loc":{"start":{"line":38,"column":49},"end":{"line":69,"column":1}},"line":38}},"branchMap":{"0":{"loc":{"start":{"line":20,"column":8},"end":{"line":22,"column":9}},"type":"if","locations":[{"start":{"line":20,"column":8},"end":{"line":22,"column":9}},{"start":{"line":20,"column":8},"end":{"line":22,"column":9}}],"line":20},"1":{"loc":{"start":{"line":20,"column":12},"end":{"line":20,"column":74}},"type":"binary-expr","locations":[{"start":{"line":20,"column":12},"end":{"line":20,"column":42}},{"start":{"line":20,"column":46},"end":{"line":20,"column":74}}],"line":20},"2":{"loc":{"start":{"line":28,"column":8},"end":{"line":30,"column":9}},"type":"if","locations":[{"start":{"line":28,"column":8},"end":{"line":30,"column":9}},{"start":{"line":28,"column":8},"end":{"line":30,"column":9}}],"line":28},"3":{"loc":{"start":{"line":50,"column":12},"end":{"line":55,"column":13}},"type":"if","locations":[{"start":{"line":50,"column":12},"end":{"line":55,"column":13}},{"start":{"line":50,"column":12},"end":{"line":55,"column":13}}],"line":50},"4":{"loc":{"start":{"line":58,"column":8},"end":{"line":65,"column":9}},"type":"if","locations":[{"start":{"line":58,"column":8},"end":{"line":65,"column":9}},{"start":{"line":58,"column":8},"end":{"line":65,"column":9}}],"line":58}},"s":{"0":9,"1":9,"2":1,"3":6,"4":9,"5":0,"6":9,"7":9,"8":1,"9":0,"10":1,"11":1,"12":1,"13":1,"14":1,"15":1,"16":1,"17":1,"18":4,"19":1,"20":1,"21":1,"22":0,"23":0,"24":0,"25":1,"26":1},"f":{"0":9,"1":1,"2":6,"3":9,"4":1,"5":1},"b":{"0":[0,9],"1":[9,9],"2":[0,1],"3":[1,3],"4":[0,1]},"_coverageSchema":"1a1c01bbd47fc00a2c39e90264f33305004495a9","hash":"f3b60f2a195965817335755d67117d67079fd91c"}
}
