TN:
SF:graph.js
FN:4,(anonymous_0)
FN:12,(anonymous_1)
FN:16,(anonymous_2)
FN:19,(anonymous_3)
FN:27,(anonymous_4)
FN:38,businessTrip
FNF:6
FNH:6
FNDA:9,(anonymous_0)
FNDA:1,(anonymous_1)
FNDA:6,(anonymous_2)
FNDA:9,(anonymous_3)
FNDA:1,(anonymous_4)
FNDA:1,businessTrip
DA:5,9
DA:6,9
DA:13,1
DA:17,6
DA:20,9
DA:21,0
DA:23,9
DA:24,9
DA:28,1
DA:29,0
DA:31,1
DA:40,1
DA:41,1
DA:43,1
DA:45,1
DA:48,1
DA:50,4
DA:52,1
DA:54,1
DA:58,1
DA:60,0
DA:62,0
DA:64,0
DA:68,1
DA:84,1
LF:25
LH:20
BRDA:20,0,0,0
BRDA:20,0,1,9
BRDA:20,1,0,9
BRDA:20,1,1,9
BRDA:28,2,0,0
BRDA:28,2,1,1
BRDA:50,3,0,1
BRDA:50,3,1,3
BRDA:58,4,0,0
BRDA:58,4,1,1
BRF:10
BRH:7
end_of_record
