<?xml version="1.0" encoding="UTF-8"?>
<coverage generated="1631643499283" clover="3.2.0">
  <project timestamp="1631643499283" name="All files">
    <metrics statements="24" coveredstatements="24" conditionals="8" coveredconditionals="6" methods="3" coveredmethods="3" elements="35" coveredelements="33" complexity="0" loc="24" ncloc="24" packages="1" files="1" classes="1"/>
    <file name="QuickSort.js" path="/home/noor/ASAC/data-structures-and-algorithms-401/QuickSort/QuickSort.js">
      <metrics statements="24" coveredstatements="24" conditionals="8" coveredconditionals="6" methods="3" coveredmethods="3"/>
      <line num="8" count="5" type="cond" truecount="1" falsecount="1"/>
      <line num="9" count="5" type="stmt"/>
      <line num="10" count="5" type="cond" truecount="2" falsecount="0"/>
      <line num="11" count="2" type="stmt"/>
      <line num="13" count="5" type="cond" truecount="2" falsecount="0"/>
      <line num="14" count="2" type="stmt"/>
      <line num="17" count="5" type="stmt"/>
      <line num="24" count="6" type="stmt"/>
      <line num="25" count="6" type="stmt"/>
      <line num="26" count="6" type="stmt"/>
      <line num="33" count="5" type="stmt"/>
      <line num="34" count="5" type="stmt"/>
      <line num="35" count="5" type="stmt"/>
      <line num="36" count="5" type="stmt"/>
      <line num="37" count="6" type="stmt"/>
      <line num="38" count="3" type="stmt"/>
      <line num="40" count="6" type="stmt"/>
      <line num="41" count="4" type="stmt"/>
      <line num="43" count="6" type="cond" truecount="1" falsecount="1"/>
      <line num="44" count="6" type="stmt"/>
      <line num="45" count="6" type="stmt"/>
      <line num="46" count="6" type="stmt"/>
      <line num="49" count="5" type="stmt"/>
      <line num="57" count="1" type="stmt"/>
    </file>
  </project>
</coverage>
