{"/home/noor/ASAC/data-structures-and-algorithms-401/QuickSort/QuickSort.js": {"path":"/home/noor/ASAC/data-structures-and-algorithms-401/QuickSort/QuickSort.js","statementMap":{"0":{"start":{"line":8,"column":4},"end":{"line":16,"column":5}},"1":{"start":{"line":9,"column":8},"end":{"line":9,"column":56}},"2":{"start":{"line":10,"column":8},"end":{"line":12,"column":9}},"3":{"start":{"line":11,"column":12},"end":{"line":11,"column":59}},"4":{"start":{"line":13,"column":8},"end":{"line":15,"column":9}},"5":{"start":{"line":14,"column":12},"end":{"line":14,"column":56}},"6":{"start":{"line":17,"column":4},"end":{"line":17,"column":24}},"7":{"start":{"line":24,"column":22},"end":{"line":24,"column":50}},"8":{"start":{"line":25,"column":4},"end":{"line":25,"column":65}},"9":{"start":{"line":26,"column":4},"end":{"line":26,"column":48}},"10":{"start":{"line":33,"column":20},"end":{"line":33,"column":60}},"11":{"start":{"line":34,"column":12},"end":{"line":34,"column":16}},"12":{"start":{"line":35,"column":12},"end":{"line":35,"column":17}},"13":{"start":{"line":36,"column":4},"end":{"line":48,"column":5}},"14":{"start":{"line":37,"column":8},"end":{"line":39,"column":9}},"15":{"start":{"line":38,"column":12},"end":{"line":38,"column":16}},"16":{"start":{"line":40,"column":8},"end":{"line":42,"column":9}},"17":{"start":{"line":41,"column":12},"end":{"line":41,"column":16}},"18":{"start":{"line":43,"column":8},"end":{"line":47,"column":9}},"19":{"start":{"line":44,"column":12},"end":{"line":44,"column":38}},"20":{"start":{"line":45,"column":12},"end":{"line":45,"column":16}},"21":{"start":{"line":46,"column":12},"end":{"line":46,"column":16}},"22":{"start":{"line":49,"column":4},"end":{"line":49,"column":13}},"23":{"start":{"line":57,"column":0},"end":{"line":57,"column":27}}},"fnMap":{"0":{"name":"QuickSort","decl":{"start":{"line":5,"column":9},"end":{"line":5,"column":18}},"loc":{"start":{"line":5,"column":46},"end":{"line":18,"column":1}},"line":5},"1":{"name":"switchfun","decl":{"start":{"line":23,"column":9},"end":{"line":23,"column":18}},"loc":{"start":{"line":23,"column":63},"end":{"line":27,"column":1}},"line":23},"2":{"name":"divide","decl":{"start":{"line":32,"column":9},"end":{"line":32,"column":15}},"loc":{"start":{"line":32,"column":39},"end":{"line":50,"column":1}},"line":32}},"branchMap":{"0":{"loc":{"start":{"line":8,"column":4},"end":{"line":16,"column":5}},"type":"if","locations":[{"start":{"line":8,"column":4},"end":{"line":16,"column":5}},{"start":{"line":8,"column":4},"end":{"line":16,"column":5}}],"line":8},"1":{"loc":{"start":{"line":10,"column":8},"end":{"line":12,"column":9}},"type":"if","locations":[{"start":{"line":10,"column":8},"end":{"line":12,"column":9}},{"start":{"line":10,"column":8},"end":{"line":12,"column":9}}],"line":10},"2":{"loc":{"start":{"line":13,"column":8},"end":{"line":15,"column":9}},"type":"if","locations":[{"start":{"line":13,"column":8},"end":{"line":15,"column":9}},{"start":{"line":13,"column":8},"end":{"line":15,"column":9}}],"line":13},"3":{"loc":{"start":{"line":43,"column":8},"end":{"line":47,"column":9}},"type":"if","locations":[{"start":{"line":43,"column":8},"end":{"line":47,"column":9}},{"start":{"line":43,"column":8},"end":{"line":47,"column":9}}],"line":43}},"s":{"0":5,"1":5,"2":5,"3":2,"4":5,"5":2,"6":5,"7":6,"8":6,"9":6,"10":5,"11":5,"12":5,"13":5,"14":6,"15":3,"16":6,"17":4,"18":6,"19":6,"20":6,"21":6,"22":5,"23":1},"f":{"0":5,"1":6,"2":5},"b":{"0":[5,0],"1":[2,3],"2":[2,3],"3":[6,0]},"_coverageSchema":"1a1c01bbd47fc00a2c39e90264f33305004495a9","hash":"b5c53395121b567d6b3c31f9f72a1d6d60efd9b3"}
}
