<?xml version="1.0" encoding="UTF-8"?>
<coverage generated="1632651323466" clover="3.2.0">
  <project timestamp="1632651323466" name="All files">
    <metrics statements="17" coveredstatements="17" conditionals="4" coveredconditionals="3" methods="5" coveredmethods="5" elements="26" coveredelements="25" complexity="0" loc="17" ncloc="17" packages="1" files="1" classes="1"/>
    <file name="graphfirst.js" path="/home/noor/ASAC/data-structures-and-algorithms-401/graphbreadthfirst/graphfirst.js">
      <metrics statements="17" coveredstatements="17" conditionals="4" coveredconditionals="3" methods="5" coveredmethods="5"/>
      <line num="10" count="1" type="stmt"/>
      <line num="15" count="6" type="cond" truecount="1" falsecount="1"/>
      <line num="20" count="6" type="stmt"/>
      <line num="21" count="6" type="stmt"/>
      <line num="28" count="1" type="stmt"/>
      <line num="29" count="1" type="stmt"/>
      <line num="30" count="1" type="stmt"/>
      <line num="34" count="1" type="stmt"/>
      <line num="37" count="1" type="stmt"/>
      <line num="39" count="6" type="stmt"/>
      <line num="41" count="6" type="stmt"/>
      <line num="44" count="6" type="stmt"/>
      <line num="46" count="12" type="cond" truecount="2" falsecount="0"/>
      <line num="48" count="5" type="stmt"/>
      <line num="50" count="5" type="stmt"/>
      <line num="54" count="1" type="stmt"/>
      <line num="74" count="1" type="stmt"/>
    </file>
  </project>
</coverage>
