{"/home/noor/ASAC/data-structures-and-algorithms-401/graphbreadthfirst/graphfirst.js": {"path":"/home/noor/ASAC/data-structures-and-algorithms-401/graphbreadthfirst/graphfirst.js","statementMap":{"0":{"start":{"line":10,"column":8},"end":{"line":10,"column":32}},"1":{"start":{"line":15,"column":8},"end":{"line":15,"column":72}},"2":{"start":{"line":15,"column":40},"end":{"line":15,"column":72}},"3":{"start":{"line":20,"column":8},"end":{"line":20,"column":44}},"4":{"start":{"line":21,"column":8},"end":{"line":21,"column":44}},"5":{"start":{"line":28,"column":27},"end":{"line":28,"column":36}},"6":{"start":{"line":29,"column":23},"end":{"line":29,"column":25}},"7":{"start":{"line":30,"column":29},"end":{"line":30,"column":31}},"8":{"start":{"line":34,"column":8},"end":{"line":34,"column":37}},"9":{"start":{"line":37,"column":8},"end":{"line":53,"column":9}},"10":{"start":{"line":39,"column":12},"end":{"line":39,"column":47}},"11":{"start":{"line":41,"column":12},"end":{"line":41,"column":39}},"12":{"start":{"line":44,"column":12},"end":{"line":52,"column":15}},"13":{"start":{"line":46,"column":16},"end":{"line":51,"column":17}},"14":{"start":{"line":48,"column":20},"end":{"line":48,"column":50}},"15":{"start":{"line":50,"column":20},"end":{"line":50,"column":46}},"16":{"start":{"line":54,"column":8},"end":{"line":54,"column":22}},"17":{"start":{"line":74,"column":0},"end":{"line":74,"column":22}}},"fnMap":{"0":{"name":"(anonymous_0)","decl":{"start":{"line":8,"column":4},"end":{"line":8,"column":5}},"loc":{"start":{"line":8,"column":17},"end":{"line":11,"column":5}},"line":8},"1":{"name":"(anonymous_1)","decl":{"start":{"line":13,"column":4},"end":{"line":13,"column":5}},"loc":{"start":{"line":13,"column":21},"end":{"line":16,"column":5}},"line":13},"2":{"name":"(anonymous_2)","decl":{"start":{"line":19,"column":4},"end":{"line":19,"column":5}},"loc":{"start":{"line":19,"column":22},"end":{"line":22,"column":5}},"line":19},"3":{"name":"(anonymous_3)","decl":{"start":{"line":26,"column":4},"end":{"line":26,"column":5}},"loc":{"start":{"line":26,"column":25},"end":{"line":55,"column":5}},"line":26},"4":{"name":"(anonymous_4)","decl":{"start":{"line":44,"column":54},"end":{"line":44,"column":55}},"loc":{"start":{"line":44,"column":66},"end":{"line":52,"column":13}},"line":44}},"branchMap":{"0":{"loc":{"start":{"line":15,"column":8},"end":{"line":15,"column":72}},"type":"if","locations":[{"start":{"line":15,"column":8},"end":{"line":15,"column":72}},{"start":{"line":15,"column":8},"end":{"line":15,"column":72}}],"line":15},"1":{"loc":{"start":{"line":46,"column":16},"end":{"line":51,"column":17}},"type":"if","locations":[{"start":{"line":46,"column":16},"end":{"line":51,"column":17}},{"start":{"line":46,"column":16},"end":{"line":51,"column":17}}],"line":46}},"s":{"0":1,"1":6,"2":6,"3":6,"4":6,"5":1,"6":1,"7":1,"8":1,"9":1,"10":6,"11":6,"12":6,"13":12,"14":5,"15":5,"16":1,"17":1},"f":{"0":1,"1":6,"2":6,"3":1,"4":12},"b":{"0":[6,0],"1":[5,7]},"_coverageSchema":"1a1c01bbd47fc00a2c39e90264f33305004495a9","hash":"30cf63d1ef7a4ee571aa67df17e87fc82eeadd51"}
}
