<?xml version="1.0" encoding="UTF-8"?>
<coverage generated="1632228124065" clover="3.2.0">
  <project timestamp="1632228124065" name="All files">
    <metrics statements="57" coveredstatements="54" conditionals="30" coveredconditionals="24" methods="12" coveredmethods="12" elements="99" coveredelements="90" complexity="0" loc="57" ncloc="57" packages="1" files="1" classes="1"/>
    <file name="hasmap.js" path="/home/noor/ASAC/data-structures-and-algorithms-401/hashmaptreentersection/hasmap.js">
      <metrics statements="57" coveredstatements="54" conditionals="30" coveredconditionals="24" methods="12" coveredmethods="12"/>
      <line num="7" count="22" type="stmt"/>
      <line num="8" count="22" type="stmt"/>
      <line num="9" count="22" type="stmt"/>
      <line num="18" count="2" type="stmt"/>
      <line num="23" count="22" type="stmt"/>
      <line num="24" count="22" type="cond" truecount="2" falsecount="0"/>
      <line num="25" count="2" type="stmt"/>
      <line num="27" count="2" type="stmt"/>
      <line num="31" count="20" type="stmt"/>
      <line num="33" count="56" type="cond" truecount="2" falsecount="0"/>
      <line num="35" count="19" type="cond" truecount="2" falsecount="0"/>
      <line num="37" count="9" type="stmt"/>
      <line num="39" count="9" type="stmt"/>
      <line num="41" count="10" type="cond" truecount="1" falsecount="1"/>
      <line num="43" count="10" type="stmt"/>
      <line num="45" count="37" type="cond" truecount="1" falsecount="1"/>
      <line num="47" count="37" type="cond" truecount="2" falsecount="0"/>
      <line num="49" count="11" type="stmt"/>
      <line num="51" count="11" type="stmt"/>
      <line num="53" count="26" type="cond" truecount="1" falsecount="1"/>
      <line num="55" count="26" type="stmt"/>
      <line num="58" count="0" type="stmt"/>
      <line num="61" count="20" type="stmt"/>
      <line num="67" count="2" type="cond" truecount="1" falsecount="1"/>
      <line num="69" count="0" type="stmt"/>
      <line num="73" count="2" type="stmt"/>
      <line num="77" count="22" type="cond" truecount="2" falsecount="0"/>
      <line num="79" count="22" type="stmt"/>
      <line num="81" count="22" type="cond" truecount="2" falsecount="0"/>
      <line num="83" count="2" type="stmt"/>
      <line num="85" count="2" type="stmt"/>
      <line num="93" count="1" type="stmt"/>
      <line num="94" count="1" type="stmt"/>
      <line num="95" count="1" type="stmt"/>
      <line num="100" count="22" type="stmt"/>
      <line num="104" count="11" type="stmt"/>
      <line num="105" count="11" type="stmt"/>
      <line num="106" count="11" type="cond" truecount="1" falsecount="1"/>
      <line num="107" count="11" type="stmt"/>
      <line num="109" count="11" type="stmt"/>
      <line num="110" count="11" type="stmt"/>
      <line num="111" count="11" type="stmt"/>
      <line num="112" count="11" type="stmt"/>
      <line num="121" count="1" type="stmt"/>
      <line num="123" count="1" type="cond" truecount="3" falsecount="1"/>
      <line num="125" count="1" type="stmt"/>
      <line num="127" count="1" type="stmt"/>
      <line num="129" count="1" type="stmt"/>
      <line num="131" count="11" type="stmt"/>
      <line num="134" count="1" type="stmt"/>
      <line num="136" count="1" type="stmt"/>
      <line num="138" count="11" type="stmt"/>
      <line num="140" count="11" type="cond" truecount="2" falsecount="0"/>
      <line num="141" count="7" type="stmt"/>
      <line num="145" count="1" type="stmt"/>
      <line num="150" count="0" type="stmt"/>
      <line num="155" count="1" type="stmt"/>
    </file>
  </project>
</coverage>
