{"/home/noor/ASAC/data-structures-and-algorithms-401/hashmaptreentersection/hasmap.js": {"path":"/home/noor/ASAC/data-structures-and-algorithms-401/hashmaptreentersection/hasmap.js","statementMap":{"0":{"start":{"line":7,"column":4},"end":{"line":7,"column":21}},"1":{"start":{"line":8,"column":4},"end":{"line":8,"column":21}},"2":{"start":{"line":9,"column":4},"end":{"line":9,"column":23}},"3":{"start":{"line":18,"column":4},"end":{"line":18,"column":21}},"4":{"start":{"line":23,"column":17},"end":{"line":23,"column":26}},"5":{"start":{"line":24,"column":4},"end":{"line":62,"column":5}},"6":{"start":{"line":25,"column":6},"end":{"line":25,"column":33}},"7":{"start":{"line":27,"column":6},"end":{"line":27,"column":13}},"8":{"start":{"line":31,"column":25},"end":{"line":60,"column":7}},"9":{"start":{"line":33,"column":8},"end":{"line":59,"column":9}},"10":{"start":{"line":35,"column":10},"end":{"line":44,"column":11}},"11":{"start":{"line":37,"column":12},"end":{"line":37,"column":39}},"12":{"start":{"line":39,"column":12},"end":{"line":39,"column":19}},"13":{"start":{"line":41,"column":17},"end":{"line":44,"column":11}},"14":{"start":{"line":43,"column":12},"end":{"line":43,"column":41}},"15":{"start":{"line":45,"column":15},"end":{"line":59,"column":9}},"16":{"start":{"line":47,"column":10},"end":{"line":56,"column":11}},"17":{"start":{"line":49,"column":12},"end":{"line":49,"column":40}},"18":{"start":{"line":51,"column":12},"end":{"line":51,"column":19}},"19":{"start":{"line":53,"column":17},"end":{"line":56,"column":11}},"20":{"start":{"line":55,"column":12},"end":{"line":55,"column":42}},"21":{"start":{"line":58,"column":10},"end":{"line":58,"column":22}},"22":{"start":{"line":61,"column":6},"end":{"line":61,"column":30}},"23":{"start":{"line":67,"column":4},"end":{"line":86,"column":5}},"24":{"start":{"line":69,"column":6},"end":{"line":69,"column":18}},"25":{"start":{"line":73,"column":19},"end":{"line":73,"column":30}},"26":{"start":{"line":77,"column":8},"end":{"line":77,"column":48}},"27":{"start":{"line":79,"column":8},"end":{"line":79,"column":31}},"28":{"start":{"line":81,"column":8},"end":{"line":81,"column":50}},"29":{"start":{"line":83,"column":6},"end":{"line":83,"column":33}},"30":{"start":{"line":85,"column":6},"end":{"line":85,"column":20}},"31":{"start":{"line":93,"column":4},"end":{"line":93,"column":21}},"32":{"start":{"line":94,"column":4},"end":{"line":94,"column":31}},"33":{"start":{"line":95,"column":4},"end":{"line":95,"column":19}},"34":{"start":{"line":100,"column":4},"end":{"line":100,"column":26}},"35":{"start":{"line":104,"column":15},"end":{"line":104,"column":29}},"36":{"start":{"line":105,"column":4},"end":{"line":105,"column":22}},"37":{"start":{"line":106,"column":4},"end":{"line":108,"column":5}},"38":{"start":{"line":107,"column":6},"end":{"line":107,"column":29}},"39":{"start":{"line":109,"column":16},"end":{"line":109,"column":32}},"40":{"start":{"line":110,"column":4},"end":{"line":110,"column":27}},"41":{"start":{"line":111,"column":4},"end":{"line":111,"column":17}},"42":{"start":{"line":112,"column":4},"end":{"line":112,"column":15}},"43":{"start":{"line":121,"column":16},"end":{"line":121,"column":18}},"44":{"start":{"line":123,"column":2},"end":{"line":150,"column":21}},"45":{"start":{"line":125,"column":18},"end":{"line":125,"column":35}},"46":{"start":{"line":127,"column":19},"end":{"line":127,"column":40}},"47":{"start":{"line":129,"column":4},"end":{"line":132,"column":7}},"48":{"start":{"line":131,"column":6},"end":{"line":131,"column":25}},"49":{"start":{"line":134,"column":19},"end":{"line":134,"column":40}},"50":{"start":{"line":136,"column":4},"end":{"line":143,"column":7}},"51":{"start":{"line":138,"column":20},"end":{"line":138,"column":39}},"52":{"start":{"line":140,"column":6},"end":{"line":142,"column":7}},"53":{"start":{"line":141,"column":8},"end":{"line":141,"column":56}},"54":{"start":{"line":145,"column":4},"end":{"line":145,"column":19}},"55":{"start":{"line":150,"column":4},"end":{"line":150,"column":21}},"56":{"start":{"line":155,"column":0},"end":{"line":155,"column":68}}},"fnMap":{"0":{"name":"(anonymous_0)","decl":{"start":{"line":6,"column":2},"end":{"line":6,"column":3}},"loc":{"start":{"line":6,"column":47},"end":{"line":10,"column":3}},"line":6},"1":{"name":"(anonymous_1)","decl":{"start":{"line":17,"column":2},"end":{"line":17,"column":3}},"loc":{"start":{"line":17,"column":16},"end":{"line":19,"column":3}},"line":17},"2":{"name":"(anonymous_2)","decl":{"start":{"line":21,"column":2},"end":{"line":21,"column":3}},"loc":{"start":{"line":21,"column":12},"end":{"line":63,"column":3}},"line":21},"3":{"name":"(anonymous_3)","decl":{"start":{"line":31,"column":25},"end":{"line":31,"column":26}},"loc":{"start":{"line":31,"column":41},"end":{"line":60,"column":7}},"line":31},"4":{"name":"(anonymous_4)","decl":{"start":{"line":65,"column":2},"end":{"line":65,"column":3}},"loc":{"start":{"line":65,"column":12},"end":{"line":87,"column":3}},"line":65},"5":{"name":"traverseInOrder","decl":{"start":{"line":75,"column":15},"end":{"line":75,"column":30}},"loc":{"start":{"line":75,"column":37},"end":{"line":82,"column":7}},"line":75},"6":{"name":"(anonymous_6)","decl":{"start":{"line":92,"column":2},"end":{"line":92,"column":3}},"loc":{"start":{"line":92,"column":20},"end":{"line":96,"column":3}},"line":92},"7":{"name":"(anonymous_7)","decl":{"start":{"line":98,"column":2},"end":{"line":98,"column":3}},"loc":{"start":{"line":98,"column":12},"end":{"line":101,"column":3}},"line":98},"8":{"name":"(anonymous_8)","decl":{"start":{"line":103,"column":2},"end":{"line":103,"column":3}},"loc":{"start":{"line":103,"column":18},"end":{"line":114,"column":3}},"line":103},"9":{"name":"treeintersection","decl":{"start":{"line":119,"column":9},"end":{"line":119,"column":25}},"loc":{"start":{"line":119,"column":52},"end":{"line":152,"column":1}},"line":119},"10":{"name":"(anonymous_10)","decl":{"start":{"line":129,"column":21},"end":{"line":129,"column":22}},"loc":{"start":{"line":129,"column":30},"end":{"line":132,"column":5}},"line":129},"11":{"name":"(anonymous_11)","decl":{"start":{"line":136,"column":21},"end":{"line":136,"column":22}},"loc":{"start":{"line":136,"column":30},"end":{"line":143,"column":5}},"line":136}},"branchMap":{"0":{"loc":{"start":{"line":6,"column":20},"end":{"line":6,"column":31}},"type":"default-arg","locations":[{"start":{"line":6,"column":27},"end":{"line":6,"column":31}}],"line":6},"1":{"loc":{"start":{"line":6,"column":33},"end":{"line":6,"column":45}},"type":"default-arg","locations":[{"start":{"line":6,"column":41},"end":{"line":6,"column":45}}],"line":6},"2":{"loc":{"start":{"line":24,"column":4},"end":{"line":62,"column":5}},"type":"if","locations":[{"start":{"line":24,"column":4},"end":{"line":62,"column":5}},{"start":{"line":24,"column":4},"end":{"line":62,"column":5}}],"line":24},"3":{"loc":{"start":{"line":33,"column":8},"end":{"line":59,"column":9}},"type":"if","locations":[{"start":{"line":33,"column":8},"end":{"line":59,"column":9}},{"start":{"line":33,"column":8},"end":{"line":59,"column":9}}],"line":33},"4":{"loc":{"start":{"line":35,"column":10},"end":{"line":44,"column":11}},"type":"if","locations":[{"start":{"line":35,"column":10},"end":{"line":44,"column":11}},{"start":{"line":35,"column":10},"end":{"line":44,"column":11}}],"line":35},"5":{"loc":{"start":{"line":41,"column":17},"end":{"line":44,"column":11}},"type":"if","locations":[{"start":{"line":41,"column":17},"end":{"line":44,"column":11}},{"start":{"line":41,"column":17},"end":{"line":44,"column":11}}],"line":41},"6":{"loc":{"start":{"line":45,"column":15},"end":{"line":59,"column":9}},"type":"if","locations":[{"start":{"line":45,"column":15},"end":{"line":59,"column":9}},{"start":{"line":45,"column":15},"end":{"line":59,"column":9}}],"line":45},"7":{"loc":{"start":{"line":47,"column":10},"end":{"line":56,"column":11}},"type":"if","locations":[{"start":{"line":47,"column":10},"end":{"line":56,"column":11}},{"start":{"line":47,"column":10},"end":{"line":56,"column":11}}],"line":47},"8":{"loc":{"start":{"line":53,"column":17},"end":{"line":56,"column":11}},"type":"if","locations":[{"start":{"line":53,"column":17},"end":{"line":56,"column":11}},{"start":{"line":53,"column":17},"end":{"line":56,"column":11}}],"line":53},"9":{"loc":{"start":{"line":67,"column":4},"end":{"line":86,"column":5}},"type":"if","locations":[{"start":{"line":67,"column":4},"end":{"line":86,"column":5}},{"start":{"line":67,"column":4},"end":{"line":86,"column":5}}],"line":67},"10":{"loc":{"start":{"line":77,"column":8},"end":{"line":77,"column":47}},"type":"binary-expr","locations":[{"start":{"line":77,"column":8},"end":{"line":77,"column":17}},{"start":{"line":77,"column":21},"end":{"line":77,"column":47}}],"line":77},"11":{"loc":{"start":{"line":81,"column":8},"end":{"line":81,"column":49}},"type":"binary-expr","locations":[{"start":{"line":81,"column":8},"end":{"line":81,"column":18}},{"start":{"line":81,"column":22},"end":{"line":81,"column":49}}],"line":81},"12":{"loc":{"start":{"line":106,"column":4},"end":{"line":108,"column":5}},"type":"if","locations":[{"start":{"line":106,"column":4},"end":{"line":108,"column":5}},{"start":{"line":106,"column":4},"end":{"line":108,"column":5}}],"line":106},"13":{"loc":{"start":{"line":123,"column":2},"end":{"line":150,"column":21}},"type":"if","locations":[{"start":{"line":123,"column":2},"end":{"line":150,"column":21}},{"start":{"line":123,"column":2},"end":{"line":150,"column":21}}],"line":123},"14":{"loc":{"start":{"line":123,"column":6},"end":{"line":123,"column":42}},"type":"binary-expr","locations":[{"start":{"line":123,"column":6},"end":{"line":123,"column":22}},{"start":{"line":123,"column":26},"end":{"line":123,"column":42}}],"line":123},"15":{"loc":{"start":{"line":140,"column":6},"end":{"line":142,"column":7}},"type":"if","locations":[{"start":{"line":140,"column":6},"end":{"line":142,"column":7}},{"start":{"line":140,"column":6},"end":{"line":142,"column":7}}],"line":140}},"s":{"0":22,"1":22,"2":22,"3":2,"4":22,"5":22,"6":2,"7":2,"8":20,"9":56,"10":19,"11":9,"12":9,"13":10,"14":10,"15":37,"16":37,"17":11,"18":11,"19":26,"20":26,"21":0,"22":20,"23":2,"24":0,"25":2,"26":22,"27":22,"28":22,"29":2,"30":2,"31":1,"32":1,"33":1,"34":22,"35":11,"36":11,"37":11,"38":11,"39":11,"40":11,"41":11,"42":11,"43":1,"44":1,"45":1,"46":1,"47":1,"48":11,"49":1,"50":1,"51":11,"52":11,"53":7,"54":1,"55":0,"56":1},"f":{"0":22,"1":2,"2":22,"3":56,"4":2,"5":22,"6":1,"7":22,"8":11,"9":1,"10":11,"11":11},"b":{"0":[22],"1":[22],"2":[2,20],"3":[19,37],"4":[9,10],"5":[10,0],"6":[37,0],"7":[11,26],"8":[26,0],"9":[0,2],"10":[22,9],"11":[22,11],"12":[11,0],"13":[1,0],"14":[1,1],"15":[7,4]},"_coverageSchema":"1a1c01bbd47fc00a2c39e90264f33305004495a9","hash":"4f017300cec155a47cd48b75ef9472a78d63a6c0"}
}
