TN:
SF:hasmap.js
FN:6,(anonymous_0)
FN:17,(anonymous_1)
FN:21,(anonymous_2)
FN:31,(anonymous_3)
FN:65,(anonymous_4)
FN:75,traverseInOrder
FN:92,(anonymous_6)
FN:98,(anonymous_7)
FN:103,(anonymous_8)
FN:119,treeintersection
FN:129,(anonymous_10)
FN:136,(anonymous_11)
FNF:12
FNH:12
FNDA:22,(anonymous_0)
FNDA:2,(anonymous_1)
FNDA:22,(anonymous_2)
FNDA:56,(anonymous_3)
FNDA:2,(anonymous_4)
FNDA:22,traverseInOrder
FNDA:1,(anonymous_6)
FNDA:22,(anonymous_7)
FNDA:11,(anonymous_8)
FNDA:1,treeintersection
FNDA:11,(anonymous_10)
FNDA:11,(anonymous_11)
DA:7,22
DA:8,22
DA:9,22
DA:18,2
DA:23,22
DA:24,22
DA:25,2
DA:27,2
DA:31,20
DA:33,56
DA:35,19
DA:37,9
DA:39,9
DA:41,10
DA:43,10
DA:45,37
DA:47,37
DA:49,11
DA:51,11
DA:53,26
DA:55,26
DA:58,0
DA:61,20
DA:67,2
DA:69,0
DA:73,2
DA:77,22
DA:79,22
DA:81,22
DA:83,2
DA:85,2
DA:93,1
DA:94,1
DA:95,1
DA:100,22
DA:104,11
DA:105,11
DA:106,11
DA:107,11
DA:109,11
DA:110,11
DA:111,11
DA:112,11
DA:121,1
DA:123,1
DA:125,1
DA:127,1
DA:129,1
DA:131,11
DA:134,1
DA:136,1
DA:138,11
DA:140,11
DA:141,7
DA:145,1
DA:150,0
DA:155,1
LF:57
LH:54
BRDA:6,0,0,22
BRDA:6,1,0,22
BRDA:24,2,0,2
BRDA:24,2,1,20
BRDA:33,3,0,19
BRDA:33,3,1,37
BRDA:35,4,0,9
BRDA:35,4,1,10
BRDA:41,5,0,10
BRDA:41,5,1,0
BRDA:45,6,0,37
BRDA:45,6,1,0
BRDA:47,7,0,11
BRDA:47,7,1,26
BRDA:53,8,0,26
BRDA:53,8,1,0
BRDA:67,9,0,0
BRDA:67,9,1,2
BRDA:77,10,0,22
BRDA:77,10,1,9
BRDA:81,11,0,22
BRDA:81,11,1,11
BRDA:106,12,0,11
BRDA:106,12,1,0
BRDA:123,13,0,1
BRDA:123,13,1,0
BRDA:123,14,0,1
BRDA:123,14,1,1
BRDA:140,15,0,7
BRDA:140,15,1,4
BRF:30
BRH:24
end_of_record
