{"/home/noor/ASAC/data-structures-and-algorithms-401/InsertionSort/insertsort.js": {"path":"/home/noor/ASAC/data-structures-and-algorithms-401/InsertionSort/insertsort.js","statementMap":{"0":{"start":{"line":5,"column":4},"end":{"line":15,"column":5}},"1":{"start":{"line":5,"column":17},"end":{"line":5,"column":18}},"2":{"start":{"line":6,"column":8},"end":{"line":14,"column":9}},"3":{"start":{"line":6,"column":21},"end":{"line":6,"column":22}},"4":{"start":{"line":7,"column":12},"end":{"line":13,"column":13}},"5":{"start":{"line":8,"column":32},"end":{"line":8,"column":42}},"6":{"start":{"line":9,"column":16},"end":{"line":9,"column":44}},"7":{"start":{"line":10,"column":16},"end":{"line":10,"column":41}},"8":{"start":{"line":12,"column":16},"end":{"line":12,"column":22}},"9":{"start":{"line":16,"column":4},"end":{"line":16,"column":19}},"10":{"start":{"line":20,"column":4},"end":{"line":30,"column":5}},"11":{"start":{"line":20,"column":17},"end":{"line":20,"column":18}},"12":{"start":{"line":21,"column":8},"end":{"line":29,"column":9}},"13":{"start":{"line":21,"column":21},"end":{"line":21,"column":22}},"14":{"start":{"line":22,"column":12},"end":{"line":28,"column":13}},"15":{"start":{"line":23,"column":32},"end":{"line":23,"column":43}},"16":{"start":{"line":24,"column":16},"end":{"line":24,"column":46}},"17":{"start":{"line":25,"column":16},"end":{"line":25,"column":42}},"18":{"start":{"line":27,"column":16},"end":{"line":27,"column":22}},"19":{"start":{"line":31,"column":4},"end":{"line":31,"column":20}},"20":{"start":{"line":35,"column":0},"end":{"line":35,"column":50}}},"fnMap":{"0":{"name":"InserationSort","decl":{"start":{"line":4,"column":9},"end":{"line":4,"column":23}},"loc":{"start":{"line":4,"column":33},"end":{"line":17,"column":1}},"line":4},"1":{"name":"Reversesorted","decl":{"start":{"line":19,"column":9},"end":{"line":19,"column":22}},"loc":{"start":{"line":19,"column":33},"end":{"line":32,"column":1}},"line":19}},"branchMap":{"0":{"loc":{"start":{"line":7,"column":12},"end":{"line":13,"column":13}},"type":"if","locations":[{"start":{"line":7,"column":12},"end":{"line":13,"column":13}},{"start":{"line":7,"column":12},"end":{"line":13,"column":13}}],"line":7},"1":{"loc":{"start":{"line":22,"column":12},"end":{"line":28,"column":13}},"type":"if","locations":[{"start":{"line":22,"column":12},"end":{"line":28,"column":13}},{"start":{"line":22,"column":12},"end":{"line":28,"column":13}}],"line":22}},"s":{"0":1,"1":1,"2":5,"3":5,"4":8,"5":6,"6":6,"7":6,"8":2,"9":1,"10":1,"11":1,"12":5,"13":5,"14":12,"15":9,"16":9,"17":9,"18":3,"19":1,"20":1},"f":{"0":1,"1":1},"b":{"0":[6,2],"1":[9,3]},"_coverageSchema":"1a1c01bbd47fc00a2c39e90264f33305004495a9","hash":"6216f959cf4f0d205fbbe48a2e3f504da53ca4aa"}
}
