{"/home/noor/ASAC/data-structures-and-algorithms-401/linked-list-kth-1/LinkedList.js": {"path":"/home/noor/ASAC/data-structures-and-algorithms-401/linked-list-kth-1/LinkedList.js","statementMap":{"0":{"start":{"line":3,"column":13},"end":{"line":3,"column":30}},"1":{"start":{"line":7,"column":8},"end":{"line":7,"column":23}},"2":{"start":{"line":8,"column":8},"end":{"line":8,"column":22}},"3":{"start":{"line":12,"column":22},"end":{"line":12,"column":31}},"4":{"start":{"line":14,"column":8},"end":{"line":22,"column":9}},"5":{"start":{"line":16,"column":10},"end":{"line":19,"column":11}},"6":{"start":{"line":17,"column":12},"end":{"line":17,"column":43}},"7":{"start":{"line":18,"column":12},"end":{"line":18,"column":19}},"8":{"start":{"line":20,"column":10},"end":{"line":20,"column":33}},"9":{"start":{"line":26,"column":8},"end":{"line":32,"column":9}},"10":{"start":{"line":27,"column":10},"end":{"line":27,"column":39}},"11":{"start":{"line":31,"column":10},"end":{"line":31,"column":42}},"12":{"start":{"line":36,"column":22},"end":{"line":36,"column":31}},"13":{"start":{"line":37,"column":8},"end":{"line":45,"column":9}},"14":{"start":{"line":38,"column":10},"end":{"line":44,"column":11}},"15":{"start":{"line":39,"column":12},"end":{"line":39,"column":24}},"16":{"start":{"line":40,"column":17},"end":{"line":44,"column":11}},"17":{"start":{"line":41,"column":12},"end":{"line":41,"column":25}},"18":{"start":{"line":43,"column":12},"end":{"line":43,"column":35}},"19":{"start":{"line":49,"column":23},"end":{"line":49,"column":32}},"20":{"start":{"line":50,"column":22},"end":{"line":50,"column":40}},"21":{"start":{"line":51,"column":8},"end":{"line":62,"column":9}},"22":{"start":{"line":52,"column":10},"end":{"line":60,"column":11}},"23":{"start":{"line":53,"column":12},"end":{"line":53,"column":36}},"24":{"start":{"line":54,"column":12},"end":{"line":54,"column":32}},"25":{"start":{"line":55,"column":17},"end":{"line":60,"column":11}},"26":{"start":{"line":56,"column":27},"end":{"line":56,"column":40}},"27":{"start":{"line":57,"column":12},"end":{"line":57,"column":36}},"28":{"start":{"line":58,"column":12},"end":{"line":58,"column":36}},"29":{"start":{"line":59,"column":12},"end":{"line":59,"column":19}},"30":{"start":{"line":61,"column":10},"end":{"line":61,"column":35}},"31":{"start":{"line":67,"column":23},"end":{"line":67,"column":41}},"32":{"start":{"line":68,"column":8},"end":{"line":79,"column":9}},"33":{"start":{"line":69,"column":22},"end":{"line":69,"column":31}},"34":{"start":{"line":70,"column":10},"end":{"line":78,"column":11}},"35":{"start":{"line":71,"column":12},"end":{"line":76,"column":13}},"36":{"start":{"line":72,"column":27},"end":{"line":72,"column":39}},"37":{"start":{"line":73,"column":14},"end":{"line":73,"column":38}},"38":{"start":{"line":74,"column":14},"end":{"line":74,"column":39}},"39":{"start":{"line":75,"column":14},"end":{"line":75,"column":22}},"40":{"start":{"line":77,"column":12},"end":{"line":77,"column":33}},"41":{"start":{"line":80,"column":8},"end":{"line":80,"column":16}},"42":{"start":{"line":85,"column":19},"end":{"line":85,"column":28}},"43":{"start":{"line":86,"column":23},"end":{"line":86,"column":42}},"44":{"start":{"line":87,"column":18},"end":{"line":87,"column":19}},"45":{"start":{"line":88,"column":8},"end":{"line":94,"column":9}},"46":{"start":{"line":89,"column":10},"end":{"line":91,"column":11}},"47":{"start":{"line":90,"column":12},"end":{"line":90,"column":37}},"48":{"start":{"line":92,"column":10},"end":{"line":92,"column":27}},"49":{"start":{"line":93,"column":10},"end":{"line":93,"column":16}},"50":{"start":{"line":95,"column":8},"end":{"line":95,"column":15}},"51":{"start":{"line":101,"column":4},"end":{"line":101,"column":40}}},"fnMap":{"0":{"name":"(anonymous_0)","decl":{"start":{"line":6,"column":4},"end":{"line":6,"column":5}},"loc":{"start":{"line":6,"column":17},"end":{"line":9,"column":5}},"line":6},"1":{"name":"(anonymous_1)","decl":{"start":{"line":11,"column":4},"end":{"line":11,"column":5}},"loc":{"start":{"line":11,"column":18},"end":{"line":23,"column":7}},"line":11},"2":{"name":"(anonymous_2)","decl":{"start":{"line":25,"column":6},"end":{"line":25,"column":7}},"loc":{"start":{"line":25,"column":19},"end":{"line":33,"column":7}},"line":25},"3":{"name":"(anonymous_3)","decl":{"start":{"line":35,"column":6},"end":{"line":35,"column":7}},"loc":{"start":{"line":35,"column":22},"end":{"line":46,"column":7}},"line":35},"4":{"name":"(anonymous_4)","decl":{"start":{"line":48,"column":6},"end":{"line":48,"column":7}},"loc":{"start":{"line":48,"column":36},"end":{"line":64,"column":7}},"line":48},"5":{"name":"(anonymous_5)","decl":{"start":{"line":66,"column":6},"end":{"line":66,"column":7}},"loc":{"start":{"line":66,"column":34},"end":{"line":81,"column":7}},"line":66},"6":{"name":"(anonymous_6)","decl":{"start":{"line":84,"column":6},"end":{"line":84,"column":7}},"loc":{"start":{"line":84,"column":17},"end":{"line":96,"column":7}},"line":84}},"branchMap":{"0":{"loc":{"start":{"line":16,"column":10},"end":{"line":19,"column":11}},"type":"if","locations":[{"start":{"line":16,"column":10},"end":{"line":19,"column":11}},{"start":{"line":16,"column":10},"end":{"line":19,"column":11}}],"line":16},"1":{"loc":{"start":{"line":38,"column":10},"end":{"line":44,"column":11}},"type":"if","locations":[{"start":{"line":38,"column":10},"end":{"line":44,"column":11}},{"start":{"line":38,"column":10},"end":{"line":44,"column":11}}],"line":38},"2":{"loc":{"start":{"line":40,"column":17},"end":{"line":44,"column":11}},"type":"if","locations":[{"start":{"line":40,"column":17},"end":{"line":44,"column":11}},{"start":{"line":40,"column":17},"end":{"line":44,"column":11}}],"line":40},"3":{"loc":{"start":{"line":52,"column":10},"end":{"line":60,"column":11}},"type":"if","locations":[{"start":{"line":52,"column":10},"end":{"line":60,"column":11}},{"start":{"line":52,"column":10},"end":{"line":60,"column":11}}],"line":52},"4":{"loc":{"start":{"line":55,"column":17},"end":{"line":60,"column":11}},"type":"if","locations":[{"start":{"line":55,"column":17},"end":{"line":60,"column":11}},{"start":{"line":55,"column":17},"end":{"line":60,"column":11}}],"line":55},"5":{"loc":{"start":{"line":68,"column":8},"end":{"line":79,"column":9}},"type":"if","locations":[{"start":{"line":68,"column":8},"end":{"line":79,"column":9}},{"start":{"line":68,"column":8},"end":{"line":79,"column":9}}],"line":68},"6":{"loc":{"start":{"line":71,"column":12},"end":{"line":76,"column":13}},"type":"if","locations":[{"start":{"line":71,"column":12},"end":{"line":76,"column":13}},{"start":{"line":71,"column":12},"end":{"line":76,"column":13}}],"line":71},"7":{"loc":{"start":{"line":89,"column":10},"end":{"line":91,"column":11}},"type":"if","locations":[{"start":{"line":89,"column":10},"end":{"line":91,"column":11}},{"start":{"line":89,"column":10},"end":{"line":91,"column":11}}],"line":89}},"s":{"0":1,"1":1,"2":1,"3":0,"4":0,"5":0,"6":0,"7":0,"8":0,"9":3,"10":3,"11":0,"12":2,"13":2,"14":2,"15":1,"16":1,"17":1,"18":0,"19":0,"20":0,"21":0,"22":0,"23":0,"24":0,"25":0,"26":0,"27":0,"28":0,"29":0,"30":0,"31":1,"32":1,"33":1,"34":1,"35":1,"36":1,"37":1,"38":1,"39":1,"40":0,"41":0,"42":0,"43":0,"44":0,"45":0,"46":0,"47":0,"48":0,"49":0,"50":0,"51":1},"f":{"0":1,"1":0,"2":3,"3":2,"4":0,"5":1,"6":0},"b":{"0":[0,0],"1":[1,1],"2":[1,0],"3":[0,0],"4":[0,0],"5":[1,0],"6":[1,0],"7":[0,0]},"_coverageSchema":"1a1c01bbd47fc00a2c39e90264f33305004495a9","hash":"7a2af95d7f36c3370caaf6955c6f1501a96fdccf"}
,"/home/noor/ASAC/data-structures-and-algorithms-401/linked-list-kth-1/node.js": {"path":"/home/noor/ASAC/data-structures-and-algorithms-401/linked-list-kth-1/node.js","statementMap":{"0":{"start":{"line":5,"column":8},"end":{"line":5,"column":27}},"1":{"start":{"line":6,"column":8},"end":{"line":6,"column":25}},"2":{"start":{"line":10,"column":0},"end":{"line":10,"column":22}}},"fnMap":{"0":{"name":"(anonymous_0)","decl":{"start":{"line":4,"column":4},"end":{"line":4,"column":5}},"loc":{"start":{"line":4,"column":23},"end":{"line":7,"column":5}},"line":4}},"branchMap":{},"s":{"0":4,"1":4,"2":1},"f":{"0":4},"b":{},"_coverageSchema":"1a1c01bbd47fc00a2c39e90264f33305004495a9","hash":"9a4120edcc880d85377ed25bed2ecb5c5b64cc44"}
}
