TN:
SF:LinkedList.js
FN:6,(anonymous_0)
FN:11,(anonymous_1)
FN:25,(anonymous_2)
FN:35,(anonymous_3)
FN:48,(anonymous_4)
FN:66,(anonymous_5)
FN:84,(anonymous_6)
FNF:7
FNH:4
FNDA:1,(anonymous_0)
FNDA:0,(anonymous_1)
FNDA:3,(anonymous_2)
FNDA:2,(anonymous_3)
FNDA:0,(anonymous_4)
FNDA:1,(anonymous_5)
FNDA:0,(anonymous_6)
DA:3,1
DA:7,1
DA:8,1
DA:12,0
DA:14,0
DA:16,0
DA:17,0
DA:18,0
DA:20,0
DA:26,3
DA:27,3
DA:31,0
DA:36,2
DA:37,2
DA:38,2
DA:39,1
DA:40,1
DA:41,1
DA:43,0
DA:49,0
DA:50,0
DA:51,0
DA:52,0
DA:53,0
DA:54,0
DA:55,0
DA:56,0
DA:57,0
DA:58,0
DA:59,0
DA:61,0
DA:67,1
DA:68,1
DA:69,1
DA:70,1
DA:71,1
DA:72,1
DA:73,1
DA:74,1
DA:75,1
DA:77,0
DA:80,0
DA:85,0
DA:86,0
DA:87,0
DA:88,0
DA:89,0
DA:90,0
DA:92,0
DA:93,0
DA:95,0
DA:101,1
LF:52
LH:21
BRDA:16,0,0,0
BRDA:16,0,1,0
BRDA:38,1,0,1
BRDA:38,1,1,1
BRDA:40,2,0,1
BRDA:40,2,1,0
BRDA:52,3,0,0
BRDA:52,3,1,0
BRDA:55,4,0,0
BRDA:55,4,1,0
BRDA:68,5,0,1
BRDA:68,5,1,0
BRDA:71,6,0,1
BRDA:71,6,1,0
BRDA:89,7,0,0
BRDA:89,7,1,0
BRF:16
BRH:5
end_of_record
TN:
SF:node.js
FN:4,(anonymous_0)
FNF:1
FNH:1
FNDA:4,(anonymous_0)
DA:5,4
DA:6,4
DA:10,1
LF:3
LH:3
BRF:0
BRH:0
end_of_record
