{"/home/noor/ASAC/data-structures-and-algorithms-401/adjacencymatrix/adjmat.js": {"path":"/home/noor/ASAC/data-structures-and-algorithms-401/adjacencymatrix/adjmat.js","statementMap":{"0":{"start":{"line":6,"column":4},"end":{"line":6,"column":19}},"1":{"start":{"line":7,"column":4},"end":{"line":7,"column":19}},"2":{"start":{"line":12,"column":16},"end":{"line":12,"column":18}},"3":{"start":{"line":13,"column":4},"end":{"line":20,"column":9}},"4":{"start":{"line":13,"column":17},"end":{"line":13,"column":18}},"5":{"start":{"line":14,"column":8},"end":{"line":14,"column":30}},"6":{"start":{"line":15,"column":12},"end":{"line":17,"column":13}},"7":{"start":{"line":15,"column":25},"end":{"line":15,"column":26}},"8":{"start":{"line":16,"column":15},"end":{"line":16,"column":44}},"9":{"start":{"line":18,"column":8},"end":{"line":18,"column":20}},"10":{"start":{"line":19,"column":11},"end":{"line":19,"column":28}},"11":{"start":{"line":21,"column":8},"end":{"line":21,"column":31}},"12":{"start":{"line":25,"column":16},"end":{"line":25,"column":17}},"13":{"start":{"line":26,"column":17},"end":{"line":26,"column":19}},"14":{"start":{"line":28,"column":8},"end":{"line":29,"column":25}},"15":{"start":{"line":28,"column":21},"end":{"line":28,"column":22}},"16":{"start":{"line":29,"column":12},"end":{"line":29,"column":25}},"17":{"start":{"line":31,"column":8},"end":{"line":31,"column":32}},"18":{"start":{"line":32,"column":8},"end":{"line":32,"column":32}},"19":{"start":{"line":33,"column":8},"end":{"line":33,"column":32}},"20":{"start":{"line":34,"column":8},"end":{"line":34,"column":32}},"21":{"start":{"line":35,"column":8},"end":{"line":35,"column":32}},"22":{"start":{"line":36,"column":8},"end":{"line":36,"column":32}},"23":{"start":{"line":37,"column":8},"end":{"line":37,"column":32}},"24":{"start":{"line":38,"column":11},"end":{"line":38,"column":45}},"25":{"start":{"line":40,"column":0},"end":{"line":40,"column":47}}},"fnMap":{"0":{"name":"addEdgeInter","decl":{"start":{"line":4,"column":9},"end":{"line":4,"column":21}},"loc":{"start":{"line":5,"column":0},"end":{"line":8,"column":1}},"line":5},"1":{"name":"printGraphInter","decl":{"start":{"line":10,"column":9},"end":{"line":10,"column":24}},"loc":{"start":{"line":11,"column":0},"end":{"line":22,"column":1}},"line":11}},"branchMap":{},"s":{"0":14,"1":14,"2":2,"3":2,"4":2,"5":10,"6":10,"7":10,"8":28,"9":10,"10":10,"11":2,"12":1,"13":1,"14":1,"15":1,"16":5,"17":1,"18":1,"19":1,"20":1,"21":1,"22":1,"23":1,"24":1,"25":1},"f":{"0":14,"1":2},"b":{},"_coverageSchema":"1a1c01bbd47fc00a2c39e90264f33305004495a9","hash":"9ba078af5ecd9c795ab1d6fab3b6d0a6939a30ea"}
}
