<?xml version="1.0" encoding="UTF-8"?>
<coverage generated="1632589897847" clover="3.2.0">
  <project timestamp="1632589897847" name="All files">
    <metrics statements="35" coveredstatements="33" conditionals="11" coveredconditionals="10" methods="8" coveredmethods="8" elements="54" coveredelements="51" complexity="0" loc="35" ncloc="35" packages="1" files="2" classes="2"/>
    <file name=" unique.js" path="/home/noor/ASAC/data-structures-and-algorithms-401/ uniquecharacters/ unique.js">
      <metrics statements="12" coveredstatements="11" conditionals="4" coveredconditionals="4" methods="1" coveredmethods="1"/>
      <line num="4" count="1" type="stmt"/>
      <line num="9" count="1" type="stmt"/>
      <line num="12" count="1" type="stmt"/>
      <line num="18" count="1" type="stmt"/>
      <line num="20" count="18" type="cond" truecount="2" falsecount="0"/>
      <line num="22" count="15" type="stmt"/>
      <line num="24" count="15" type="stmt"/>
      <line num="26" count="15" type="stmt"/>
      <line num="28" count="15" type="cond" truecount="2" falsecount="0"/>
      <line num="30" count="1" type="stmt"/>
      <line num="34" count="0" type="stmt"/>
      <line num="40" count="1" type="stmt"/>
    </file>
    <file name="unique2.js" path="/home/noor/ASAC/data-structures-and-algorithms-401/ uniquecharacters/unique2.js">
      <metrics statements="23" coveredstatements="22" conditionals="7" coveredconditionals="6" methods="7" coveredmethods="7"/>
      <line num="10" count="15" type="stmt"/>
      <line num="11" count="15" type="stmt"/>
      <line num="18" count="14" type="stmt"/>
      <line num="23" count="15" type="stmt"/>
      <line num="24" count="15" type="cond" truecount="2" falsecount="0"/>
      <line num="25" count="14" type="stmt"/>
      <line num="27" count="1" type="stmt"/>
      <line num="28" count="1" type="stmt"/>
      <line num="39" count="1" type="stmt"/>
      <line num="40" count="1" type="stmt"/>
      <line num="45" count="30" type="stmt"/>
      <line num="46" count="30" type="stmt"/>
      <line num="49" count="30" type="stmt"/>
      <line num="50" count="30" type="stmt"/>
      <line num="58" count="15" type="cond" truecount="1" falsecount="1"/>
      <line num="61" count="0" type="stmt"/>
      <line num="66" count="15" type="stmt"/>
      <line num="69" count="15" type="cond" truecount="2" falsecount="0"/>
      <line num="72" count="14" type="stmt"/>
      <line num="74" count="14" type="stmt"/>
      <line num="76" count="14" type="stmt"/>
      <line num="79" count="1" type="stmt"/>
      <line num="98" count="1" type="stmt"/>
    </file>
  </project>
</coverage>
