{"/home/noor/ASAC/data-structures-and-algorithms-401/ uniquecharacters/ unique.js": {"path":"/home/noor/ASAC/data-structures-and-algorithms-401/ uniquecharacters/ unique.js","statementMap":{"0":{"start":{"line":4,"column":20},"end":{"line":4,"column":41}},"1":{"start":{"line":9,"column":16},"end":{"line":9,"column":38}},"2":{"start":{"line":12,"column":20},"end":{"line":12,"column":36}},"3":{"start":{"line":18,"column":4},"end":{"line":33,"column":5}},"4":{"start":{"line":18,"column":17},"end":{"line":18,"column":18}},"5":{"start":{"line":20,"column":8},"end":{"line":32,"column":9}},"6":{"start":{"line":22,"column":12},"end":{"line":22,"column":45}},"7":{"start":{"line":24,"column":12},"end":{"line":24,"column":38}},"8":{"start":{"line":26,"column":12},"end":{"line":26,"column":39}},"9":{"start":{"line":28,"column":12},"end":{"line":31,"column":13}},"10":{"start":{"line":30,"column":16},"end":{"line":30,"column":29}},"11":{"start":{"line":34,"column":4},"end":{"line":34,"column":16}},"12":{"start":{"line":40,"column":0},"end":{"line":40,"column":38}}},"fnMap":{"0":{"name":"uniqueCharactersinter","decl":{"start":{"line":7,"column":9},"end":{"line":7,"column":30}},"loc":{"start":{"line":7,"column":39},"end":{"line":35,"column":1}},"line":7}},"branchMap":{"0":{"loc":{"start":{"line":20,"column":8},"end":{"line":32,"column":9}},"type":"if","locations":[{"start":{"line":20,"column":8},"end":{"line":32,"column":9}},{"start":{"line":20,"column":8},"end":{"line":32,"column":9}}],"line":20},"1":{"loc":{"start":{"line":28,"column":12},"end":{"line":31,"column":13}},"type":"if","locations":[{"start":{"line":28,"column":12},"end":{"line":31,"column":13}},{"start":{"line":28,"column":12},"end":{"line":31,"column":13}}],"line":28}},"s":{"0":1,"1":1,"2":1,"3":1,"4":1,"5":18,"6":15,"7":15,"8":15,"9":15,"10":1,"11":0,"12":1},"f":{"0":1},"b":{"0":[15,3],"1":[1,14]},"_coverageSchema":"1a1c01bbd47fc00a2c39e90264f33305004495a9","hash":"35c872e975448773480c1aed1c3ed1a48046a7b4"}
,"/home/noor/ASAC/data-structures-and-algorithms-401/ uniquecharacters/unique2.js": {"path":"/home/noor/ASAC/data-structures-and-algorithms-401/ uniquecharacters/unique2.js","statementMap":{"0":{"start":{"line":10,"column":8},"end":{"line":10,"column":27}},"1":{"start":{"line":11,"column":8},"end":{"line":11,"column":25}},"2":{"start":{"line":18,"column":8},"end":{"line":18,"column":25}},"3":{"start":{"line":23,"column":21},"end":{"line":23,"column":36}},"4":{"start":{"line":24,"column":8},"end":{"line":29,"column":9}},"5":{"start":{"line":25,"column":12},"end":{"line":25,"column":29}},"6":{"start":{"line":27,"column":12},"end":{"line":27,"column":34}},"7":{"start":{"line":28,"column":12},"end":{"line":28,"column":29}},"8":{"start":{"line":39,"column":8},"end":{"line":39,"column":25}},"9":{"start":{"line":40,"column":8},"end":{"line":40,"column":39}},"10":{"start":{"line":45,"column":20},"end":{"line":47,"column":13}},"11":{"start":{"line":46,"column":12},"end":{"line":46,"column":44}},"12":{"start":{"line":49,"column":27},"end":{"line":49,"column":49}},"13":{"start":{"line":50,"column":8},"end":{"line":50,"column":26}},"14":{"start":{"line":58,"column":8},"end":{"line":67,"column":9}},"15":{"start":{"line":61,"column":12},"end":{"line":61,"column":26}},"16":{"start":{"line":66,"column":12},"end":{"line":66,"column":37}},"17":{"start":{"line":69,"column":8},"end":{"line":80,"column":9}},"18":{"start":{"line":72,"column":33},"end":{"line":72,"column":49}},"19":{"start":{"line":74,"column":12},"end":{"line":74,"column":48}},"20":{"start":{"line":76,"column":12},"end":{"line":76,"column":49}},"21":{"start":{"line":79,"column":12},"end":{"line":79,"column":57}},"22":{"start":{"line":98,"column":0},"end":{"line":98,"column":24}}},"fnMap":{"0":{"name":"(anonymous_0)","decl":{"start":{"line":9,"column":4},"end":{"line":9,"column":5}},"loc":{"start":{"line":9,"column":36},"end":{"line":12,"column":5}},"line":9},"1":{"name":"(anonymous_1)","decl":{"start":{"line":17,"column":4},"end":{"line":17,"column":5}},"loc":{"start":{"line":17,"column":18},"end":{"line":19,"column":5}},"line":17},"2":{"name":"(anonymous_2)","decl":{"start":{"line":22,"column":4},"end":{"line":22,"column":5}},"loc":{"start":{"line":22,"column":18},"end":{"line":30,"column":5}},"line":22},"3":{"name":"(anonymous_3)","decl":{"start":{"line":38,"column":4},"end":{"line":38,"column":5}},"loc":{"start":{"line":38,"column":22},"end":{"line":41,"column":5}},"line":38},"4":{"name":"(anonymous_4)","decl":{"start":{"line":43,"column":4},"end":{"line":43,"column":5}},"loc":{"start":{"line":43,"column":14},"end":{"line":51,"column":5}},"line":43},"5":{"name":"(anonymous_5)","decl":{"start":{"line":45,"column":41},"end":{"line":45,"column":42}},"loc":{"start":{"line":45,"column":56},"end":{"line":47,"column":9}},"line":45},"6":{"name":"(anonymous_6)","decl":{"start":{"line":54,"column":4},"end":{"line":54,"column":5}},"loc":{"start":{"line":54,"column":18},"end":{"line":81,"column":5}},"line":54}},"branchMap":{"0":{"loc":{"start":{"line":9,"column":23},"end":{"line":9,"column":34}},"type":"default-arg","locations":[{"start":{"line":9,"column":30},"end":{"line":9,"column":34}}],"line":9},"1":{"loc":{"start":{"line":24,"column":8},"end":{"line":29,"column":9}},"type":"if","locations":[{"start":{"line":24,"column":8},"end":{"line":29,"column":9}},{"start":{"line":24,"column":8},"end":{"line":29,"column":9}}],"line":24},"2":{"loc":{"start":{"line":58,"column":8},"end":{"line":67,"column":9}},"type":"if","locations":[{"start":{"line":58,"column":8},"end":{"line":67,"column":9}},{"start":{"line":58,"column":8},"end":{"line":67,"column":9}}],"line":58},"3":{"loc":{"start":{"line":69,"column":8},"end":{"line":80,"column":9}},"type":"if","locations":[{"start":{"line":69,"column":8},"end":{"line":80,"column":9}},{"start":{"line":69,"column":8},"end":{"line":80,"column":9}}],"line":69}},"s":{"0":15,"1":15,"2":14,"3":15,"4":15,"5":14,"6":1,"7":1,"8":1,"9":1,"10":30,"11":30,"12":30,"13":30,"14":15,"15":0,"16":15,"17":15,"18":14,"19":14,"20":14,"21":1,"22":1},"f":{"0":15,"1":14,"2":15,"3":1,"4":30,"5":30,"6":15},"b":{"0":[15],"1":[14,1],"2":[0,15],"3":[14,1]},"_coverageSchema":"1a1c01bbd47fc00a2c39e90264f33305004495a9","hash":"961b06c790208a12619ecef519b4aa3654b03169"}
}
