TN:
SF: unique.js
FN:7,uniqueCharactersinter
FNF:1
FNH:1
FNDA:1,uniqueCharactersinter
DA:4,1
DA:9,1
DA:12,1
DA:18,1
DA:20,18
DA:22,15
DA:24,15
DA:26,15
DA:28,15
DA:30,1
DA:34,0
DA:40,1
LF:12
LH:11
BRDA:20,0,0,15
BRDA:20,0,1,3
BRDA:28,1,0,1
BRDA:28,1,1,14
BRF:4
BRH:4
end_of_record
TN:
SF:unique2.js
FN:9,(anonymous_0)
FN:17,(anonymous_1)
FN:22,(anonymous_2)
FN:38,(anonymous_3)
FN:43,(anonymous_4)
FN:45,(anonymous_5)
FN:54,(anonymous_6)
FNF:7
FNH:7
FNDA:15,(anonymous_0)
FNDA:14,(anonymous_1)
FNDA:15,(anonymous_2)
FNDA:1,(anonymous_3)
FNDA:30,(anonymous_4)
FNDA:30,(anonymous_5)
FNDA:15,(anonymous_6)
DA:10,15
DA:11,15
DA:18,14
DA:23,15
DA:24,15
DA:25,14
DA:27,1
DA:28,1
DA:39,1
DA:40,1
DA:45,30
DA:46,30
DA:49,30
DA:50,30
DA:58,15
DA:61,0
DA:66,15
DA:69,15
DA:72,14
DA:74,14
DA:76,14
DA:79,1
DA:98,1
LF:23
LH:22
BRDA:9,0,0,15
BRDA:24,1,0,14
BRDA:24,1,1,1
BRDA:58,2,0,0
BRDA:58,2,1,15
BRDA:69,3,0,14
BRDA:69,3,1,1
BRF:7
BRH:6
end_of_record
