{"/home/noor/ASAC/data-structures-and-algorithms-401/hashtable/hashtable.js": {"path":"/home/noor/ASAC/data-structures-and-algorithms-401/hashtable/hashtable.js","statementMap":{"0":{"start":{"line":5,"column":8},"end":{"line":5,"column":27}},"1":{"start":{"line":6,"column":8},"end":{"line":6,"column":25}},"2":{"start":{"line":14,"column":8},"end":{"line":14,"column":25}},"3":{"start":{"line":17,"column":21},"end":{"line":17,"column":36}},"4":{"start":{"line":18,"column":8},"end":{"line":21,"column":9}},"5":{"start":{"line":19,"column":12},"end":{"line":19,"column":29}},"6":{"start":{"line":20,"column":12},"end":{"line":20,"column":19}},"7":{"start":{"line":22,"column":22},"end":{"line":22,"column":31}},"8":{"start":{"line":23,"column":8},"end":{"line":25,"column":9}},"9":{"start":{"line":24,"column":12},"end":{"line":24,"column":35}},"10":{"start":{"line":26,"column":8},"end":{"line":26,"column":28}},"11":{"start":{"line":34,"column":8},"end":{"line":34,"column":25}},"12":{"start":{"line":35,"column":8},"end":{"line":35,"column":35}},"13":{"start":{"line":38,"column":8},"end":{"line":40,"column":33}},"14":{"start":{"line":39,"column":12},"end":{"line":39,"column":43}},"15":{"start":{"line":46,"column":24},"end":{"line":46,"column":38}},"16":{"start":{"line":49,"column":8},"end":{"line":51,"column":9}},"17":{"start":{"line":50,"column":12},"end":{"line":50,"column":51}},"18":{"start":{"line":52,"column":20},"end":{"line":52,"column":36}},"19":{"start":{"line":53,"column":8},"end":{"line":53,"column":42}},"20":{"start":{"line":58,"column":24},"end":{"line":58,"column":38}},"21":{"start":{"line":59,"column":8},"end":{"line":68,"column":9}},"22":{"start":{"line":61,"column":26},"end":{"line":61,"column":50}},"23":{"start":{"line":62,"column":12},"end":{"line":67,"column":13}},"24":{"start":{"line":63,"column":16},"end":{"line":64,"column":40}},"25":{"start":{"line":64,"column":20},"end":{"line":64,"column":40}},"26":{"start":{"line":65,"column":16},"end":{"line":65,"column":38}},"27":{"start":{"line":69,"column":8},"end":{"line":69,"column":37}},"28":{"start":{"line":78,"column":24},"end":{"line":78,"column":38}},"29":{"start":{"line":80,"column":8},"end":{"line":91,"column":9}},"30":{"start":{"line":82,"column":26},"end":{"line":82,"column":50}},"31":{"start":{"line":84,"column":12},"end":{"line":90,"column":13}},"32":{"start":{"line":86,"column":16},"end":{"line":88,"column":32}},"33":{"start":{"line":88,"column":20},"end":{"line":88,"column":32}},"34":{"start":{"line":89,"column":16},"end":{"line":89,"column":38}},"35":{"start":{"line":92,"column":8},"end":{"line":92,"column":21}},"36":{"start":{"line":117,"column":0},"end":{"line":117,"column":25}}},"fnMap":{"0":{"name":"(anonymous_0)","decl":{"start":{"line":4,"column":4},"end":{"line":4,"column":5}},"loc":{"start":{"line":4,"column":23},"end":{"line":7,"column":5}},"line":4},"1":{"name":"(anonymous_1)","decl":{"start":{"line":13,"column":4},"end":{"line":13,"column":5}},"loc":{"start":{"line":13,"column":18},"end":{"line":15,"column":5}},"line":13},"2":{"name":"(anonymous_2)","decl":{"start":{"line":16,"column":4},"end":{"line":16,"column":5}},"loc":{"start":{"line":16,"column":18},"end":{"line":27,"column":5}},"line":16},"3":{"name":"(anonymous_3)","decl":{"start":{"line":33,"column":4},"end":{"line":33,"column":5}},"loc":{"start":{"line":33,"column":22},"end":{"line":36,"column":5}},"line":33},"4":{"name":"(anonymous_4)","decl":{"start":{"line":37,"column":4},"end":{"line":37,"column":5}},"loc":{"start":{"line":37,"column":14},"end":{"line":41,"column":5}},"line":37},"5":{"name":"(anonymous_5)","decl":{"start":{"line":38,"column":36},"end":{"line":38,"column":37}},"loc":{"start":{"line":38,"column":51},"end":{"line":40,"column":9}},"line":38},"6":{"name":"(anonymous_6)","decl":{"start":{"line":44,"column":4},"end":{"line":44,"column":5}},"loc":{"start":{"line":44,"column":20},"end":{"line":54,"column":5}},"line":44},"7":{"name":"(anonymous_7)","decl":{"start":{"line":57,"column":4},"end":{"line":57,"column":5}},"loc":{"start":{"line":57,"column":13},"end":{"line":74,"column":5}},"line":57},"8":{"name":"(anonymous_8)","decl":{"start":{"line":77,"column":4},"end":{"line":77,"column":5}},"loc":{"start":{"line":77,"column":18},"end":{"line":93,"column":5}},"line":77}},"branchMap":{"0":{"loc":{"start":{"line":18,"column":8},"end":{"line":21,"column":9}},"type":"if","locations":[{"start":{"line":18,"column":8},"end":{"line":21,"column":9}},{"start":{"line":18,"column":8},"end":{"line":21,"column":9}}],"line":18},"1":{"loc":{"start":{"line":49,"column":8},"end":{"line":51,"column":9}},"type":"if","locations":[{"start":{"line":49,"column":8},"end":{"line":51,"column":9}},{"start":{"line":49,"column":8},"end":{"line":51,"column":9}}],"line":49},"2":{"loc":{"start":{"line":59,"column":8},"end":{"line":68,"column":9}},"type":"if","locations":[{"start":{"line":59,"column":8},"end":{"line":68,"column":9}},{"start":{"line":59,"column":8},"end":{"line":68,"column":9}}],"line":59},"3":{"loc":{"start":{"line":63,"column":16},"end":{"line":64,"column":40}},"type":"if","locations":[{"start":{"line":63,"column":16},"end":{"line":64,"column":40}},{"start":{"line":63,"column":16},"end":{"line":64,"column":40}}],"line":63},"4":{"loc":{"start":{"line":80,"column":8},"end":{"line":91,"column":9}},"type":"if","locations":[{"start":{"line":80,"column":8},"end":{"line":91,"column":9}},{"start":{"line":80,"column":8},"end":{"line":91,"column":9}}],"line":80},"5":{"loc":{"start":{"line":86,"column":16},"end":{"line":88,"column":32}},"type":"if","locations":[{"start":{"line":86,"column":16},"end":{"line":88,"column":32}},{"start":{"line":86,"column":16},"end":{"line":88,"column":32}}],"line":86}},"s":{"0":3,"1":3,"2":3,"3":3,"4":3,"5":3,"6":3,"7":0,"8":0,"9":0,"10":0,"11":2,"12":2,"13":4,"14":15,"15":3,"16":3,"17":3,"18":3,"19":3,"20":1,"21":1,"22":1,"23":1,"24":1,"25":1,"26":0,"27":0,"28":0,"29":0,"30":0,"31":0,"32":0,"33":0,"34":0,"35":0,"36":1},"f":{"0":3,"1":3,"2":3,"3":2,"4":4,"5":15,"6":3,"7":1,"8":0},"b":{"0":[3,0],"1":[3,0],"2":[1,0],"3":[1,0],"4":[0,0],"5":[0,0]},"_coverageSchema":"1a1c01bbd47fc00a2c39e90264f33305004495a9","hash":"9562126354084ad3a05117e689f947081aef61d2"}
}
