TN:
SF:hashtable.js
FN:4,(anonymous_0)
FN:13,(anonymous_1)
FN:16,(anonymous_2)
FN:33,(anonymous_3)
FN:37,(anonymous_4)
FN:38,(anonymous_5)
FN:44,(anonymous_6)
FN:57,(anonymous_7)
FN:77,(anonymous_8)
FNF:9
FNH:8
FNDA:3,(anonymous_0)
FNDA:3,(anonymous_1)
FNDA:3,(anonymous_2)
FNDA:2,(anonymous_3)
FNDA:4,(anonymous_4)
FNDA:15,(anonymous_5)
FNDA:3,(anonymous_6)
FNDA:1,(anonymous_7)
FNDA:0,(anonymous_8)
DA:5,3
DA:6,3
DA:14,3
DA:17,3
DA:18,3
DA:19,3
DA:20,3
DA:22,0
DA:23,0
DA:24,0
DA:26,0
DA:34,2
DA:35,2
DA:38,4
DA:39,15
DA:46,3
DA:49,3
DA:50,3
DA:52,3
DA:53,3
DA:58,1
DA:59,1
DA:61,1
DA:62,1
DA:63,1
DA:64,1
DA:65,0
DA:69,0
DA:78,0
DA:80,0
DA:82,0
DA:84,0
DA:86,0
DA:88,0
DA:89,0
DA:92,0
DA:117,1
LF:37
LH:23
BRDA:18,0,0,3
BRDA:18,0,1,0
BRDA:49,1,0,3
BRDA:49,1,1,0
BRDA:59,2,0,1
BRDA:59,2,1,0
BRDA:63,3,0,1
BRDA:63,3,1,0
BRDA:80,4,0,0
BRDA:80,4,1,0
BRDA:86,5,0,0
BRDA:86,5,1,0
BRF:12
BRH:4
end_of_record
