{"/home/noor/ASAC/data-structures-and-algorithms-401/Maxstack/Maxstack.js": {"path":"/home/noor/ASAC/data-structures-and-algorithms-401/Maxstack/Maxstack.js","statementMap":{"0":{"start":{"line":6,"column":8},"end":{"line":6,"column":35}},"1":{"start":{"line":7,"column":8},"end":{"line":7,"column":24}},"2":{"start":{"line":10,"column":8},"end":{"line":11,"column":52}},"3":{"start":{"line":11,"column":12},"end":{"line":11,"column":52}},"4":{"start":{"line":12,"column":8},"end":{"line":12,"column":35}},"5":{"start":{"line":13,"column":8},"end":{"line":13,"column":24}},"6":{"start":{"line":15,"column":13},"end":{"line":15,"column":29}},"7":{"start":{"line":18,"column":19},"end":{"line":18,"column":39}},"8":{"start":{"line":19,"column":8},"end":{"line":19,"column":35}},"9":{"start":{"line":20,"column":8},"end":{"line":20,"column":20}},"10":{"start":{"line":24,"column":8},"end":{"line":25,"column":26}},"11":{"start":{"line":24,"column":38},"end":{"line":24,"column":50}},"12":{"start":{"line":25,"column":13},"end":{"line":25,"column":26}},"13":{"start":{"line":29,"column":8},"end":{"line":45,"column":38}},"14":{"start":{"line":32,"column":20},"end":{"line":32,"column":21}},"15":{"start":{"line":33,"column":19},"end":{"line":33,"column":34}},"16":{"start":{"line":35,"column":12},"end":{"line":41,"column":13}},"17":{"start":{"line":36,"column":16},"end":{"line":39,"column":17}},"18":{"start":{"line":37,"column":20},"end":{"line":37,"column":42}},"19":{"start":{"line":38,"column":20},"end":{"line":38,"column":48}},"20":{"start":{"line":40,"column":16},"end":{"line":40,"column":19}},"21":{"start":{"line":43,"column":8},"end":{"line":43,"column":19}},"22":{"start":{"line":45,"column":8},"end":{"line":45,"column":38}},"23":{"start":{"line":50,"column":0},"end":{"line":50,"column":23}},"24":{"start":{"line":51,"column":0},"end":{"line":51,"column":26}},"25":{"start":{"line":52,"column":14},"end":{"line":52,"column":25}},"26":{"start":{"line":53,"column":0},"end":{"line":53,"column":16}},"27":{"start":{"line":54,"column":0},"end":{"line":54,"column":15}},"28":{"start":{"line":55,"column":0},"end":{"line":55,"column":16}},"29":{"start":{"line":56,"column":0},"end":{"line":56,"column":17}},"30":{"start":{"line":57,"column":0},"end":{"line":57,"column":16}},"31":{"start":{"line":58,"column":0},"end":{"line":58,"column":17}},"32":{"start":{"line":59,"column":0},"end":{"line":59,"column":16}},"33":{"start":{"line":60,"column":0},"end":{"line":60,"column":16}},"34":{"start":{"line":61,"column":0},"end":{"line":61,"column":16}},"35":{"start":{"line":62,"column":0},"end":{"line":62,"column":32}},"36":{"start":{"line":63,"column":0},"end":{"line":63,"column":14}},"37":{"start":{"line":64,"column":0},"end":{"line":64,"column":28}}},"fnMap":{"0":{"name":"(anonymous_0)","decl":{"start":{"line":5,"column":4},"end":{"line":5,"column":5}},"loc":{"start":{"line":5,"column":18},"end":{"line":8,"column":5}},"line":5},"1":{"name":"(anonymous_1)","decl":{"start":{"line":9,"column":4},"end":{"line":9,"column":5}},"loc":{"start":{"line":9,"column":15},"end":{"line":14,"column":5}},"line":9},"2":{"name":"(anonymous_2)","decl":{"start":{"line":15,"column":4},"end":{"line":15,"column":5}},"loc":{"start":{"line":15,"column":11},"end":{"line":15,"column":31}},"line":15},"3":{"name":"(anonymous_3)","decl":{"start":{"line":17,"column":4},"end":{"line":17,"column":5}},"loc":{"start":{"line":17,"column":10},"end":{"line":21,"column":5}},"line":17},"4":{"name":"(anonymous_4)","decl":{"start":{"line":23,"column":4},"end":{"line":23,"column":5}},"loc":{"start":{"line":23,"column":14},"end":{"line":26,"column":5}},"line":23},"5":{"name":"(anonymous_5)","decl":{"start":{"line":28,"column":4},"end":{"line":28,"column":5}},"loc":{"start":{"line":28,"column":13},"end":{"line":46,"column":5}},"line":28}},"branchMap":{"0":{"loc":{"start":{"line":10,"column":8},"end":{"line":11,"column":52}},"type":"if","locations":[{"start":{"line":10,"column":8},"end":{"line":11,"column":52}},{"start":{"line":10,"column":8},"end":{"line":11,"column":52}}],"line":10},"1":{"loc":{"start":{"line":24,"column":8},"end":{"line":25,"column":26}},"type":"if","locations":[{"start":{"line":24,"column":8},"end":{"line":25,"column":26}},{"start":{"line":24,"column":8},"end":{"line":25,"column":26}}],"line":24},"2":{"loc":{"start":{"line":29,"column":8},"end":{"line":45,"column":38}},"type":"if","locations":[{"start":{"line":29,"column":8},"end":{"line":45,"column":38}},{"start":{"line":29,"column":8},"end":{"line":45,"column":38}}],"line":29},"3":{"loc":{"start":{"line":36,"column":16},"end":{"line":39,"column":17}},"type":"if","locations":[{"start":{"line":36,"column":16},"end":{"line":39,"column":17}},{"start":{"line":36,"column":16},"end":{"line":39,"column":17}}],"line":36}},"s":{"0":3,"1":3,"2":15,"3":0,"4":15,"5":15,"6":0,"7":0,"8":0,"9":0,"10":0,"11":0,"12":0,"13":3,"14":2,"15":2,"16":2,"17":15,"18":2,"19":2,"20":15,"21":2,"22":1,"23":1,"24":1,"25":1,"26":1,"27":1,"28":1,"29":1,"30":1,"31":1,"32":1,"33":1,"34":1,"35":1,"36":1,"37":1},"f":{"0":3,"1":15,"2":0,"3":0,"4":0,"5":3},"b":{"0":[0,15],"1":[0,0],"2":[2,1],"3":[2,13]},"_coverageSchema":"1a1c01bbd47fc00a2c39e90264f33305004495a9","hash":"cf2fb962faa027a011feb2bb0ab269c23cf0d414"}
}
