TN:
SF:Maxstack.js
FN:5,(anonymous_0)
FN:9,(anonymous_1)
FN:15,(anonymous_2)
FN:17,(anonymous_3)
FN:23,(anonymous_4)
FN:28,(anonymous_5)
FNF:6
FNH:3
FNDA:3,(anonymous_0)
FNDA:15,(anonymous_1)
FNDA:0,(anonymous_2)
FNDA:0,(anonymous_3)
FNDA:0,(anonymous_4)
FNDA:3,(anonymous_5)
DA:6,3
DA:7,3
DA:10,15
DA:11,0
DA:12,15
DA:13,15
DA:15,0
DA:18,0
DA:19,0
DA:20,0
DA:24,0
DA:25,0
DA:29,3
DA:32,2
DA:33,2
DA:35,2
DA:36,15
DA:37,2
DA:38,2
DA:40,15
DA:43,2
DA:45,1
DA:50,1
DA:51,1
DA:52,1
DA:53,1
DA:54,1
DA:55,1
DA:56,1
DA:57,1
DA:58,1
DA:59,1
DA:60,1
DA:61,1
DA:62,1
DA:63,1
DA:64,1
LF:37
LH:30
BRDA:10,0,0,0
BRDA:10,0,1,15
BRDA:24,1,0,0
BRDA:24,1,1,0
BRDA:29,2,0,2
BRDA:29,2,1,1
BRDA:36,3,0,2
BRDA:36,3,1,13
BRF:8
BRH:5
end_of_record
