{"/home/noor/ASAC/data-structures-and-algorithms-401/tree-fizz-buzz/fizzbuzz.js": {"path":"/home/noor/ASAC/data-structures-and-algorithms-401/tree-fizz-buzz/fizzbuzz.js","statementMap":{"0":{"start":{"line":6,"column":8},"end":{"line":6,"column":27}},"1":{"start":{"line":7,"column":8},"end":{"line":7,"column":24}},"2":{"start":{"line":8,"column":8},"end":{"line":8,"column":27}},"3":{"start":{"line":15,"column":8},"end":{"line":15,"column":25}},"4":{"start":{"line":19,"column":16},"end":{"line":19,"column":18}},"5":{"start":{"line":21,"column":16},"end":{"line":47,"column":5}},"6":{"start":{"line":22,"column":6},"end":{"line":25,"column":7}},"7":{"start":{"line":24,"column":8},"end":{"line":24,"column":25}},"8":{"start":{"line":27,"column":6},"end":{"line":43,"column":9}},"9":{"start":{"line":29,"column":8},"end":{"line":29,"column":32}},"10":{"start":{"line":30,"column":8},"end":{"line":30,"column":28}},"11":{"start":{"line":33,"column":11},"end":{"line":43,"column":9}},"12":{"start":{"line":34,"column":11},"end":{"line":34,"column":31}},"13":{"start":{"line":35,"column":11},"end":{"line":35,"column":27}},"14":{"start":{"line":37,"column":11},"end":{"line":43,"column":9}},"15":{"start":{"line":38,"column":11},"end":{"line":38,"column":31}},"16":{"start":{"line":39,"column":11},"end":{"line":39,"column":27}},"17":{"start":{"line":42,"column":10},"end":{"line":42,"column":30}},"18":{"start":{"line":45,"column":6},"end":{"line":46,"column":30}},"19":{"start":{"line":46,"column":10},"end":{"line":46,"column":28}},"20":{"start":{"line":49,"column":4},"end":{"line":49,"column":16}},"21":{"start":{"line":50,"column":2},"end":{"line":51,"column":15}},"22":{"start":{"line":51,"column":4},"end":{"line":51,"column":15}},"23":{"start":{"line":61,"column":2},"end":{"line":61,"column":30}}},"fnMap":{"0":{"name":"(anonymous_0)","decl":{"start":{"line":5,"column":4},"end":{"line":5,"column":5}},"loc":{"start":{"line":5,"column":48},"end":{"line":9,"column":5}},"line":5},"1":{"name":"(anonymous_1)","decl":{"start":{"line":14,"column":4},"end":{"line":14,"column":5}},"loc":{"start":{"line":14,"column":27},"end":{"line":16,"column":5}},"line":14},"2":{"name":"(anonymous_2)","decl":{"start":{"line":18,"column":4},"end":{"line":18,"column":5}},"loc":{"start":{"line":18,"column":23},"end":{"line":52,"column":3}},"line":18},"3":{"name":"(anonymous_3)","decl":{"start":{"line":21,"column":16},"end":{"line":21,"column":17}},"loc":{"start":{"line":21,"column":26},"end":{"line":47,"column":5}},"line":21}},"branchMap":{"0":{"loc":{"start":{"line":5,"column":23},"end":{"line":5,"column":34}},"type":"default-arg","locations":[{"start":{"line":5,"column":30},"end":{"line":5,"column":34}}],"line":5},"1":{"loc":{"start":{"line":5,"column":36},"end":{"line":5,"column":46}},"type":"default-arg","locations":[{"start":{"line":5,"column":42},"end":{"line":5,"column":46}}],"line":5},"2":{"loc":{"start":{"line":14,"column":16},"end":{"line":14,"column":25}},"type":"default-arg","locations":[{"start":{"line":14,"column":21},"end":{"line":14,"column":25}}],"line":14},"3":{"loc":{"start":{"line":22,"column":6},"end":{"line":25,"column":7}},"type":"if","locations":[{"start":{"line":22,"column":6},"end":{"line":25,"column":7}},{"start":{"line":22,"column":6},"end":{"line":25,"column":7}}],"line":22},"4":{"loc":{"start":{"line":27,"column":6},"end":{"line":43,"column":9}},"type":"if","locations":[{"start":{"line":27,"column":6},"end":{"line":43,"column":9}},{"start":{"line":27,"column":6},"end":{"line":43,"column":9}}],"line":27},"5":{"loc":{"start":{"line":33,"column":11},"end":{"line":43,"column":9}},"type":"if","locations":[{"start":{"line":33,"column":11},"end":{"line":43,"column":9}},{"start":{"line":33,"column":11},"end":{"line":43,"column":9}}],"line":33},"6":{"loc":{"start":{"line":37,"column":11},"end":{"line":43,"column":9}},"type":"if","locations":[{"start":{"line":37,"column":11},"end":{"line":43,"column":9}},{"start":{"line":37,"column":11},"end":{"line":43,"column":9}}],"line":37},"7":{"loc":{"start":{"line":45,"column":6},"end":{"line":46,"column":30}},"type":"if","locations":[{"start":{"line":45,"column":6},"end":{"line":46,"column":30}},{"start":{"line":45,"column":6},"end":{"line":46,"column":30}}],"line":45},"8":{"loc":{"start":{"line":50,"column":2},"end":{"line":51,"column":15}},"type":"if","locations":[{"start":{"line":50,"column":2},"end":{"line":51,"column":15}},{"start":{"line":50,"column":2},"end":{"line":51,"column":15}}],"line":50}},"s":{"0":0,"1":0,"2":0,"3":1,"4":1,"5":1,"6":9,"7":4,"8":9,"9":1,"10":1,"11":8,"12":2,"13":2,"14":6,"15":2,"16":2,"17":4,"18":9,"19":4,"20":1,"21":1,"22":1,"23":1},"f":{"0":0,"1":1,"2":1,"3":9},"b":{"0":[0],"1":[0],"2":[1],"3":[4,5],"4":[1,8],"5":[2,6],"6":[2,4],"7":[4,5],"8":[1,0]},"_coverageSchema":"1a1c01bbd47fc00a2c39e90264f33305004495a9","hash":"8244eb278a8fa4a8a79da1e4b87e502e60850a85"}
}
