TN:
SF:fizzbuzz.js
FN:5,(anonymous_0)
FN:14,(anonymous_1)
FN:18,(anonymous_2)
FN:21,(anonymous_3)
FNF:4
FNH:3
FNDA:0,(anonymous_0)
FNDA:1,(anonymous_1)
FNDA:1,(anonymous_2)
FNDA:9,(anonymous_3)
DA:6,0
DA:7,0
DA:8,0
DA:15,1
DA:19,1
DA:21,1
DA:22,9
DA:24,4
DA:27,9
DA:29,1
DA:30,1
DA:33,8
DA:34,2
DA:35,2
DA:37,6
DA:38,2
DA:39,2
DA:42,4
DA:45,9
DA:46,4
DA:49,1
DA:50,1
DA:51,1
DA:61,1
LF:24
LH:21
BRDA:5,0,0,0
BRDA:5,1,0,0
BRDA:14,2,0,1
BRDA:22,3,0,4
BRDA:22,3,1,5
BRDA:27,4,0,1
BRDA:27,4,1,8
BRDA:33,5,0,2
BRDA:33,5,1,6
BRDA:37,6,0,2
BRDA:37,6,1,4
BRDA:45,7,0,4
BRDA:45,7,1,5
BRDA:50,8,0,1
BRDA:50,8,1,0
BRF:15
BRH:12
end_of_record
