<?xml version="1.0" encoding="UTF-8"?>
<coverage generated="1630177041897" clover="3.2.0">
  <project timestamp="1630177041897" name="All files">
    <metrics statements="27" coveredstatements="27" conditionals="15" coveredconditionals="15" methods="8" coveredmethods="8" elements="50" coveredelements="50" complexity="0" loc="27" ncloc="27" packages="1" files="2" classes="2"/>
    <file name="BinaryTree.js" path="/home/noor/ASAC/data-structures-and-algorithms-401/trees/BinaryTree.js">
      <metrics statements="23" coveredstatements="23" conditionals="13" coveredconditionals="13" methods="7" coveredmethods="7"/>
      <line num="8" count="2" type="stmt"/>
      <line num="13" count="1" type="stmt"/>
      <line num="14" count="1" type="stmt"/>
      <line num="15" count="9" type="stmt"/>
      <line num="16" count="9" type="cond" truecount="2" falsecount="0"/>
      <line num="17" count="9" type="cond" truecount="2" falsecount="0"/>
      <line num="19" count="1" type="stmt"/>
      <line num="20" count="1" type="stmt"/>
      <line num="25" count="1" type="stmt"/>
      <line num="26" count="1" type="stmt"/>
      <line num="27" count="9" type="cond" truecount="2" falsecount="0"/>
      <line num="28" count="9" type="stmt"/>
      <line num="29" count="9" type="cond" truecount="2" falsecount="0"/>
      <line num="31" count="1" type="stmt"/>
      <line num="32" count="1" type="stmt"/>
      <line num="37" count="1" type="stmt"/>
      <line num="38" count="1" type="stmt"/>
      <line num="39" count="9" type="cond" truecount="2" falsecount="0"/>
      <line num="40" count="9" type="cond" truecount="2" falsecount="0"/>
      <line num="41" count="9" type="stmt"/>
      <line num="43" count="1" type="stmt"/>
      <line num="44" count="1" type="stmt"/>
      <line num="48" count="1" type="stmt"/>
    </file>
    <file name="node.js" path="/home/noor/ASAC/data-structures-and-algorithms-401/trees/node.js">
      <metrics statements="4" coveredstatements="4" conditionals="2" coveredconditionals="2" methods="1" coveredmethods="1"/>
      <line num="6" count="9" type="stmt"/>
      <line num="7" count="9" type="stmt"/>
      <line num="8" count="9" type="stmt"/>
      <line num="12" count="1" type="stmt"/>
    </file>
  </project>
</coverage>
