{"/home/noor/ASAC/data-structures-and-algorithms-401/trees/BinaryTree.js": {"path":"/home/noor/ASAC/data-structures-and-algorithms-401/trees/BinaryTree.js","statementMap":{"0":{"start":{"line":8,"column":8},"end":{"line":8,"column":25}},"1":{"start":{"line":13,"column":21},"end":{"line":13,"column":23}},"2":{"start":{"line":14,"column":23},"end":{"line":18,"column":9}},"3":{"start":{"line":15,"column":12},"end":{"line":15,"column":36}},"4":{"start":{"line":16,"column":12},"end":{"line":16,"column":47}},"5":{"start":{"line":16,"column":27},"end":{"line":16,"column":47}},"6":{"start":{"line":17,"column":12},"end":{"line":17,"column":49}},"7":{"start":{"line":17,"column":28},"end":{"line":17,"column":49}},"8":{"start":{"line":19,"column":8},"end":{"line":19,"column":28}},"9":{"start":{"line":20,"column":8},"end":{"line":20,"column":22}},"10":{"start":{"line":25,"column":21},"end":{"line":25,"column":23}},"11":{"start":{"line":26,"column":23},"end":{"line":30,"column":9}},"12":{"start":{"line":27,"column":12},"end":{"line":27,"column":47}},"13":{"start":{"line":27,"column":27},"end":{"line":27,"column":47}},"14":{"start":{"line":28,"column":12},"end":{"line":28,"column":36}},"15":{"start":{"line":29,"column":12},"end":{"line":29,"column":49}},"16":{"start":{"line":29,"column":28},"end":{"line":29,"column":49}},"17":{"start":{"line":31,"column":8},"end":{"line":31,"column":28}},"18":{"start":{"line":32,"column":8},"end":{"line":32,"column":22}},"19":{"start":{"line":37,"column":21},"end":{"line":37,"column":23}},"20":{"start":{"line":38,"column":23},"end":{"line":42,"column":9}},"21":{"start":{"line":39,"column":12},"end":{"line":39,"column":47}},"22":{"start":{"line":39,"column":27},"end":{"line":39,"column":47}},"23":{"start":{"line":40,"column":12},"end":{"line":40,"column":49}},"24":{"start":{"line":40,"column":28},"end":{"line":40,"column":49}},"25":{"start":{"line":41,"column":12},"end":{"line":41,"column":36}},"26":{"start":{"line":43,"column":8},"end":{"line":43,"column":28}},"27":{"start":{"line":44,"column":8},"end":{"line":44,"column":22}},"28":{"start":{"line":48,"column":0},"end":{"line":48,"column":28}}},"fnMap":{"0":{"name":"(anonymous_0)","decl":{"start":{"line":7,"column":4},"end":{"line":7,"column":5}},"loc":{"start":{"line":7,"column":27},"end":{"line":9,"column":5}},"line":7},"1":{"name":"(anonymous_1)","decl":{"start":{"line":12,"column":4},"end":{"line":12,"column":5}},"loc":{"start":{"line":12,"column":15},"end":{"line":21,"column":5}},"line":12},"2":{"name":"(anonymous_2)","decl":{"start":{"line":14,"column":23},"end":{"line":14,"column":24}},"loc":{"start":{"line":14,"column":33},"end":{"line":18,"column":9}},"line":14},"3":{"name":"(anonymous_3)","decl":{"start":{"line":24,"column":4},"end":{"line":24,"column":5}},"loc":{"start":{"line":24,"column":14},"end":{"line":33,"column":5}},"line":24},"4":{"name":"(anonymous_4)","decl":{"start":{"line":26,"column":23},"end":{"line":26,"column":24}},"loc":{"start":{"line":26,"column":33},"end":{"line":30,"column":9}},"line":26},"5":{"name":"(anonymous_5)","decl":{"start":{"line":36,"column":4},"end":{"line":36,"column":5}},"loc":{"start":{"line":36,"column":16},"end":{"line":45,"column":5}},"line":36},"6":{"name":"(anonymous_6)","decl":{"start":{"line":38,"column":23},"end":{"line":38,"column":24}},"loc":{"start":{"line":38,"column":33},"end":{"line":42,"column":9}},"line":38}},"branchMap":{"0":{"loc":{"start":{"line":7,"column":16},"end":{"line":7,"column":25}},"type":"default-arg","locations":[{"start":{"line":7,"column":21},"end":{"line":7,"column":25}}],"line":7},"1":{"loc":{"start":{"line":16,"column":12},"end":{"line":16,"column":47}},"type":"if","locations":[{"start":{"line":16,"column":12},"end":{"line":16,"column":47}},{"start":{"line":16,"column":12},"end":{"line":16,"column":47}}],"line":16},"2":{"loc":{"start":{"line":17,"column":12},"end":{"line":17,"column":49}},"type":"if","locations":[{"start":{"line":17,"column":12},"end":{"line":17,"column":49}},{"start":{"line":17,"column":12},"end":{"line":17,"column":49}}],"line":17},"3":{"loc":{"start":{"line":27,"column":12},"end":{"line":27,"column":47}},"type":"if","locations":[{"start":{"line":27,"column":12},"end":{"line":27,"column":47}},{"start":{"line":27,"column":12},"end":{"line":27,"column":47}}],"line":27},"4":{"loc":{"start":{"line":29,"column":12},"end":{"line":29,"column":49}},"type":"if","locations":[{"start":{"line":29,"column":12},"end":{"line":29,"column":49}},{"start":{"line":29,"column":12},"end":{"line":29,"column":49}}],"line":29},"5":{"loc":{"start":{"line":39,"column":12},"end":{"line":39,"column":47}},"type":"if","locations":[{"start":{"line":39,"column":12},"end":{"line":39,"column":47}},{"start":{"line":39,"column":12},"end":{"line":39,"column":47}}],"line":39},"6":{"loc":{"start":{"line":40,"column":12},"end":{"line":40,"column":49}},"type":"if","locations":[{"start":{"line":40,"column":12},"end":{"line":40,"column":49}},{"start":{"line":40,"column":12},"end":{"line":40,"column":49}}],"line":40}},"s":{"0":2,"1":1,"2":1,"3":9,"4":9,"5":4,"6":9,"7":4,"8":1,"9":1,"10":1,"11":1,"12":9,"13":4,"14":9,"15":9,"16":4,"17":1,"18":1,"19":1,"20":1,"21":9,"22":4,"23":9,"24":4,"25":9,"26":1,"27":1,"28":1},"f":{"0":2,"1":1,"2":9,"3":1,"4":9,"5":1,"6":9},"b":{"0":[1],"1":[4,5],"2":[4,5],"3":[4,5],"4":[4,5],"5":[4,5],"6":[4,5]},"_coverageSchema":"1a1c01bbd47fc00a2c39e90264f33305004495a9","hash":"27d17e674f123fc5b6b9a3292bb06c7db2cd1c6e"}
,"/home/noor/ASAC/data-structures-and-algorithms-401/trees/node.js": {"path":"/home/noor/ASAC/data-structures-and-algorithms-401/trees/node.js","statementMap":{"0":{"start":{"line":6,"column":8},"end":{"line":6,"column":27}},"1":{"start":{"line":7,"column":8},"end":{"line":7,"column":24}},"2":{"start":{"line":8,"column":8},"end":{"line":8,"column":27}},"3":{"start":{"line":12,"column":0},"end":{"line":12,"column":22}}},"fnMap":{"0":{"name":"(anonymous_0)","decl":{"start":{"line":5,"column":4},"end":{"line":5,"column":5}},"loc":{"start":{"line":5,"column":48},"end":{"line":9,"column":5}},"line":5}},"branchMap":{"0":{"loc":{"start":{"line":5,"column":23},"end":{"line":5,"column":34}},"type":"default-arg","locations":[{"start":{"line":5,"column":30},"end":{"line":5,"column":34}}],"line":5},"1":{"loc":{"start":{"line":5,"column":36},"end":{"line":5,"column":46}},"type":"default-arg","locations":[{"start":{"line":5,"column":42},"end":{"line":5,"column":46}}],"line":5}},"s":{"0":9,"1":9,"2":9,"3":1},"f":{"0":9},"b":{"0":[9],"1":[9]},"_coverageSchema":"1a1c01bbd47fc00a2c39e90264f33305004495a9","hash":"3ae088b1bd8ef095338786036337c5833d70e168"}
}
