{"/home/noor/ASAC/data-structures-and-algorithms-401/trees/BinarySearchTree.js": {"path":"/home/noor/ASAC/data-structures-and-algorithms-401/trees/BinarySearchTree.js","statementMap":{"0":{"start":{"line":3,"column":12},"end":{"line":3,"column":29}},"1":{"start":{"line":7,"column":8},"end":{"line":7,"column":25}},"2":{"start":{"line":15,"column":1},"end":{"line":33,"column":6}},"3":{"start":{"line":16,"column":5},"end":{"line":16,"column":29}},"4":{"start":{"line":19,"column":18},"end":{"line":19,"column":27}},"5":{"start":{"line":20,"column":23},"end":{"line":31,"column":10}},"6":{"start":{"line":21,"column":9},"end":{"line":29,"column":10}},"7":{"start":{"line":22,"column":12},"end":{"line":22,"column":35}},"8":{"start":{"line":23,"column":15},"end":{"line":29,"column":10}},"9":{"start":{"line":24,"column":11},"end":{"line":24,"column":35}},"10":{"start":{"line":25,"column":15},"end":{"line":29,"column":10}},"11":{"start":{"line":26,"column":12},"end":{"line":26,"column":36}},"12":{"start":{"line":27,"column":15},"end":{"line":29,"column":10}},"13":{"start":{"line":28,"column":0},"end":{"line":28,"column":25}},"14":{"start":{"line":32,"column":9},"end":{"line":32,"column":34}},"15":{"start":{"line":37,"column":8},"end":{"line":37,"column":17}},"16":{"start":{"line":38,"column":0},"end":{"line":48,"column":1}},"17":{"start":{"line":39,"column":4},"end":{"line":41,"column":5}},"18":{"start":{"line":40,"column":8},"end":{"line":40,"column":20}},"19":{"start":{"line":42,"column":4},"end":{"line":46,"column":5}},"20":{"start":{"line":43,"column":8},"end":{"line":43,"column":21}},"21":{"start":{"line":45,"column":8},"end":{"line":45,"column":22}},"22":{"start":{"line":49,"column":0},"end":{"line":49,"column":13}},"23":{"start":{"line":61,"column":9},"end":{"line":61,"column":31}},"24":{"start":{"line":71,"column":0},"end":{"line":71,"column":17}},"25":{"start":{"line":73,"column":0},"end":{"line":73,"column":16}},"26":{"start":{"line":74,"column":0},"end":{"line":74,"column":18}},"27":{"start":{"line":75,"column":0},"end":{"line":75,"column":17}},"28":{"start":{"line":76,"column":0},"end":{"line":76,"column":17}},"29":{"start":{"line":77,"column":0},"end":{"line":77,"column":16}},"30":{"start":{"line":83,"column":0},"end":{"line":83,"column":34}}},"fnMap":{"0":{"name":"(anonymous_0)","decl":{"start":{"line":6,"column":4},"end":{"line":6,"column":5}},"loc":{"start":{"line":6,"column":26},"end":{"line":8,"column":5}},"line":6},"1":{"name":"(anonymous_1)","decl":{"start":{"line":14,"column":0},"end":{"line":14,"column":1}},"loc":{"start":{"line":14,"column":8},"end":{"line":34,"column":2}},"line":14},"2":{"name":"(anonymous_2)","decl":{"start":{"line":20,"column":23},"end":{"line":20,"column":24}},"loc":{"start":{"line":20,"column":29},"end":{"line":31,"column":10}},"line":20},"3":{"name":"(anonymous_3)","decl":{"start":{"line":36,"column":1},"end":{"line":36,"column":2}},"loc":{"start":{"line":36,"column":16},"end":{"line":50,"column":2}},"line":36}},"branchMap":{"0":{"loc":{"start":{"line":6,"column":16},"end":{"line":6,"column":25}},"type":"default-arg","locations":[{"start":{"line":6,"column":21},"end":{"line":6,"column":25}}],"line":6},"1":{"loc":{"start":{"line":15,"column":1},"end":{"line":33,"column":6}},"type":"if","locations":[{"start":{"line":15,"column":1},"end":{"line":33,"column":6}},{"start":{"line":15,"column":1},"end":{"line":33,"column":6}}],"line":15},"2":{"loc":{"start":{"line":21,"column":9},"end":{"line":29,"column":10}},"type":"if","locations":[{"start":{"line":21,"column":9},"end":{"line":29,"column":10}},{"start":{"line":21,"column":9},"end":{"line":29,"column":10}}],"line":21},"3":{"loc":{"start":{"line":21,"column":12},"end":{"line":21,"column":39}},"type":"binary-expr","locations":[{"start":{"line":21,"column":12},"end":{"line":21,"column":26}},{"start":{"line":21,"column":30},"end":{"line":21,"column":39}}],"line":21},"4":{"loc":{"start":{"line":23,"column":15},"end":{"line":29,"column":10}},"type":"if","locations":[{"start":{"line":23,"column":15},"end":{"line":29,"column":10}},{"start":{"line":23,"column":15},"end":{"line":29,"column":10}}],"line":23},"5":{"loc":{"start":{"line":25,"column":15},"end":{"line":29,"column":10}},"type":"if","locations":[{"start":{"line":25,"column":15},"end":{"line":29,"column":10}},{"start":{"line":25,"column":15},"end":{"line":29,"column":10}}],"line":25},"6":{"loc":{"start":{"line":25,"column":18},"end":{"line":25,"column":44}},"type":"binary-expr","locations":[{"start":{"line":25,"column":18},"end":{"line":25,"column":32}},{"start":{"line":25,"column":34},"end":{"line":25,"column":44}}],"line":25},"7":{"loc":{"start":{"line":27,"column":15},"end":{"line":29,"column":10}},"type":"if","locations":[{"start":{"line":27,"column":15},"end":{"line":29,"column":10}},{"start":{"line":27,"column":15},"end":{"line":29,"column":10}}],"line":27},"8":{"loc":{"start":{"line":39,"column":4},"end":{"line":41,"column":5}},"type":"if","locations":[{"start":{"line":39,"column":4},"end":{"line":41,"column":5}},{"start":{"line":39,"column":4},"end":{"line":41,"column":5}}],"line":39},"9":{"loc":{"start":{"line":42,"column":4},"end":{"line":46,"column":5}},"type":"if","locations":[{"start":{"line":42,"column":4},"end":{"line":46,"column":5}},{"start":{"line":42,"column":4},"end":{"line":46,"column":5}}],"line":42}},"s":{"0":1,"1":4,"2":4,"3":2,"4":2,"5":2,"6":2,"7":0,"8":2,"9":1,"10":1,"11":0,"12":1,"13":1,"14":2,"15":5,"16":5,"17":0,"18":0,"19":0,"20":0,"21":0,"22":5,"23":1,"24":1,"25":1,"26":1,"27":1,"28":1,"29":1,"30":1},"f":{"0":4,"1":4,"2":2,"3":5},"b":{"0":[4],"1":[2,2],"2":[0,2],"3":[2,1],"4":[1,1],"5":[0,1],"6":[1,0],"7":[1,0],"8":[0,0],"9":[0,0]},"_coverageSchema":"1a1c01bbd47fc00a2c39e90264f33305004495a9","hash":"40d76322e167bde5fcba2cce8a4055e071f75ed6"}
,"/home/noor/ASAC/data-structures-and-algorithms-401/trees/BinaryTree.js": {"path":"/home/noor/ASAC/data-structures-and-algorithms-401/trees/BinaryTree.js","statementMap":{"0":{"start":{"line":2,"column":12},"end":{"line":2,"column":29}},"1":{"start":{"line":8,"column":8},"end":{"line":8,"column":25}},"2":{"start":{"line":13,"column":21},"end":{"line":13,"column":23}},"3":{"start":{"line":14,"column":23},"end":{"line":18,"column":9}},"4":{"start":{"line":15,"column":12},"end":{"line":15,"column":36}},"5":{"start":{"line":16,"column":12},"end":{"line":16,"column":47}},"6":{"start":{"line":16,"column":27},"end":{"line":16,"column":47}},"7":{"start":{"line":17,"column":12},"end":{"line":17,"column":49}},"8":{"start":{"line":17,"column":28},"end":{"line":17,"column":49}},"9":{"start":{"line":19,"column":8},"end":{"line":19,"column":28}},"10":{"start":{"line":20,"column":8},"end":{"line":20,"column":22}},"11":{"start":{"line":25,"column":21},"end":{"line":25,"column":23}},"12":{"start":{"line":26,"column":23},"end":{"line":30,"column":9}},"13":{"start":{"line":27,"column":12},"end":{"line":27,"column":47}},"14":{"start":{"line":27,"column":27},"end":{"line":27,"column":47}},"15":{"start":{"line":28,"column":12},"end":{"line":28,"column":36}},"16":{"start":{"line":29,"column":12},"end":{"line":29,"column":49}},"17":{"start":{"line":29,"column":28},"end":{"line":29,"column":49}},"18":{"start":{"line":31,"column":8},"end":{"line":31,"column":28}},"19":{"start":{"line":32,"column":8},"end":{"line":32,"column":22}},"20":{"start":{"line":37,"column":21},"end":{"line":37,"column":23}},"21":{"start":{"line":38,"column":23},"end":{"line":42,"column":9}},"22":{"start":{"line":39,"column":12},"end":{"line":39,"column":47}},"23":{"start":{"line":39,"column":27},"end":{"line":39,"column":47}},"24":{"start":{"line":40,"column":12},"end":{"line":40,"column":49}},"25":{"start":{"line":40,"column":28},"end":{"line":40,"column":49}},"26":{"start":{"line":41,"column":12},"end":{"line":41,"column":36}},"27":{"start":{"line":43,"column":8},"end":{"line":43,"column":28}},"28":{"start":{"line":44,"column":8},"end":{"line":44,"column":22}},"29":{"start":{"line":59,"column":19},"end":{"line":75,"column":1}},"30":{"start":{"line":60,"column":23},"end":{"line":60,"column":29}},"31":{"start":{"line":61,"column":12},"end":{"line":61,"column":14}},"32":{"start":{"line":62,"column":4},"end":{"line":73,"column":5}},"33":{"start":{"line":63,"column":17},"end":{"line":63,"column":37}},"34":{"start":{"line":65,"column":8},"end":{"line":65,"column":31}},"35":{"start":{"line":66,"column":8},"end":{"line":66,"column":29}},"36":{"start":{"line":67,"column":8},"end":{"line":69,"column":9}},"37":{"start":{"line":68,"column":12},"end":{"line":68,"column":41}},"38":{"start":{"line":70,"column":8},"end":{"line":72,"column":9}},"39":{"start":{"line":71,"column":12},"end":{"line":71,"column":42}},"40":{"start":{"line":74,"column":4},"end":{"line":74,"column":15}},"41":{"start":{"line":80,"column":0},"end":{"line":80,"column":43}}},"fnMap":{"0":{"name":"(anonymous_0)","decl":{"start":{"line":7,"column":4},"end":{"line":7,"column":5}},"loc":{"start":{"line":7,"column":27},"end":{"line":9,"column":5}},"line":7},"1":{"name":"(anonymous_1)","decl":{"start":{"line":12,"column":4},"end":{"line":12,"column":5}},"loc":{"start":{"line":12,"column":15},"end":{"line":21,"column":5}},"line":12},"2":{"name":"(anonymous_2)","decl":{"start":{"line":14,"column":23},"end":{"line":14,"column":24}},"loc":{"start":{"line":14,"column":33},"end":{"line":18,"column":9}},"line":14},"3":{"name":"(anonymous_3)","decl":{"start":{"line":24,"column":4},"end":{"line":24,"column":5}},"loc":{"start":{"line":24,"column":14},"end":{"line":33,"column":5}},"line":24},"4":{"name":"(anonymous_4)","decl":{"start":{"line":26,"column":23},"end":{"line":26,"column":24}},"loc":{"start":{"line":26,"column":33},"end":{"line":30,"column":9}},"line":26},"5":{"name":"(anonymous_5)","decl":{"start":{"line":36,"column":4},"end":{"line":36,"column":5}},"loc":{"start":{"line":36,"column":16},"end":{"line":45,"column":5}},"line":36},"6":{"name":"(anonymous_6)","decl":{"start":{"line":38,"column":23},"end":{"line":38,"column":24}},"loc":{"start":{"line":38,"column":33},"end":{"line":42,"column":9}},"line":38},"7":{"name":"(anonymous_7)","decl":{"start":{"line":59,"column":19},"end":{"line":59,"column":20}},"loc":{"start":{"line":59,"column":27},"end":{"line":75,"column":1}},"line":59}},"branchMap":{"0":{"loc":{"start":{"line":7,"column":16},"end":{"line":7,"column":25}},"type":"default-arg","locations":[{"start":{"line":7,"column":21},"end":{"line":7,"column":25}}],"line":7},"1":{"loc":{"start":{"line":16,"column":12},"end":{"line":16,"column":47}},"type":"if","locations":[{"start":{"line":16,"column":12},"end":{"line":16,"column":47}},{"start":{"line":16,"column":12},"end":{"line":16,"column":47}}],"line":16},"2":{"loc":{"start":{"line":17,"column":12},"end":{"line":17,"column":49}},"type":"if","locations":[{"start":{"line":17,"column":12},"end":{"line":17,"column":49}},{"start":{"line":17,"column":12},"end":{"line":17,"column":49}}],"line":17},"3":{"loc":{"start":{"line":27,"column":12},"end":{"line":27,"column":47}},"type":"if","locations":[{"start":{"line":27,"column":12},"end":{"line":27,"column":47}},{"start":{"line":27,"column":12},"end":{"line":27,"column":47}}],"line":27},"4":{"loc":{"start":{"line":29,"column":12},"end":{"line":29,"column":49}},"type":"if","locations":[{"start":{"line":29,"column":12},"end":{"line":29,"column":49}},{"start":{"line":29,"column":12},"end":{"line":29,"column":49}}],"line":29},"5":{"loc":{"start":{"line":39,"column":12},"end":{"line":39,"column":47}},"type":"if","locations":[{"start":{"line":39,"column":12},"end":{"line":39,"column":47}},{"start":{"line":39,"column":12},"end":{"line":39,"column":47}}],"line":39},"6":{"loc":{"start":{"line":40,"column":12},"end":{"line":40,"column":49}},"type":"if","locations":[{"start":{"line":40,"column":12},"end":{"line":40,"column":49}},{"start":{"line":40,"column":12},"end":{"line":40,"column":49}}],"line":40},"7":{"loc":{"start":{"line":67,"column":8},"end":{"line":69,"column":9}},"type":"if","locations":[{"start":{"line":67,"column":8},"end":{"line":69,"column":9}},{"start":{"line":67,"column":8},"end":{"line":69,"column":9}}],"line":67},"8":{"loc":{"start":{"line":70,"column":8},"end":{"line":72,"column":9}},"type":"if","locations":[{"start":{"line":70,"column":8},"end":{"line":72,"column":9}},{"start":{"line":70,"column":8},"end":{"line":72,"column":9}}],"line":70}},"s":{"0":2,"1":2,"2":1,"3":1,"4":9,"5":9,"6":4,"7":9,"8":4,"9":1,"10":1,"11":1,"12":1,"13":9,"14":4,"15":9,"16":9,"17":4,"18":1,"19":1,"20":1,"21":1,"22":9,"23":4,"24":9,"25":4,"26":9,"27":1,"28":1,"29":2,"30":1,"31":1,"32":1,"33":9,"34":9,"35":9,"36":9,"37":4,"38":9,"39":4,"40":1,"41":2},"f":{"0":2,"1":1,"2":9,"3":1,"4":9,"5":1,"6":9,"7":1},"b":{"0":[1],"1":[4,5],"2":[4,5],"3":[4,5],"4":[4,5],"5":[4,5],"6":[4,5],"7":[4,5],"8":[4,5]},"_coverageSchema":"1a1c01bbd47fc00a2c39e90264f33305004495a9","hash":"73cb60d1c82e1d85e8045e2c279faa359f4d315a"}
,"/home/noor/ASAC/data-structures-and-algorithms-401/trees/node.js": {"path":"/home/noor/ASAC/data-structures-and-algorithms-401/trees/node.js","statementMap":{"0":{"start":{"line":6,"column":8},"end":{"line":6,"column":27}},"1":{"start":{"line":7,"column":8},"end":{"line":7,"column":24}},"2":{"start":{"line":8,"column":8},"end":{"line":8,"column":27}},"3":{"start":{"line":12,"column":0},"end":{"line":12,"column":22}}},"fnMap":{"0":{"name":"(anonymous_0)","decl":{"start":{"line":5,"column":4},"end":{"line":5,"column":5}},"loc":{"start":{"line":5,"column":48},"end":{"line":9,"column":5}},"line":5}},"branchMap":{"0":{"loc":{"start":{"line":5,"column":23},"end":{"line":5,"column":34}},"type":"default-arg","locations":[{"start":{"line":5,"column":30},"end":{"line":5,"column":34}}],"line":5},"1":{"loc":{"start":{"line":5,"column":36},"end":{"line":5,"column":46}},"type":"default-arg","locations":[{"start":{"line":5,"column":42},"end":{"line":5,"column":46}}],"line":5}},"s":{"0":22,"1":22,"2":22,"3":3},"f":{"0":22},"b":{"0":[22],"1":[22]},"_coverageSchema":"1a1c01bbd47fc00a2c39e90264f33305004495a9","hash":"3ae088b1bd8ef095338786036337c5833d70e168"}
}
