TN:
SF:BinaryTree.js
FN:7,(anonymous_0)
FN:12,(anonymous_1)
FN:14,(anonymous_2)
FN:24,(anonymous_3)
FN:26,(anonymous_4)
FN:36,(anonymous_5)
FN:38,(anonymous_6)
FNF:7
FNH:7
FNDA:2,(anonymous_0)
FNDA:1,(anonymous_1)
FNDA:9,(anonymous_2)
FNDA:1,(anonymous_3)
FNDA:9,(anonymous_4)
FNDA:1,(anonymous_5)
FNDA:9,(anonymous_6)
DA:8,2
DA:13,1
DA:14,1
DA:15,9
DA:16,9
DA:17,9
DA:19,1
DA:20,1
DA:25,1
DA:26,1
DA:27,9
DA:28,9
DA:29,9
DA:31,1
DA:32,1
DA:37,1
DA:38,1
DA:39,9
DA:40,9
DA:41,9
DA:43,1
DA:44,1
DA:48,1
LF:23
LH:23
BRDA:7,0,0,1
BRDA:16,1,0,4
BRDA:16,1,1,5
BRDA:17,2,0,4
BRDA:17,2,1,5
BRDA:27,3,0,4
BRDA:27,3,1,5
BRDA:29,4,0,4
BRDA:29,4,1,5
BRDA:39,5,0,4
BRDA:39,5,1,5
BRDA:40,6,0,4
BRDA:40,6,1,5
BRF:13
BRH:13
end_of_record
TN:
SF:node.js
FN:5,(anonymous_0)
FNF:1
FNH:1
FNDA:9,(anonymous_0)
DA:6,9
DA:7,9
DA:8,9
DA:12,1
LF:4
LH:4
BRDA:5,0,0,9
BRDA:5,1,0,9
BRF:2
BRH:2
end_of_record
