TN:
SF:BinarySearchTree.js
FN:6,(anonymous_0)
FN:14,(anonymous_1)
FN:20,(anonymous_2)
FN:36,(anonymous_3)
FNF:4
FNH:4
FNDA:4,(anonymous_0)
FNDA:4,(anonymous_1)
FNDA:2,(anonymous_2)
FNDA:5,(anonymous_3)
DA:3,1
DA:7,4
DA:15,4
DA:16,2
DA:19,2
DA:20,2
DA:21,2
DA:22,0
DA:23,2
DA:24,1
DA:25,1
DA:26,0
DA:27,1
DA:28,1
DA:32,2
DA:37,5
DA:38,5
DA:39,0
DA:40,0
DA:42,0
DA:43,0
DA:45,0
DA:49,5
DA:61,1
DA:71,1
DA:73,1
DA:74,1
DA:75,1
DA:76,1
DA:77,1
DA:83,1
LF:31
LH:24
BRDA:6,0,0,4
BRDA:15,1,0,2
BRDA:15,1,1,2
BRDA:21,2,0,0
BRDA:21,2,1,2
BRDA:21,3,0,2
BRDA:21,3,1,1
BRDA:23,4,0,1
BRDA:23,4,1,1
BRDA:25,5,0,0
BRDA:25,5,1,1
BRDA:25,6,0,1
BRDA:25,6,1,0
BRDA:27,7,0,1
BRDA:27,7,1,0
BRDA:39,8,0,0
BRDA:39,8,1,0
BRDA:42,9,0,0
BRDA:42,9,1,0
BRF:19
BRH:11
end_of_record
TN:
SF:BinaryTree.js
FN:7,(anonymous_0)
FN:12,(anonymous_1)
FN:14,(anonymous_2)
FN:24,(anonymous_3)
FN:26,(anonymous_4)
FN:36,(anonymous_5)
FN:38,(anonymous_6)
FNF:7
FNH:7
FNDA:2,(anonymous_0)
FNDA:1,(anonymous_1)
FNDA:9,(anonymous_2)
FNDA:1,(anonymous_3)
FNDA:9,(anonymous_4)
FNDA:1,(anonymous_5)
FNDA:9,(anonymous_6)
DA:8,2
DA:13,1
DA:14,1
DA:15,9
DA:16,9
DA:17,9
DA:19,1
DA:20,1
DA:25,1
DA:26,1
DA:27,9
DA:28,9
DA:29,9
DA:31,1
DA:32,1
DA:37,1
DA:38,1
DA:39,9
DA:40,9
DA:41,9
DA:43,1
DA:44,1
DA:48,1
LF:23
LH:23
BRDA:7,0,0,1
BRDA:16,1,0,4
BRDA:16,1,1,5
BRDA:17,2,0,4
BRDA:17,2,1,5
BRDA:27,3,0,4
BRDA:27,3,1,5
BRDA:29,4,0,4
BRDA:29,4,1,5
BRDA:39,5,0,4
BRDA:39,5,1,5
BRDA:40,6,0,4
BRDA:40,6,1,5
BRF:13
BRH:13
end_of_record
TN:
SF:node.js
FN:5,(anonymous_0)
FNF:1
FNH:1
FNDA:13,(anonymous_0)
DA:6,13
DA:7,13
DA:8,13
DA:12,2
LF:4
LH:4
BRDA:5,0,0,13
BRDA:5,1,0,13
BRF:2
BRH:2
end_of_record
